8 [139999524095936] INFO perfrun.launcher <> - Launcher main begin
8 [139999524095936] INFO perfrun.launcher <> - MessageCatalogInit finished
8 [139999524095936] INFO perfrun.launcher <> - Launcher instance created
8 [139999524095936] INFO perfrun.launcher <> - argc = 6; cmdline = /opt/intel/oneapi/advisor/2023.2.0/bin64/advixe-runss -dump-vdso -r /home/stud/S4951409/Desktop/MPI_ass/advisor/mpi_ass/e000/hs055 --tmp-dir /tmp/advixe-tmp-S4951409 
32 [139999524095936] INFO perfrun.launcher <> - create msngr2::ICliToolContext
32 [139999524095936] INFO perfrun.launcher <> - create file finder object
51 [139999381022464] INFO perfrun.launcher <> - plugin [remoteplug] was disabled because it doesn't support the given collection type.
51 [139999381022464] INFO perfrun.launcher <> - plugin [system] was disabled because it doesn't support the given collection type.
51 [139999381022464] INFO perfrun.vdso <> - dumping [vdso] pseudomodule
52 [139999381022464] INFO perfrun.launcher <> - plugin [itt] was disabled because it doesn't support the given collection type.
52 [139999381022464] INFO perfrun.launcher <> - plugin [] was disabled because it doesn't support the given collection type.
52 [139999381022464] INFO perfrun.launcher <> - plugin [gpu] was disabled because it doesn't support the given collection type.
52 [139999381022464] INFO perfrun.launcher <> - plugin [] was disabled because it doesn't support the given collection type.
52 [139999381022464] INFO perfrun.launcher <> - plugin [] was disabled because it doesn't support the given collection type.
52 [139999381022464] INFO perfrun.launcher <> - plugin [] was disabled because it doesn't support the given collection type.
52 [139999381022464] INFO perfrun.launcher <> - plugin [mrte] was disabled because it doesn't support the given collection type.
52 [139999381022464] INFO perfrun.launcher <> - plugin [] was disabled because it doesn't support the given collection type.
52 [139999381022464] INFO perfrun.launcher <> - plugin [] was disabled because it doesn't support the given collection type.
52 [139999381022464] INFO perfrun.launcher <> - plugin [] was disabled because it doesn't support the given collection type.
52 [139999381022464] INFO perfrun.launcher <> - plugin [] was disabled because it doesn't support the given collection type.
52 [139999381022464] INFO perfrun.launcher <> - plugin [] was disabled because it doesn't support the given collection type.
52 [139999381022464] INFO perfrun.launcher <> - plugin [] was disabled because it doesn't support the given collection type.
52 [139999381022464] INFO perfrun.launcher <> - plugin [] was disabled because it doesn't support the given collection type.
52 [139999381022464] INFO perfrun.launcher <> - plugin [tpss] was disabled because it doesn't support the given collection type.
52 [139999381022464] INFO perfrun.launcher <> - plugin [] was disabled because it doesn't support the given collection type.
52 [139999381022464] INFO perfrun.launcher <> - plugin [] was disabled because it doesn't support the given collection type.
52 [139999381022464] INFO perfrun.launcher <> - plugin [] was disabled because it doesn't support the given collection type.
52 [139999381022464] INFO perfrun.launcher <> - plugin [] was disabled because it doesn't support the given collection type.
52 [139999381022464] INFO perfrun.launcher <> - plugin [] was disabled because it doesn't support the given collection type.
52 [139999381022464] INFO perfrun.launcher <> - plugin [] was disabled because it doesn't support the given collection type.
52 [139999381022464] INFO perfrun.launcher <> - plugin [] was disabled because it doesn't support the given collection type.
52 [139999381022464] INFO perfrun.launcher <> - plugin [] was disabled because it doesn't support the given collection type.
52 [139999381022464] INFO perfrun.launcher <> - plugin [] was disabled because it doesn't support the given collection type.
52 [139999524095936] INFO perfrun.launcher <> - Application exit code: 0
52 [139999524095936] INFO perfrun.launcher <> - Exit code: 0
