8 [140589360641984] INFO perfrun.launcher <> - Launcher main begin
9 [140589360641984] INFO perfrun.launcher <> - MessageCatalogInit finished
9 [140589360641984] INFO perfrun.launcher <> - Launcher instance created
9 [140589360641984] INFO perfrun.launcher <> - argc = 7; cmdline = /opt/intel/oneapi/advisor/2023.2.0/bin64/advixe-runss --ui-output-format xml --ui-output-fd 59 --option-file /home/stud/S4951409/Desktop/MPI_ass/advisor/mpi_ass/e000/hs055/config/runss.options 
32 [140589360641984] INFO perfrun.launcher <> - create msngr2::ICliToolContext
33 [140589360641984] INFO perfrun.launcher <> - create file finder object
33 [140589360641984] INFO perfrun.launcher <> - create a result directory: pattern = /home/stud/S4951409/Desktop/MPI_ass/advisor/mpi_ass/e000/hs055 pid = 4294967295
35 [140589360641984] INFO perfrun.sdk <> - checked that the directory /home/stud/S4951409/Desktop/MPI_ass/advisor/mpi_ass/e000/hs055 is a local directory
35 [140589360641984] INFO perfrun.sdk <> - the directory /home/stud/S4951409/Desktop/MPI_ass/advisor/mpi_ass/e000/hs055 is a local directory with FS type ID 61267
35 [140589360641984] INFO perfrun.launcher <> - create data directory = /home/stud/S4951409/Desktop/MPI_ass/advisor/mpi_ass/e000/hs055/data.0
35 [140589360641984] INFO perfrun.launcher <> - Creating the master collection flag
36 [140589360641984] INFO perfrun.launcher <> - Done creating the master collection flag
57 [140589213411072] INFO perfrun.launcher <> - plugin [remoteplug] was disabled because it doesn't support the given collection type.
57 [140589213411072] INFO perfrun.sdk <> - Allocating TMU :/home/stud/S4951409/Desktop/MPI_ass/advisor/mpi_ass/e000/hs055/data.0/systemcollector-72496-sw216.sc
57 [140589213411072] INFO perfrun.launcher <> - plugin [] was disabled because it doesn't support the given collection type.
57 [140589213411072] INFO perfrun.launcher <> - plugin [gpu] was disabled because it doesn't support the given collection type.
58 [140589213411072] INFO perfrun.launcher <> - plugin [] was disabled because it doesn't support the given collection type.
58 [140589213411072] INFO perfrun.launcher <> - plugin [] was disabled because it doesn't support the given collection type.
58 [140589213411072] INFO perfrun.launcher <> - plugin [] was disabled because it doesn't support the given collection type.
58 [140589213411072] INFO perfrun.mrte <> - system-wide mode is 0
58 [140589213411072] INFO perfrun.mrte <> - Getting  mrte profiling environment ...
61 [140589213411072] INFO perfrun.mrte <> - INTEL_MRTE_DATA_DIR=/home/stud/S4951409/Desktop/MPI_ass/advisor/mpi_ass/e000/hs055/data.0
61 [140589213411072] INFO perfrun.mrte <> - INTEL_MRTE_HOST_NAME=sw216
61 [140589213411072] INFO perfrun.mrte <> - JAVA_TOOL_OPTIONS=-agentlib:advixe_tpssmrte_javaprof_1.0 -Dsun.boot.library.path=/opt/intel/oneapi/advisor/2023.2.0/lib32/runtime:/opt/intel/oneapi/advisor/2023.2.0/lib64/runtime
61 [140589213411072] INFO perfrun.mrte <> - LD_LIBRARY_PATH=/opt/intel/oneapi/advisor/2023.2.0/lib32/runtime:/opt/intel/oneapi/advisor/2023.2.0/lib64/runtime:/opt/intel/oneapi/tbb/2021.10.0/env/../lib/intel64/gcc4.8:/opt/intel/oneapi/mpi/2021.10.0//libfabric/lib:/opt/intel/oneapi/mpi/2021.10.0//lib/release:/opt/intel/oneapi/mpi/2021.10.0//lib:/opt/intel/oneapi/mkl/2023.2.0/lib/intel64:/opt/intel/oneapi/itac/2021.10.0/slib:/opt/intel/oneapi/ipp/2021.9.0/lib/intel64:/opt/intel/oneapi/ippcp/2021.8.0/lib/intel64:/opt/intel/oneapi/ipp/2021.9.0/lib/intel64:/opt/intel/oneapi/dnnl/2023.2.0/cpu_dpcpp_gpu_dpcpp/lib:/opt/intel/oneapi/debugger/2023.2.0/gdb/intel64/lib:/opt/intel/oneapi/debugger/2023.2.0/libipt/intel64/lib:/opt/intel/oneapi/debugger/2023.2.0/dep/lib:/opt/intel/oneapi/dal/2023.2.0/lib/intel64:/opt/intel/oneapi/compiler/2023.2.1/linux/lib:/opt/intel/oneapi/compiler/2023.2.1/linux/lib/x64:/opt/intel/oneapi/compiler/2023.2.1/linux/lib/oclfpga/host/linux64/lib:/opt/intel/oneapi/compiler/2023.2.1/linux/compiler/lib/intel64_lin:/opt/intel/oneapi/ccl/2021.10.0/lib/cpu_gpu_dpcpp
61 [140589213411072] INFO perfrun.mrte <> - Data directory: /home/stud/S4951409/Desktop/MPI_ass/advisor/mpi_ass/e000/hs055/data.0
61 [140589213411072] INFO perfrun.mrte <> - Mrte plugin is initialized
61 [140589213411072] INFO perfrun.launcher <> - plugin [] was disabled because it doesn't support the given collection type.
61 [140589213411072] INFO perfrun.launcher <> - plugin [] was disabled because it doesn't support the given collection type.
61 [140589213411072] INFO perfrun.launcher <> - plugin [] was disabled because it doesn't support the given collection type.
61 [140589213411072] INFO perfrun.launcher <> - plugin [] was disabled because it doesn't support the given collection type.
61 [140589213411072] INFO perfrun.launcher <> - plugin [] was disabled because it doesn't support the given collection type.
61 [140589213411072] INFO perfrun.launcher <> - plugin [] was disabled because it doesn't support the given collection type.
61 [140589213411072] INFO perfrun.launcher <> - plugin [] was disabled because it doesn't support the given collection type.
61 [140589213411072] INFO perfrun.tpss <> - initialize tpss controller
62 [140589213411072] INFO perfrun.tpss <> - configure collection mode: value = cpu:stack
62 [140589213411072] INFO perfrun.tpss <> - default obj-size-min=1024
62 [140589213411072] INFO perfrun.tpss <> - default hash-table-size=0
62 [140589213411072] INFO perfrun.launcher <> - plugin [] was disabled because it doesn't support the given collection type.
62 [140589213411072] INFO perfrun.launcher <> - plugin [] was disabled because it doesn't support the given collection type.
62 [140589213411072] INFO perfrun.launcher <> - plugin [] was disabled because it doesn't support the given collection type.
62 [140589213411072] INFO perfrun.launcher <> - plugin [] was disabled because it doesn't support the given collection type.
62 [140589213411072] INFO perfrun.launcher <> - plugin [] was disabled because it doesn't support the given collection type.
62 [140589213411072] INFO perfrun.launcher <> - plugin [] was disabled because it doesn't support the given collection type.
62 [140589213411072] INFO perfrun.launcher <> - plugin [] was disabled because it doesn't support the given collection type.
62 [140589213411072] INFO perfrun.launcher <> - plugin [] was disabled because it doesn't support the given collection type.
62 [140589213411072] INFO perfrun.launcher <> - plugin [] was disabled because it doesn't support the given collection type.
62 [140589360641984] INFO perfrun.launcher <> - set environment variable: LD_LIBRARY_PATH = /opt/intel/oneapi/advisor/2023.2.0/lib32/runtime:/opt/intel/oneapi/advisor/2023.2.0/lib64/runtime:/opt/intel/oneapi/tbb/2021.10.0/env/../lib/intel64/gcc4.8:/opt/intel/oneapi/mpi/2021.10.0//libfabric/lib:/opt/intel/oneapi/mpi/2021.10.0//lib/release:/opt/intel/oneapi/mpi/2021.10.0//lib:/opt/intel/oneapi/mkl/2023.2.0/lib/intel64:/opt/intel/oneapi/itac/2021.10.0/slib:/opt/intel/oneapi/ipp/2021.9.0/lib/intel64:/opt/intel/oneapi/ippcp/2021.8.0/lib/intel64:/opt/intel/oneapi/ipp/2021.9.0/lib/intel64:/opt/intel/oneapi/dnnl/2023.2.0/cpu_dpcpp_gpu_dpcpp/lib:/opt/intel/oneapi/debugger/2023.2.0/gdb/intel64/lib:/opt/intel/oneapi/debugger/2023.2.0/libipt/intel64/lib:/opt/intel/oneapi/debugger/2023.2.0/dep/lib:/opt/intel/oneapi/dal/2023.2.0/lib/intel64:/opt/intel/oneapi/compiler/2023.2.1/linux/lib:/opt/intel/oneapi/compiler/2023.2.1/linux/lib/x64:/opt/intel/oneapi/compiler/2023.2.1/linux/lib/oclfpga/host/linux64/lib:/opt/intel/oneapi/compiler/2023.2.1/linux/compiler/lib/intel64_lin:/opt/intel/oneapi/ccl/2021.10.0/lib/cpu_gpu_dpcpp
62 [140589360641984] INFO perfrun.launcher <> - set environment variable: INTEL_LIBITTNOTIFY32 = /opt/intel/oneapi/advisor/2023.2.0/lib32/runtime/libittnotify_collector.so
62 [140589360641984] INFO perfrun.launcher <> - set environment variable: INTEL_LIBITTNOTIFY64 = /opt/intel/oneapi/advisor/2023.2.0/lib64/runtime/libittnotify_collector.so
62 [140589360641984] INFO perfrun.launcher <> - set environment variable: INTEL_ITTNOTIFY_GROUPS = 
62 [140589360641984] INFO perfrun.launcher <> - set environment variable: INTEL_JIT_PROFILER32 = /opt/intel/oneapi/advisor/2023.2.0/lib32/runtime/libittnotify_collector.so
62 [140589360641984] INFO perfrun.launcher <> - set environment variable: INTEL_JIT_PROFILER64 = /opt/intel/oneapi/advisor/2023.2.0/lib64/runtime/libittnotify_collector.so
62 [140589360641984] INFO perfrun.launcher <> - set environment variable: ENABLE_JITPROFILING = 1
62 [140589360641984] INFO perfrun.launcher <> - set environment variable: CL_CONFIG_USE_VTUNE = True
62 [140589360641984] INFO perfrun.launcher <> - set environment variable: KMP_FORKJOIN_FRAMES = 0
62 [140589360641984] INFO perfrun.launcher <> - set environment variable: KMP_FORKJOIN_FRAMES_MODE = 0
62 [140589360641984] INFO perfrun.launcher <> - set environment variable: INTEL_MRTE_DATA_DIR = /home/stud/S4951409/Desktop/MPI_ass/advisor/mpi_ass/e000/hs055/data.0
62 [140589360641984] INFO perfrun.launcher <> - set environment variable: INTEL_MRTE_HOST_NAME = sw216
62 [140589360641984] INFO perfrun.launcher <> - set environment variable: JAVA_TOOL_OPTIONS = -agentlib:advixe_tpssmrte_javaprof_1.0 -Dsun.boot.library.path=/opt/intel/oneapi/advisor/2023.2.0/lib32/runtime:/opt/intel/oneapi/advisor/2023.2.0/lib64/runtime
62 [140589360641984] INFO perfrun.launcher <> - set environment variable: LD_LIBRARY_PATH = /opt/intel/oneapi/advisor/2023.2.0/lib32/runtime:/opt/intel/oneapi/advisor/2023.2.0/lib64/runtime:/opt/intel/oneapi/tbb/2021.10.0/env/../lib/intel64/gcc4.8:/opt/intel/oneapi/mpi/2021.10.0//libfabric/lib:/opt/intel/oneapi/mpi/2021.10.0//lib/release:/opt/intel/oneapi/mpi/2021.10.0//lib:/opt/intel/oneapi/mkl/2023.2.0/lib/intel64:/opt/intel/oneapi/itac/2021.10.0/slib:/opt/intel/oneapi/ipp/2021.9.0/lib/intel64:/opt/intel/oneapi/ippcp/2021.8.0/lib/intel64:/opt/intel/oneapi/ipp/2021.9.0/lib/intel64:/opt/intel/oneapi/dnnl/2023.2.0/cpu_dpcpp_gpu_dpcpp/lib:/opt/intel/oneapi/debugger/2023.2.0/gdb/intel64/lib:/opt/intel/oneapi/debugger/2023.2.0/libipt/intel64/lib:/opt/intel/oneapi/debugger/2023.2.0/dep/lib:/opt/intel/oneapi/dal/2023.2.0/lib/intel64:/opt/intel/oneapi/compiler/2023.2.1/linux/lib:/opt/intel/oneapi/compiler/2023.2.1/linux/lib/x64:/opt/intel/oneapi/compiler/2023.2.1/linux/lib/oclfpga/host/linux64/lib:/opt/intel/oneapi/compiler/2023.2.1/linux/compiler/lib/intel64_lin:/opt/intel/oneapi/ccl/2021.10.0/lib/cpu_gpu_dpcpp
62 [140589360641984] INFO perfrun.launcher <> - RpcServer: run RPC server to handle requests
62 [140589360641984] INFO perfrun.launcher <> - Launcher: command line to start before modification = /home/stud/S4951409/Desktop/MPI_ass/release/pi_homework
62 [140589360641984] INFO perfrun.launcher <> - Launcher: command line to start after modification = /opt/intel/oneapi/advisor/2023.2.0/bin64/pin -error_file /home/stud/S4951409/Desktop/MPI_ass/advisor/mpi_ass/e000/hs055/data.0/pinerr.tpsslog -detach_reattach -follow_execv -tool_load_option deepbind -t64 /opt/intel/oneapi/advisor/2023.2.0/lib64/libtpsstool.so -t /opt/intel/oneapi/advisor/2023.2.0/lib32/libtpsstool.so -server_name tpss_ipc.72496 -prd_dir /opt/intel/oneapi/advisor/2023.2.0 -- /home/stud/S4951409/Desktop/MPI_ass/release/pi_homework
62 [140589360641984] INFO perfrun.launcher <> - ProcessCreator object was created
62 [140589360641984] INFO perfrun.launcher <> - Launcher: the process was started in suspend mode
63 [140589213411072] WARN perfrun.system <> - Could not do anything with /sys/kernel/debug/kvm: boost::filesystem::status: Permission denied: "/sys/kernel/debug/kvm", at file: vcs/perfrun1/plugins/system/src/trace_writer.cpp:787
63 [140589213411072] WARN perfrun.system <> - Folder "/var/run/libvirt/qemu/"doesn't exist, at file: vcs/perfrun1/plugins/system/src/trace_writer.cpp:800
64 [140589213411072] WARN perfrun.sdk <> - Failed to find xl binary on any of the system paths: /bin, /sbin, /usr/bin, /usr/sbin., at file: vcs/perfrun1/sdk/src/utils.cpp:204
66 [140589213411072] INFO perfrun.vdso <> - Helper runtool '/opt/intel/oneapi/advisor/2023.2.0/bin32/advixe-runss -dump-vdso -r /home/stud/S4951409/Desktop/MPI_ass/advisor/mpi_ass/e000/hs055 --tmp-dir /tmp/advixe-tmp-S4951409' returned 1
129 [140589213411072] INFO perfrun.vdso <> - Helper runtool '/opt/intel/oneapi/advisor/2023.2.0/bin64/advixe-runss -dump-vdso -r /home/stud/S4951409/Desktop/MPI_ass/advisor/mpi_ass/e000/hs055 --tmp-dir /tmp/advixe-tmp-S4951409' returned 0
129 [140589213411072] INFO perfrun.itt <> - start itt controller for pid #72509
129 [140589213411072] INFO perfrun.tpss <> - start tpss controller for pid #72509
180 [140589360641984] INFO perfrun.launcher <> - Launcher: all plugins were started
180 [140589360641984] INFO perfrun.launcher <> - DirectoryMonitor object was created
180 [140589360641984] INFO perfrun.launcher <> - DirectoryMonitor: a callback was added
180 [140589360641984] INFO perfrun.launcher <> - DirectoryMonitor was started with pingTime = 1000
180 [140589360641984] INFO perfrun.launcher <> - DeadlineTimer is going to be constructed
180 [140589360641984] INFO perfrun.launcher <> - DeadlineTimer: a callback was added
181 [140589360641984] INFO perfrun.launcher <> - Launcher: resume the profiled application and  wait its termination or stop command
56030 [140589360641984] INFO perfrun.launcher <> - Launcher: the profiled application was terminated  with exit code = 0
56037 [140589213411072] INFO perfrun.itt <> - detach itt controller
56037 [140589213411072] INFO perfrun.itt <> - detach itt controller done
56037 [140589213411072] INFO perfrun.tpss <> - stop tpss controller
56038 [140589213411072] INFO perfrun.sdk <> - De-allocating TMU: /home/stud/S4951409/Desktop/MPI_ass/advisor/mpi_ass/e000/hs055/data.0/systemcollector-72496-sw216.sc
56038 [140589213411072] INFO perfrun.system <> - closed the system trace file: /home/stud/S4951409/Desktop/MPI_ass/advisor/mpi_ass/e000/hs055/data.0/systemcollector-72496-sw216.sc
56038 [140589360641984] INFO perfrun.launcher <> - Launcher: all plugins were stopped.
56038 [140589360641984] INFO perfrun.launcher <> - DeadlineTimer is going to be destroyed
56038 [140589360641984] INFO perfrun.launcher <> - DeadlineTimer was destroyed
56038 [140589360641984] INFO perfrun.launcher <> - DirectoryMonitor object was destroyed
56038 [140589360641984] WARN perfrun.launcher <> - Stop command is ignored because it is received when collection is already stopped, at file: vcs/perfrun1/launcher/src/command_handler.cpp:226
56038 [140589360641984] INFO perfrun.launcher <> - Application exit code: 0
56038 [140589360641984] INFO perfrun.launcher <> - Exit code: 0
