2 [140439481288640] INFO perfrun.launcher <> - Launcher main begin
3 [140439481288640] INFO perfrun.launcher <> - MessageCatalogInit finished
3 [140439481288640] INFO perfrun.launcher <> - Launcher instance created
3 [140439481288640] INFO perfrun.launcher <> - argc = 6; cmdline = /opt/intel/oneapi/advisor/2025.0/bin64/advixe-runss -dump-vdso -r /home/chris/high-performance-clowns/hw1/advisor/OMP_ass/e000/hs001 --tmp-dir /tmp/advixe-tmp-chris 
57 [140439481288640] INFO perfrun.launcher <> - create msngr2::ICliToolContext
57 [140439481288640] INFO perfrun.launcher <> - create file finder object
58 [140439327860416] INFO perfrun.launcher <> - plugin [remoteplug] was disabled because it doesn't support the given collection type.
58 [140439327860416] INFO perfrun.launcher <> - plugin [system] was disabled because it doesn't support the given collection type.
58 [140439327860416] INFO perfrun.vdso <> - dumping [vdso] pseudomodule
60 [140439327860416] INFO perfrun.launcher <> - plugin [itt] was disabled because it doesn't support the given collection type.
60 [140439327860416] INFO perfrun.launcher <> - plugin [] was disabled because it doesn't support the given collection type.
60 [140439327860416] INFO perfrun.launcher <> - plugin [gpu] was disabled because it doesn't support the given collection type.
60 [140439327860416] INFO perfrun.launcher <> - plugin [] was disabled because it doesn't support the given collection type.
60 [140439327860416] INFO perfrun.launcher <> - plugin [] was disabled because it doesn't support the given collection type.
60 [140439327860416] INFO perfrun.launcher <> - plugin [] was disabled because it doesn't support the given collection type.
60 [140439327860416] INFO perfrun.launcher <> - plugin [mrte] was disabled because it doesn't support the given collection type.
60 [140439327860416] INFO perfrun.launcher <> - plugin [] was disabled because it doesn't support the given collection type.
60 [140439327860416] INFO perfrun.launcher <> - plugin [] was disabled because it doesn't support the given collection type.
60 [140439327860416] INFO perfrun.launcher <> - plugin [] was disabled because it doesn't support the given collection type.
60 [140439327860416] INFO perfrun.launcher <> - plugin [] was disabled because it doesn't support the given collection type.
60 [140439327860416] INFO perfrun.launcher <> - plugin [] was disabled because it doesn't support the given collection type.
60 [140439327860416] INFO perfrun.launcher <> - plugin [] was disabled because it doesn't support the given collection type.
60 [140439327860416] INFO perfrun.launcher <> - plugin [] was disabled because it doesn't support the given collection type.
60 [140439327860416] INFO perfrun.launcher <> - plugin [tpss] was disabled because it doesn't support the given collection type.
60 [140439327860416] INFO perfrun.launcher <> - plugin [] was disabled because it doesn't support the given collection type.
60 [140439327860416] INFO perfrun.launcher <> - plugin [] was disabled because it doesn't support the given collection type.
60 [140439327860416] INFO perfrun.launcher <> - plugin [] was disabled because it doesn't support the given collection type.
60 [140439327860416] INFO perfrun.launcher <> - plugin [] was disabled because it doesn't support the given collection type.
60 [140439327860416] INFO perfrun.launcher <> - plugin [] was disabled because it doesn't support the given collection type.
60 [140439327860416] INFO perfrun.launcher <> - plugin [] was disabled because it doesn't support the given collection type.
60 [140439327860416] INFO perfrun.launcher <> - plugin [] was disabled because it doesn't support the given collection type.
60 [140439327860416] INFO perfrun.launcher <> - plugin [] was disabled because it doesn't support the given collection type.
60 [140439327860416] INFO perfrun.launcher <> - plugin [] was disabled because it doesn't support the given collection type.
60 [140439481288640] INFO perfrun.launcher <> - Application exit code: 0
60 [140439481288640] INFO perfrun.launcher <> - Exit code: 0
