1 [140007933368256] INFO perfrun.launcher <> - Launcher main begin
2 [140007933368256] INFO perfrun.launcher <> - MessageCatalogInit finished
2 [140007933368256] INFO perfrun.launcher <> - Launcher instance created
2 [140007933368256] INFO perfrun.launcher <> - argc = 7; cmdline = /opt/intel/oneapi/advisor/2025.0/bin64/advixe-runss --ui-output-format xml --ui-output-fd 108 --option-file /home/chris/high-performance-clowns/hw1/advisor/OMP_ass/e000/hs001/config/runss.options 
42 [140007933368256] INFO perfrun.launcher <> - create msngr2::ICliToolContext
43 [140007933368256] INFO perfrun.launcher <> - create file finder object
43 [140007933368256] INFO perfrun.launcher <> - create a result directory: pattern = /home/chris/high-performance-clowns/hw1/advisor/OMP_ass/e000/hs001 pid = 4294967295
46 [140007933368256] INFO perfrun.sdk <> - checked that the directory /home/chris/high-performance-clowns/hw1/advisor/OMP_ass/e000/hs001 is a local directory
46 [140007933368256] INFO perfrun.sdk <> - the directory /home/chris/high-performance-clowns/hw1/advisor/OMP_ass/e000/hs001 is a local directory with FS type ID 61267
46 [140007933368256] INFO perfrun.launcher <> - create data directory = /home/chris/high-performance-clowns/hw1/advisor/OMP_ass/e000/hs001/data.0
47 [140007933368256] INFO perfrun.launcher <> - Creating the master collection flag
53 [140007933368256] INFO perfrun.launcher <> - Done creating the master collection flag
54 [140007780116160] INFO perfrun.launcher <> - plugin [remoteplug] was disabled because it doesn't support the given collection type.
54 [140007780116160] INFO perfrun.sdk <> - Allocating TMU :/home/chris/high-performance-clowns/hw1/advisor/OMP_ass/e000/hs001/data.0/systemcollector-19753-chris4219.sc
54 [140007780116160] INFO perfrun.launcher <> - plugin [] was disabled because it doesn't support the given collection type.
54 [140007780116160] INFO perfrun.launcher <> - plugin [gpu] was disabled because it doesn't support the given collection type.
54 [140007780116160] INFO perfrun.launcher <> - plugin [] was disabled because it doesn't support the given collection type.
54 [140007780116160] INFO perfrun.launcher <> - plugin [] was disabled because it doesn't support the given collection type.
54 [140007780116160] INFO perfrun.launcher <> - plugin [] was disabled because it doesn't support the given collection type.
54 [140007780116160] INFO perfrun.mrte <> - system-wide mode is 0
54 [140007780116160] INFO perfrun.mrte <> - Getting  mrte profiling environment ...
59 [140007780116160] INFO perfrun.mrte <> - INTEL_MRTE_DATA_DIR=/home/chris/high-performance-clowns/hw1/advisor/OMP_ass/e000/hs001/data.0
59 [140007780116160] INFO perfrun.mrte <> - INTEL_MRTE_HOST_NAME=chris4219
59 [140007780116160] INFO perfrun.mrte <> - JAVA_TOOL_OPTIONS=-agentlib:advixe_samplingmrte_javaprof_1.0 -Dsun.boot.library.path=/opt/intel/oneapi/advisor/2025.0/lib32/runtime:/opt/intel/oneapi/advisor/2025.0/lib64/runtime
59 [140007780116160] INFO perfrun.mrte <> - LD_LIBRARY_PATH=/opt/intel/oneapi/advisor/2025.0/lib32/runtime:/opt/intel/oneapi/advisor/2025.0/lib64/runtime:/opt/intel/oneapi/tcm/1.2/lib:/opt/intel/oneapi/umf/0.9/lib:/opt/intel/oneapi/tbb/2022.0/env/../lib/intel64/gcc4.8:/opt/intel/oneapi/pti/0.10/lib:/opt/intel/oneapi/mpi/2021.14/opt/mpi/libfabric/lib:/opt/intel/oneapi/mpi/2021.14/lib:/opt/intel/oneapi/mkl/2025.0/lib:/opt/intel/oneapi/ippcp/2025.0/lib/:/opt/intel/oneapi/ipp/2022.0/lib:/opt/intel/oneapi/dnnl/2025.0/lib:/opt/intel/oneapi/debugger/2025.0/opt/debugger/lib:/opt/intel/oneapi/dal/2025.0/lib:/opt/intel/oneapi/compiler/2025.0/opt/compiler/lib:/opt/intel/oneapi/compiler/2025.0/lib:/opt/intel/oneapi/ccl/2021.14/lib/
59 [140007780116160] INFO perfrun.mrte <> - Data directory: /home/chris/high-performance-clowns/hw1/advisor/OMP_ass/e000/hs001/data.0
59 [140007780116160] INFO perfrun.mrte <> - Mrte plugin is initialized
59 [140007780116160] INFO perfrun.launcher <> - plugin [] was disabled because it doesn't support the given collection type.
59 [140007780116160] INFO perfrun.launcher <> - plugin [] was disabled because it doesn't support the given collection type.
59 [140007780116160] INFO perfrun.launcher <> - plugin [] was disabled because it doesn't support the given collection type.
59 [140007780116160] INFO perfrun.launcher <> - plugin [] was disabled because it doesn't support the given collection type.
59 [140007780116160] INFO perfrun.launcher <> - plugin [] was disabled because it doesn't support the given collection type.
59 [140007780116160] INFO perfrun.launcher <> - plugin [] was disabled because it doesn't support the given collection type.
59 [140007780116160] INFO perfrun.launcher <> - plugin [] was disabled because it doesn't support the given collection type.
59 [140007780116160] INFO perfrun.tpss <> - initialize tpss controller
59 [140007780116160] INFO perfrun.tpss <> - configure collection mode: value = cpu:stack
59 [140007780116160] INFO perfrun.tpss <> - default obj-size-min=1024
59 [140007780116160] INFO perfrun.tpss <> - default hash-table-size=0
59 [140007780116160] INFO perfrun.launcher <> - plugin [] was disabled because it doesn't support the given collection type.
59 [140007780116160] INFO perfrun.launcher <> - plugin [] was disabled because it doesn't support the given collection type.
59 [140007780116160] INFO perfrun.launcher <> - plugin [] was disabled because it doesn't support the given collection type.
59 [140007780116160] INFO perfrun.launcher <> - plugin [] was disabled because it doesn't support the given collection type.
59 [140007780116160] INFO perfrun.launcher <> - plugin [] was disabled because it doesn't support the given collection type.
59 [140007780116160] INFO perfrun.launcher <> - plugin [] was disabled because it doesn't support the given collection type.
59 [140007780116160] INFO perfrun.launcher <> - plugin [] was disabled because it doesn't support the given collection type.
59 [140007780116160] INFO perfrun.launcher <> - plugin [] was disabled because it doesn't support the given collection type.
59 [140007780116160] INFO perfrun.launcher <> - plugin [] was disabled because it doesn't support the given collection type.
59 [140007933368256] INFO perfrun.launcher <> - set environment variable: LD_LIBRARY_PATH = /opt/intel/oneapi/advisor/2025.0/lib32/runtime:/opt/intel/oneapi/advisor/2025.0/lib64/runtime:/opt/intel/oneapi/tcm/1.2/lib:/opt/intel/oneapi/umf/0.9/lib:/opt/intel/oneapi/tbb/2022.0/env/../lib/intel64/gcc4.8:/opt/intel/oneapi/pti/0.10/lib:/opt/intel/oneapi/mpi/2021.14/opt/mpi/libfabric/lib:/opt/intel/oneapi/mpi/2021.14/lib:/opt/intel/oneapi/mkl/2025.0/lib:/opt/intel/oneapi/ippcp/2025.0/lib/:/opt/intel/oneapi/ipp/2022.0/lib:/opt/intel/oneapi/dnnl/2025.0/lib:/opt/intel/oneapi/debugger/2025.0/opt/debugger/lib:/opt/intel/oneapi/dal/2025.0/lib:/opt/intel/oneapi/compiler/2025.0/opt/compiler/lib:/opt/intel/oneapi/compiler/2025.0/lib:/opt/intel/oneapi/ccl/2021.14/lib/
60 [140007933368256] INFO perfrun.launcher <> - set environment variable: INTEL_LIBITTNOTIFY32 = /opt/intel/oneapi/advisor/2025.0/lib32/runtime/libittnotify_collector.so
60 [140007933368256] INFO perfrun.launcher <> - set environment variable: INTEL_LIBITTNOTIFY64 = /opt/intel/oneapi/advisor/2025.0/lib64/runtime/libittnotify_collector.so
60 [140007933368256] INFO perfrun.launcher <> - set environment variable: INTEL_ITTNOTIFY_GROUPS = 
61 [140007933368256] INFO perfrun.launcher <> - set environment variable: INTEL_JIT_PROFILER32 = /opt/intel/oneapi/advisor/2025.0/lib32/runtime/libittnotify_collector.so
61 [140007933368256] INFO perfrun.launcher <> - set environment variable: INTEL_JIT_PROFILER64 = /opt/intel/oneapi/advisor/2025.0/lib64/runtime/libittnotify_collector.so
61 [140007933368256] INFO perfrun.launcher <> - set environment variable: CCL_ITT_LEVEL = 1
62 [140007933368256] INFO perfrun.launcher <> - set environment variable: ENABLE_JITPROFILING = 1
62 [140007933368256] INFO perfrun.launcher <> - set environment variable: CL_CONFIG_USE_VTUNE = True
62 [140007933368256] INFO perfrun.launcher <> - set environment variable: KMP_FORKJOIN_FRAMES = 0
62 [140007933368256] INFO perfrun.launcher <> - set environment variable: KMP_FORKJOIN_FRAMES_MODE = 0
62 [140007933368256] INFO perfrun.launcher <> - set environment variable: INTEL_MRTE_DATA_DIR = /home/chris/high-performance-clowns/hw1/advisor/OMP_ass/e000/hs001/data.0
62 [140007933368256] INFO perfrun.launcher <> - set environment variable: INTEL_MRTE_HOST_NAME = chris4219
62 [140007933368256] INFO perfrun.launcher <> - set environment variable: JAVA_TOOL_OPTIONS = -agentlib:advixe_samplingmrte_javaprof_1.0 -Dsun.boot.library.path=/opt/intel/oneapi/advisor/2025.0/lib32/runtime:/opt/intel/oneapi/advisor/2025.0/lib64/runtime
62 [140007933368256] INFO perfrun.launcher <> - set environment variable: LD_LIBRARY_PATH = /opt/intel/oneapi/advisor/2025.0/lib32/runtime:/opt/intel/oneapi/advisor/2025.0/lib64/runtime:/opt/intel/oneapi/tcm/1.2/lib:/opt/intel/oneapi/umf/0.9/lib:/opt/intel/oneapi/tbb/2022.0/env/../lib/intel64/gcc4.8:/opt/intel/oneapi/pti/0.10/lib:/opt/intel/oneapi/mpi/2021.14/opt/mpi/libfabric/lib:/opt/intel/oneapi/mpi/2021.14/lib:/opt/intel/oneapi/mkl/2025.0/lib:/opt/intel/oneapi/ippcp/2025.0/lib/:/opt/intel/oneapi/ipp/2022.0/lib:/opt/intel/oneapi/dnnl/2025.0/lib:/opt/intel/oneapi/debugger/2025.0/opt/debugger/lib:/opt/intel/oneapi/dal/2025.0/lib:/opt/intel/oneapi/compiler/2025.0/opt/compiler/lib:/opt/intel/oneapi/compiler/2025.0/lib:/opt/intel/oneapi/ccl/2021.14/lib/
62 [140007933368256] INFO perfrun.launcher <> - RpcServer: run RPC server to handle requests
62 [140007933368256] INFO perfrun.launcher <> - Launcher: command line to start before modification = /home/chris/high-performance-clowns/hw1/release/omp_homework
63 [140007933368256] INFO perfrun.launcher <> - Launcher: command line to start after modification = /opt/intel/oneapi/advisor/2025.0/bin64/pin -error_file /home/chris/high-performance-clowns/hw1/advisor/OMP_ass/e000/hs001/data.0/pinerr.tpsslog -detach_reattach -follow_execv -tool_load_option deepbind -t64 /opt/intel/oneapi/advisor/2025.0/lib64/libtpsstool.so -t /opt/intel/oneapi/advisor/2025.0/lib32/libtpsstool.so -server_name tpss_ipc.19753 -prd_dir /opt/intel/oneapi/advisor/2025.0 -- /home/chris/high-performance-clowns/hw1/release/omp_homework
63 [140007933368256] INFO perfrun.launcher <> - ProcessCreator object was created
63 [140007933368256] INFO perfrun.launcher <> - Launcher: the process was started in suspend mode
64 [140007780116160] WARN perfrun.system <> - Could not do anything with /sys/kernel/debug/kvm: boost::filesystem::status: Permission denied [system:13]: "/sys/kernel/debug/kvm", at file: vcs/perfrun1/plugins/system/src/trace_writer.cpp:787
64 [140007780116160] WARN perfrun.system <> - Folder "/var/run/libvirt/qemu/"doesn't exist, at file: vcs/perfrun1/plugins/system/src/trace_writer.cpp:800
65 [140007780116160] WARN perfrun.sdk <> - Failed to find xl binary on any of the system paths: /bin, /sbin, /usr/bin, /usr/sbin., at file: vcs/perfrun1/sdk/src/utils.cpp:205
69 [140007780116160] INFO perfrun.vdso <> - Helper runtool '/opt/intel/oneapi/advisor/2025.0/bin32/advixe-runss -dump-vdso -r /home/chris/high-performance-clowns/hw1/advisor/OMP_ass/e000/hs001 --tmp-dir /tmp/advixe-tmp-chris' returned 1
161 [140007780116160] INFO perfrun.vdso <> - Helper runtool '/opt/intel/oneapi/advisor/2025.0/bin64/advixe-runss -dump-vdso -r /home/chris/high-performance-clowns/hw1/advisor/OMP_ass/e000/hs001 --tmp-dir /tmp/advixe-tmp-chris' returned 0
161 [140007780116160] INFO perfrun.itt <> - start itt controller for pid #19765
162 [140007780116160] INFO perfrun.tpss <> - start tpss controller for pid #19765
212 [140007933368256] INFO perfrun.launcher <> - Launcher: all plugins were started
212 [140007933368256] INFO perfrun.launcher <> - DirectoryMonitor object was created
212 [140007933368256] INFO perfrun.launcher <> - DirectoryMonitor: a callback was added
212 [140007933368256] INFO perfrun.launcher <> - DirectoryMonitor was started with pingTime = 1000
212 [140007933368256] INFO perfrun.launcher <> - DeadlineTimer is going to be constructed
213 [140007933368256] INFO perfrun.launcher <> - DeadlineTimer: a callback was added
221 [140007933368256] INFO perfrun.launcher <> - Launcher: resume the profiled application and  wait its termination or stop command
87981 [140007771723456] INFO perfrun.launcher <> - Stopping collection by RPC request
87986 [140007780116160] INFO perfrun.itt <> - detach itt controller
87988 [140007780116160] INFO perfrun.itt <> - detach itt controller done
87989 [140007780116160] INFO perfrun.tpss <> - stop tpss controller
88159 [140007780116160] INFO perfrun.sdk <> - De-allocating TMU: /home/chris/high-performance-clowns/hw1/advisor/OMP_ass/e000/hs001/data.0/systemcollector-19753-chris4219.sc
88159 [140007780116160] INFO perfrun.system <> - closed the system trace file: /home/chris/high-performance-clowns/hw1/advisor/OMP_ass/e000/hs001/data.0/systemcollector-19753-chris4219.sc
88167 [140007933368256] INFO perfrun.launcher <> - Launcher: the profiled application was terminated  with exit code = 130
160801 [140007771723456] WARN perfrun.launcher <> - can't send #0 signal to the process with pid #19765 - , at file: vcs/perfrun1/launcher/src/signal_handler_lin.cpp:53
160801 [140007771723456] WARN perfrun.launcher <> - can't send #0 signal to the process with pid #19765 - , at file: vcs/perfrun1/launcher/src/signal_handler_lin.cpp:53
160802 [140007933368256] INFO perfrun.launcher <> - Launcher: all plugins were stopped.
160802 [140007933368256] INFO perfrun.launcher <> - DeadlineTimer is going to be destroyed
160802 [140007933368256] INFO perfrun.launcher <> - DeadlineTimer was destroyed
160802 [140007933368256] INFO perfrun.launcher <> - DirectoryMonitor object was destroyed
160802 [140007933368256] WARN perfrun.launcher <> - Stop command is ignored because it is received when collection is already stopped, at file: vcs/perfrun1/launcher/src/command_handler.cpp:226
160803 [140007933368256] INFO perfrun.launcher <> - Application exit code: 130
160803 [140007933368256] INFO perfrun.launcher <> - Exit code: 130
