1 [139859857680320] INFO perfrun.launcher <> - Launcher main begin
1 [139859857680320] INFO perfrun.launcher <> - MessageCatalogInit finished
1 [139859857680320] INFO perfrun.launcher <> - Launcher instance created
1 [139859857680320] INFO perfrun.launcher <> - argc = 7; cmdline = /opt/intel/oneapi/advisor/2025.0/bin64/advixe-runss --ui-output-format xml --ui-output-fd 108 --option-file /home/chris/high-performance-clowns/mandelbrot/advisor/mandelbrot/e000/hs003/config/runss.options 
37 [139859857680320] INFO perfrun.launcher <> - create msngr2::ICliToolContext
37 [139859857680320] INFO perfrun.launcher <> - create file finder object
37 [139859857680320] INFO perfrun.launcher <> - create a result directory: pattern = /home/chris/high-performance-clowns/mandelbrot/advisor/mandelbrot/e000/hs003 pid = 4294967295
40 [139859857680320] INFO perfrun.sdk <> - checked that the directory /home/chris/high-performance-clowns/mandelbrot/advisor/mandelbrot/e000/hs003 is a local directory
40 [139859857680320] INFO perfrun.sdk <> - the directory /home/chris/high-performance-clowns/mandelbrot/advisor/mandelbrot/e000/hs003 is a local directory with FS type ID 61267
40 [139859857680320] INFO perfrun.launcher <> - create data directory = /home/chris/high-performance-clowns/mandelbrot/advisor/mandelbrot/e000/hs003/data.0
40 [139859857680320] INFO perfrun.launcher <> - Creating the master collection flag
46 [139859857680320] INFO perfrun.launcher <> - Done creating the master collection flag
47 [139859704407744] INFO perfrun.launcher <> - plugin [remoteplug] was disabled because it doesn't support the given collection type.
47 [139859704407744] INFO perfrun.sdk <> - Allocating TMU :/home/chris/high-performance-clowns/mandelbrot/advisor/mandelbrot/e000/hs003/data.0/systemcollector-32118-chris4219.sc
47 [139859704407744] INFO perfrun.launcher <> - plugin [] was disabled because it doesn't support the given collection type.
47 [139859704407744] INFO perfrun.launcher <> - plugin [gpu] was disabled because it doesn't support the given collection type.
47 [139859704407744] INFO perfrun.launcher <> - plugin [] was disabled because it doesn't support the given collection type.
47 [139859704407744] INFO perfrun.launcher <> - plugin [] was disabled because it doesn't support the given collection type.
47 [139859704407744] INFO perfrun.launcher <> - plugin [] was disabled because it doesn't support the given collection type.
47 [139859704407744] INFO perfrun.mrte <> - system-wide mode is 0
47 [139859704407744] INFO perfrun.mrte <> - Getting  mrte profiling environment ...
51 [139859704407744] INFO perfrun.mrte <> - INTEL_MRTE_DATA_DIR=/home/chris/high-performance-clowns/mandelbrot/advisor/mandelbrot/e000/hs003/data.0
51 [139859704407744] INFO perfrun.mrte <> - INTEL_MRTE_HOST_NAME=chris4219
51 [139859704407744] INFO perfrun.mrte <> - JAVA_TOOL_OPTIONS=-agentlib:advixe_samplingmrte_javaprof_1.0 -Dsun.boot.library.path=/opt/intel/oneapi/advisor/2025.0/lib32/runtime:/opt/intel/oneapi/advisor/2025.0/lib64/runtime
51 [139859704407744] INFO perfrun.mrte <> - LD_LIBRARY_PATH=/opt/intel/oneapi/advisor/2025.0/lib32/runtime:/opt/intel/oneapi/advisor/2025.0/lib64/runtime:/usr/local/cuda-12.6/lib64/:/opt/intel/oneapi/tcm/1.2/lib:/opt/intel/oneapi/umf/0.9/lib:/opt/intel/oneapi/tbb/2022.0/env/../lib/intel64/gcc4.8:/opt/intel/oneapi/pti/0.10/lib:/opt/intel/oneapi/mpi/2021.14/opt/mpi/libfabric/lib:/opt/intel/oneapi/mpi/2021.14/lib:/opt/intel/oneapi/mkl/2025.0/lib:/opt/intel/oneapi/ippcp/2025.0/lib/:/opt/intel/oneapi/ipp/2022.0/lib:/opt/intel/oneapi/dnnl/2025.0/lib:/opt/intel/oneapi/debugger/2025.0/opt/debugger/lib:/opt/intel/oneapi/dal/2025.0/lib:/opt/intel/oneapi/compiler/2025.0/opt/compiler/lib:/opt/intel/oneapi/compiler/2025.0/lib:/opt/intel/oneapi/ccl/2021.14/lib/
51 [139859704407744] INFO perfrun.mrte <> - Data directory: /home/chris/high-performance-clowns/mandelbrot/advisor/mandelbrot/e000/hs003/data.0
51 [139859704407744] INFO perfrun.mrte <> - Mrte plugin is initialized
51 [139859704407744] INFO perfrun.launcher <> - plugin [] was disabled because it doesn't support the given collection type.
51 [139859704407744] INFO perfrun.launcher <> - plugin [] was disabled because it doesn't support the given collection type.
51 [139859704407744] INFO perfrun.launcher <> - plugin [] was disabled because it doesn't support the given collection type.
51 [139859704407744] INFO perfrun.launcher <> - plugin [] was disabled because it doesn't support the given collection type.
51 [139859704407744] INFO perfrun.launcher <> - plugin [] was disabled because it doesn't support the given collection type.
51 [139859704407744] INFO perfrun.launcher <> - plugin [] was disabled because it doesn't support the given collection type.
51 [139859704407744] INFO perfrun.launcher <> - plugin [] was disabled because it doesn't support the given collection type.
51 [139859704407744] INFO perfrun.tpss <> - initialize tpss controller
51 [139859704407744] INFO perfrun.tpss <> - configure collection mode: value = cpu:stack
51 [139859704407744] INFO perfrun.tpss <> - default obj-size-min=1024
51 [139859704407744] INFO perfrun.tpss <> - default hash-table-size=0
51 [139859704407744] INFO perfrun.launcher <> - plugin [] was disabled because it doesn't support the given collection type.
51 [139859704407744] INFO perfrun.launcher <> - plugin [] was disabled because it doesn't support the given collection type.
51 [139859704407744] INFO perfrun.launcher <> - plugin [] was disabled because it doesn't support the given collection type.
51 [139859704407744] INFO perfrun.launcher <> - plugin [] was disabled because it doesn't support the given collection type.
51 [139859704407744] INFO perfrun.launcher <> - plugin [] was disabled because it doesn't support the given collection type.
51 [139859704407744] INFO perfrun.launcher <> - plugin [] was disabled because it doesn't support the given collection type.
51 [139859704407744] INFO perfrun.launcher <> - plugin [] was disabled because it doesn't support the given collection type.
51 [139859704407744] INFO perfrun.launcher <> - plugin [] was disabled because it doesn't support the given collection type.
51 [139859704407744] INFO perfrun.launcher <> - plugin [] was disabled because it doesn't support the given collection type.
51 [139859857680320] INFO perfrun.launcher <> - set environment variable: LD_LIBRARY_PATH = /opt/intel/oneapi/advisor/2025.0/lib32/runtime:/opt/intel/oneapi/advisor/2025.0/lib64/runtime:/usr/local/cuda-12.6/lib64/:/opt/intel/oneapi/tcm/1.2/lib:/opt/intel/oneapi/umf/0.9/lib:/opt/intel/oneapi/tbb/2022.0/env/../lib/intel64/gcc4.8:/opt/intel/oneapi/pti/0.10/lib:/opt/intel/oneapi/mpi/2021.14/opt/mpi/libfabric/lib:/opt/intel/oneapi/mpi/2021.14/lib:/opt/intel/oneapi/mkl/2025.0/lib:/opt/intel/oneapi/ippcp/2025.0/lib/:/opt/intel/oneapi/ipp/2022.0/lib:/opt/intel/oneapi/dnnl/2025.0/lib:/opt/intel/oneapi/debugger/2025.0/opt/debugger/lib:/opt/intel/oneapi/dal/2025.0/lib:/opt/intel/oneapi/compiler/2025.0/opt/compiler/lib:/opt/intel/oneapi/compiler/2025.0/lib:/opt/intel/oneapi/ccl/2021.14/lib/
51 [139859857680320] INFO perfrun.launcher <> - set environment variable: INTEL_LIBITTNOTIFY32 = /opt/intel/oneapi/advisor/2025.0/lib32/runtime/libittnotify_collector.so
51 [139859857680320] INFO perfrun.launcher <> - set environment variable: INTEL_LIBITTNOTIFY64 = /opt/intel/oneapi/advisor/2025.0/lib64/runtime/libittnotify_collector.so
52 [139859857680320] INFO perfrun.launcher <> - set environment variable: INTEL_ITTNOTIFY_GROUPS = 
52 [139859857680320] INFO perfrun.launcher <> - set environment variable: INTEL_JIT_PROFILER32 = /opt/intel/oneapi/advisor/2025.0/lib32/runtime/libittnotify_collector.so
52 [139859857680320] INFO perfrun.launcher <> - set environment variable: INTEL_JIT_PROFILER64 = /opt/intel/oneapi/advisor/2025.0/lib64/runtime/libittnotify_collector.so
52 [139859857680320] INFO perfrun.launcher <> - set environment variable: CCL_ITT_LEVEL = 1
52 [139859857680320] INFO perfrun.launcher <> - set environment variable: ENABLE_JITPROFILING = 1
52 [139859857680320] INFO perfrun.launcher <> - set environment variable: CL_CONFIG_USE_VTUNE = True
53 [139859857680320] INFO perfrun.launcher <> - set environment variable: KMP_FORKJOIN_FRAMES = 0
53 [139859857680320] INFO perfrun.launcher <> - set environment variable: KMP_FORKJOIN_FRAMES_MODE = 0
53 [139859857680320] INFO perfrun.launcher <> - set environment variable: INTEL_MRTE_DATA_DIR = /home/chris/high-performance-clowns/mandelbrot/advisor/mandelbrot/e000/hs003/data.0
53 [139859857680320] INFO perfrun.launcher <> - set environment variable: INTEL_MRTE_HOST_NAME = chris4219
53 [139859857680320] INFO perfrun.launcher <> - set environment variable: JAVA_TOOL_OPTIONS = -agentlib:advixe_samplingmrte_javaprof_1.0 -Dsun.boot.library.path=/opt/intel/oneapi/advisor/2025.0/lib32/runtime:/opt/intel/oneapi/advisor/2025.0/lib64/runtime
53 [139859857680320] INFO perfrun.launcher <> - set environment variable: LD_LIBRARY_PATH = /opt/intel/oneapi/advisor/2025.0/lib32/runtime:/opt/intel/oneapi/advisor/2025.0/lib64/runtime:/usr/local/cuda-12.6/lib64/:/opt/intel/oneapi/tcm/1.2/lib:/opt/intel/oneapi/umf/0.9/lib:/opt/intel/oneapi/tbb/2022.0/env/../lib/intel64/gcc4.8:/opt/intel/oneapi/pti/0.10/lib:/opt/intel/oneapi/mpi/2021.14/opt/mpi/libfabric/lib:/opt/intel/oneapi/mpi/2021.14/lib:/opt/intel/oneapi/mkl/2025.0/lib:/opt/intel/oneapi/ippcp/2025.0/lib/:/opt/intel/oneapi/ipp/2022.0/lib:/opt/intel/oneapi/dnnl/2025.0/lib:/opt/intel/oneapi/debugger/2025.0/opt/debugger/lib:/opt/intel/oneapi/dal/2025.0/lib:/opt/intel/oneapi/compiler/2025.0/opt/compiler/lib:/opt/intel/oneapi/compiler/2025.0/lib:/opt/intel/oneapi/ccl/2021.14/lib/
54 [139859857680320] INFO perfrun.launcher <> - RpcServer: run RPC server to handle requests
54 [139859857680320] INFO perfrun.launcher <> - Launcher: command line to start before modification = /home/chris/high-performance-clowns/mandelbrot/release/mandelbrot
54 [139859857680320] INFO perfrun.launcher <> - Launcher: command line to start after modification = /opt/intel/oneapi/advisor/2025.0/bin64/pin -error_file /home/chris/high-performance-clowns/mandelbrot/advisor/mandelbrot/e000/hs003/data.0/pinerr.tpsslog -detach_reattach -follow_execv -tool_load_option deepbind -t64 /opt/intel/oneapi/advisor/2025.0/lib64/libtpsstool.so -t /opt/intel/oneapi/advisor/2025.0/lib32/libtpsstool.so -server_name tpss_ipc.32118 -prd_dir /opt/intel/oneapi/advisor/2025.0 -- /home/chris/high-performance-clowns/mandelbrot/release/mandelbrot
54 [139859857680320] INFO perfrun.launcher <> - ProcessCreator object was created
55 [139859857680320] INFO perfrun.launcher <> - Launcher: the process was started in suspend mode
55 [139859704407744] WARN perfrun.system <> - Folder "/sys/kernel/debug/kvm"doesn't exist, at file: vcs/perfrun1/plugins/system/src/trace_writer.cpp:720
55 [139859704407744] WARN perfrun.system <> - Folder "/var/run/libvirt/qemu/"doesn't exist, at file: vcs/perfrun1/plugins/system/src/trace_writer.cpp:800
56 [139859704407744] WARN perfrun.sdk <> - Failed to find xl binary on any of the system paths: /bin, /sbin, /usr/bin, /usr/sbin., at file: vcs/perfrun1/sdk/src/utils.cpp:205
59 [139859704407744] INFO perfrun.vdso <> - Helper runtool '/opt/intel/oneapi/advisor/2025.0/bin32/advixe-runss -dump-vdso -r /home/chris/high-performance-clowns/mandelbrot/advisor/mandelbrot/e000/hs003 --tmp-dir /tmp/advixe-tmp-chris' returned 1
111 [139859704407744] INFO perfrun.vdso <> - Helper runtool '/opt/intel/oneapi/advisor/2025.0/bin64/advixe-runss -dump-vdso -r /home/chris/high-performance-clowns/mandelbrot/advisor/mandelbrot/e000/hs003 --tmp-dir /tmp/advixe-tmp-chris' returned 0
111 [139859704407744] INFO perfrun.itt <> - start itt controller for pid #32130
111 [139859704407744] INFO perfrun.tpss <> - start tpss controller for pid #32130
162 [139859857680320] INFO perfrun.launcher <> - Launcher: all plugins were started
162 [139859857680320] INFO perfrun.launcher <> - DirectoryMonitor object was created
162 [139859857680320] INFO perfrun.launcher <> - DirectoryMonitor: a callback was added
162 [139859857680320] INFO perfrun.launcher <> - DirectoryMonitor was started with pingTime = 1000
162 [139859857680320] INFO perfrun.launcher <> - DeadlineTimer is going to be constructed
162 [139859857680320] INFO perfrun.launcher <> - DeadlineTimer: a callback was added
169 [139859857680320] INFO perfrun.launcher <> - Launcher: resume the profiled application and  wait its termination or stop command
17767 [139859857680320] INFO perfrun.launcher <> - Launcher: the profiled application was terminated  with exit code = 255
17770 [139859704407744] INFO perfrun.itt <> - detach itt controller
17770 [139859704407744] INFO perfrun.itt <> - detach itt controller done
17770 [139859704407744] INFO perfrun.tpss <> - stop tpss controller
17770 [139859704407744] INFO perfrun.sdk <> - De-allocating TMU: /home/chris/high-performance-clowns/mandelbrot/advisor/mandelbrot/e000/hs003/data.0/systemcollector-32118-chris4219.sc
17770 [139859704407744] INFO perfrun.system <> - closed the system trace file: /home/chris/high-performance-clowns/mandelbrot/advisor/mandelbrot/e000/hs003/data.0/systemcollector-32118-chris4219.sc
17770 [139859857680320] INFO perfrun.launcher <> - Launcher: all plugins were stopped.
17770 [139859857680320] INFO perfrun.launcher <> - DeadlineTimer is going to be destroyed
17771 [139859857680320] INFO perfrun.launcher <> - DeadlineTimer was destroyed
17771 [139859857680320] INFO perfrun.launcher <> - DirectoryMonitor object was destroyed
17771 [139859857680320] WARN perfrun.launcher <> - Stop command is ignored because it is received when collection is already stopped, at file: vcs/perfrun1/launcher/src/command_handler.cpp:226
17771 [139859857680320] INFO perfrun.launcher <> - Application exit code: 255
17771 [139859857680320] INFO perfrun.launcher <> - Exit code: 255
