8 [139976514119616] INFO perfrun.launcher <> - Launcher main begin
9 [139976514119616] INFO perfrun.launcher <> - MessageCatalogInit finished
9 [139976514119616] INFO perfrun.launcher <> - Launcher instance created
9 [139976514119616] INFO perfrun.launcher <> - argc = 7; cmdline = /opt/intel/oneapi/advisor/2023.2.0/bin64/advixe-runss --ui-output-format xml --ui-output-fd 89 --option-file /home/stud/docente/Desktop/OMP_ass/advisor/OMP_ass/e000/hs038/config/runss.options 
50 [139976514119616] INFO perfrun.launcher <> - create msngr2::ICliToolContext
51 [139976514119616] INFO perfrun.launcher <> - create file finder object
51 [139976514119616] INFO perfrun.launcher <> - create a result directory: pattern = /home/stud/docente/Desktop/OMP_ass/advisor/OMP_ass/e000/hs038 pid = 4294967295
70 [139976514119616] INFO perfrun.sdk <> - checked that the directory /home/stud/docente/Desktop/OMP_ass/advisor/OMP_ass/e000/hs038 is a local directory
70 [139976514119616] INFO perfrun.sdk <> - the directory /home/stud/docente/Desktop/OMP_ass/advisor/OMP_ass/e000/hs038 is a local directory with FS type ID 61267
70 [139976514119616] INFO perfrun.launcher <> - create data directory = /home/stud/docente/Desktop/OMP_ass/advisor/OMP_ass/e000/hs038/data.0
70 [139976514119616] INFO perfrun.launcher <> - Creating the master collection flag
77 [139976514119616] INFO perfrun.launcher <> - Done creating the master collection flag
101 [139976371070720] INFO perfrun.launcher <> - plugin [remoteplug] was disabled because it doesn't support the given collection type.
101 [139976371070720] INFO perfrun.sdk <> - Allocating TMU :/home/stud/docente/Desktop/OMP_ass/advisor/OMP_ass/e000/hs038/data.0/systemcollector-197147-sw133.sc
101 [139976371070720] INFO perfrun.launcher <> - plugin [] was disabled because it doesn't support the given collection type.
101 [139976371070720] INFO perfrun.launcher <> - plugin [gpu] was disabled because it doesn't support the given collection type.
101 [139976371070720] INFO perfrun.launcher <> - plugin [] was disabled because it doesn't support the given collection type.
101 [139976371070720] INFO perfrun.launcher <> - plugin [] was disabled because it doesn't support the given collection type.
101 [139976371070720] INFO perfrun.launcher <> - plugin [] was disabled because it doesn't support the given collection type.
101 [139976371070720] INFO perfrun.mrte <> - system-wide mode is 0
101 [139976371070720] INFO perfrun.mrte <> - Getting  mrte profiling environment ...
105 [139976371070720] INFO perfrun.mrte <> - INTEL_MRTE_DATA_DIR=/home/stud/docente/Desktop/OMP_ass/advisor/OMP_ass/e000/hs038/data.0
105 [139976371070720] INFO perfrun.mrte <> - INTEL_MRTE_HOST_NAME=sw133
105 [139976371070720] INFO perfrun.mrte <> - JAVA_TOOL_OPTIONS=-agentlib:advixe_tpssmrte_javaprof_1.0 -Dsun.boot.library.path=/opt/intel/oneapi/advisor/2023.2.0/lib32/runtime:/opt/intel/oneapi/advisor/2023.2.0/lib64/runtime
105 [139976371070720] INFO perfrun.mrte <> - LD_LIBRARY_PATH=/opt/intel/oneapi/advisor/2023.2.0/lib32/runtime:/opt/intel/oneapi/advisor/2023.2.0/lib64/runtime:/opt/intel/oneapi/tbb/2021.10.0/env/../lib/intel64/gcc4.8:/opt/intel/oneapi/mpi/2021.10.0//libfabric/lib:/opt/intel/oneapi/mpi/2021.10.0//lib/release:/opt/intel/oneapi/mpi/2021.10.0//lib:/opt/intel/oneapi/mkl/2023.2.0/lib/intel64:/opt/intel/oneapi/itac/2021.10.0/slib:/opt/intel/oneapi/ipp/2021.9.0/lib/intel64:/opt/intel/oneapi/ippcp/2021.8.0/lib/intel64:/opt/intel/oneapi/ipp/2021.9.0/lib/intel64:/opt/intel/oneapi/dnnl/2023.2.0/cpu_dpcpp_gpu_dpcpp/lib:/opt/intel/oneapi/debugger/2023.2.0/gdb/intel64/lib:/opt/intel/oneapi/debugger/2023.2.0/libipt/intel64/lib:/opt/intel/oneapi/debugger/2023.2.0/dep/lib:/opt/intel/oneapi/dal/2023.2.0/lib/intel64:/opt/intel/oneapi/compiler/2023.2.1/linux/lib:/opt/intel/oneapi/compiler/2023.2.1/linux/lib/x64:/opt/intel/oneapi/compiler/2023.2.1/linux/lib/oclfpga/host/linux64/lib:/opt/intel/oneapi/compiler/2023.2.1/linux/compiler/lib/intel64_lin:/opt/intel/oneapi/ccl/2021.10.0/lib/cpu_gpu_dpcpp
105 [139976371070720] INFO perfrun.mrte <> - Data directory: /home/stud/docente/Desktop/OMP_ass/advisor/OMP_ass/e000/hs038/data.0
105 [139976371070720] INFO perfrun.mrte <> - Mrte plugin is initialized
105 [139976371070720] INFO perfrun.launcher <> - plugin [] was disabled because it doesn't support the given collection type.
105 [139976371070720] INFO perfrun.launcher <> - plugin [] was disabled because it doesn't support the given collection type.
105 [139976371070720] INFO perfrun.launcher <> - plugin [] was disabled because it doesn't support the given collection type.
105 [139976371070720] INFO perfrun.launcher <> - plugin [] was disabled because it doesn't support the given collection type.
105 [139976371070720] INFO perfrun.launcher <> - plugin [] was disabled because it doesn't support the given collection type.
105 [139976371070720] INFO perfrun.launcher <> - plugin [] was disabled because it doesn't support the given collection type.
105 [139976371070720] INFO perfrun.launcher <> - plugin [] was disabled because it doesn't support the given collection type.
105 [139976371070720] INFO perfrun.tpss <> - initialize tpss controller
105 [139976371070720] INFO perfrun.tpss <> - configure collection mode: value = cpu:stack
105 [139976371070720] INFO perfrun.tpss <> - default obj-size-min=1024
105 [139976371070720] INFO perfrun.tpss <> - default hash-table-size=0
105 [139976371070720] INFO perfrun.launcher <> - plugin [] was disabled because it doesn't support the given collection type.
105 [139976371070720] INFO perfrun.launcher <> - plugin [] was disabled because it doesn't support the given collection type.
105 [139976371070720] INFO perfrun.launcher <> - plugin [] was disabled because it doesn't support the given collection type.
105 [139976371070720] INFO perfrun.launcher <> - plugin [] was disabled because it doesn't support the given collection type.
105 [139976371070720] INFO perfrun.launcher <> - plugin [] was disabled because it doesn't support the given collection type.
105 [139976371070720] INFO perfrun.launcher <> - plugin [] was disabled because it doesn't support the given collection type.
105 [139976371070720] INFO perfrun.launcher <> - plugin [] was disabled because it doesn't support the given collection type.
105 [139976371070720] INFO perfrun.launcher <> - plugin [] was disabled because it doesn't support the given collection type.
105 [139976371070720] INFO perfrun.launcher <> - plugin [] was disabled because it doesn't support the given collection type.
105 [139976514119616] INFO perfrun.launcher <> - set environment variable: LD_LIBRARY_PATH = /opt/intel/oneapi/advisor/2023.2.0/lib32/runtime:/opt/intel/oneapi/advisor/2023.2.0/lib64/runtime:/opt/intel/oneapi/tbb/2021.10.0/env/../lib/intel64/gcc4.8:/opt/intel/oneapi/mpi/2021.10.0//libfabric/lib:/opt/intel/oneapi/mpi/2021.10.0//lib/release:/opt/intel/oneapi/mpi/2021.10.0//lib:/opt/intel/oneapi/mkl/2023.2.0/lib/intel64:/opt/intel/oneapi/itac/2021.10.0/slib:/opt/intel/oneapi/ipp/2021.9.0/lib/intel64:/opt/intel/oneapi/ippcp/2021.8.0/lib/intel64:/opt/intel/oneapi/ipp/2021.9.0/lib/intel64:/opt/intel/oneapi/dnnl/2023.2.0/cpu_dpcpp_gpu_dpcpp/lib:/opt/intel/oneapi/debugger/2023.2.0/gdb/intel64/lib:/opt/intel/oneapi/debugger/2023.2.0/libipt/intel64/lib:/opt/intel/oneapi/debugger/2023.2.0/dep/lib:/opt/intel/oneapi/dal/2023.2.0/lib/intel64:/opt/intel/oneapi/compiler/2023.2.1/linux/lib:/opt/intel/oneapi/compiler/2023.2.1/linux/lib/x64:/opt/intel/oneapi/compiler/2023.2.1/linux/lib/oclfpga/host/linux64/lib:/opt/intel/oneapi/compiler/2023.2.1/linux/compiler/lib/intel64_lin:/opt/intel/oneapi/ccl/2021.10.0/lib/cpu_gpu_dpcpp
105 [139976514119616] INFO perfrun.launcher <> - set environment variable: INTEL_LIBITTNOTIFY32 = /opt/intel/oneapi/advisor/2023.2.0/lib32/runtime/libittnotify_collector.so
105 [139976514119616] INFO perfrun.launcher <> - set environment variable: INTEL_LIBITTNOTIFY64 = /opt/intel/oneapi/advisor/2023.2.0/lib64/runtime/libittnotify_collector.so
105 [139976514119616] INFO perfrun.launcher <> - set environment variable: INTEL_ITTNOTIFY_GROUPS = 
105 [139976514119616] INFO perfrun.launcher <> - set environment variable: INTEL_JIT_PROFILER32 = /opt/intel/oneapi/advisor/2023.2.0/lib32/runtime/libittnotify_collector.so
105 [139976514119616] INFO perfrun.launcher <> - set environment variable: INTEL_JIT_PROFILER64 = /opt/intel/oneapi/advisor/2023.2.0/lib64/runtime/libittnotify_collector.so
105 [139976514119616] INFO perfrun.launcher <> - set environment variable: ENABLE_JITPROFILING = 1
105 [139976514119616] INFO perfrun.launcher <> - set environment variable: CL_CONFIG_USE_VTUNE = True
105 [139976514119616] INFO perfrun.launcher <> - set environment variable: KMP_FORKJOIN_FRAMES = 0
105 [139976514119616] INFO perfrun.launcher <> - set environment variable: KMP_FORKJOIN_FRAMES_MODE = 0
105 [139976514119616] INFO perfrun.launcher <> - set environment variable: INTEL_MRTE_DATA_DIR = /home/stud/docente/Desktop/OMP_ass/advisor/OMP_ass/e000/hs038/data.0
105 [139976514119616] INFO perfrun.launcher <> - set environment variable: INTEL_MRTE_HOST_NAME = sw133
105 [139976514119616] INFO perfrun.launcher <> - set environment variable: JAVA_TOOL_OPTIONS = -agentlib:advixe_tpssmrte_javaprof_1.0 -Dsun.boot.library.path=/opt/intel/oneapi/advisor/2023.2.0/lib32/runtime:/opt/intel/oneapi/advisor/2023.2.0/lib64/runtime
105 [139976514119616] INFO perfrun.launcher <> - set environment variable: LD_LIBRARY_PATH = /opt/intel/oneapi/advisor/2023.2.0/lib32/runtime:/opt/intel/oneapi/advisor/2023.2.0/lib64/runtime:/opt/intel/oneapi/tbb/2021.10.0/env/../lib/intel64/gcc4.8:/opt/intel/oneapi/mpi/2021.10.0//libfabric/lib:/opt/intel/oneapi/mpi/2021.10.0//lib/release:/opt/intel/oneapi/mpi/2021.10.0//lib:/opt/intel/oneapi/mkl/2023.2.0/lib/intel64:/opt/intel/oneapi/itac/2021.10.0/slib:/opt/intel/oneapi/ipp/2021.9.0/lib/intel64:/opt/intel/oneapi/ippcp/2021.8.0/lib/intel64:/opt/intel/oneapi/ipp/2021.9.0/lib/intel64:/opt/intel/oneapi/dnnl/2023.2.0/cpu_dpcpp_gpu_dpcpp/lib:/opt/intel/oneapi/debugger/2023.2.0/gdb/intel64/lib:/opt/intel/oneapi/debugger/2023.2.0/libipt/intel64/lib:/opt/intel/oneapi/debugger/2023.2.0/dep/lib:/opt/intel/oneapi/dal/2023.2.0/lib/intel64:/opt/intel/oneapi/compiler/2023.2.1/linux/lib:/opt/intel/oneapi/compiler/2023.2.1/linux/lib/x64:/opt/intel/oneapi/compiler/2023.2.1/linux/lib/oclfpga/host/linux64/lib:/opt/intel/oneapi/compiler/2023.2.1/linux/compiler/lib/intel64_lin:/opt/intel/oneapi/ccl/2021.10.0/lib/cpu_gpu_dpcpp
105 [139976514119616] INFO perfrun.launcher <> - RpcServer: run RPC server to handle requests
105 [139976514119616] INFO perfrun.launcher <> - Launcher: command line to start before modification = /home/stud/docente/Desktop/OMP_ass/release/omp_homework 140000
105 [139976514119616] INFO perfrun.launcher <> - Launcher: command line to start after modification = /opt/intel/oneapi/advisor/2023.2.0/bin64/pin -error_file /home/stud/docente/Desktop/OMP_ass/advisor/OMP_ass/e000/hs038/data.0/pinerr.tpsslog -detach_reattach -follow_execv -tool_load_option deepbind -t64 /opt/intel/oneapi/advisor/2023.2.0/lib64/libtpsstool.so -t /opt/intel/oneapi/advisor/2023.2.0/lib32/libtpsstool.so -server_name tpss_ipc.197147 -prd_dir /opt/intel/oneapi/advisor/2023.2.0 -- /home/stud/docente/Desktop/OMP_ass/release/omp_homework 140000
105 [139976514119616] INFO perfrun.launcher <> - ProcessCreator object was created
106 [139976514119616] INFO perfrun.launcher <> - Launcher: the process was started in suspend mode
107 [139976371070720] WARN perfrun.system <> - Could not do anything with /sys/kernel/debug/kvm: boost::filesystem::status: Permission denied: "/sys/kernel/debug/kvm", at file: vcs/perfrun1/plugins/system/src/trace_writer.cpp:787
107 [139976371070720] WARN perfrun.system <> - Folder "/var/run/libvirt/qemu/"doesn't exist, at file: vcs/perfrun1/plugins/system/src/trace_writer.cpp:800
107 [139976371070720] WARN perfrun.sdk <> - Failed to find xl binary on any of the system paths: /bin, /sbin, /usr/bin, /usr/sbin., at file: vcs/perfrun1/sdk/src/utils.cpp:204
109 [139976371070720] INFO perfrun.vdso <> - Helper runtool '/opt/intel/oneapi/advisor/2023.2.0/bin32/advixe-runss -dump-vdso -r /home/stud/docente/Desktop/OMP_ass/advisor/OMP_ass/e000/hs038 --tmp-dir /tmp/advixe-tmp-docente' returned 1
176 [139976371070720] INFO perfrun.vdso <> - Helper runtool '/opt/intel/oneapi/advisor/2023.2.0/bin64/advixe-runss -dump-vdso -r /home/stud/docente/Desktop/OMP_ass/advisor/OMP_ass/e000/hs038 --tmp-dir /tmp/advixe-tmp-docente' returned 0
176 [139976371070720] INFO perfrun.itt <> - start itt controller for pid #197160
177 [139976371070720] INFO perfrun.tpss <> - start tpss controller for pid #197160
227 [139976514119616] INFO perfrun.launcher <> - Launcher: all plugins were started
227 [139976514119616] INFO perfrun.launcher <> - DirectoryMonitor object was created
227 [139976514119616] INFO perfrun.launcher <> - DirectoryMonitor: a callback was added
227 [139976514119616] INFO perfrun.launcher <> - DirectoryMonitor was started with pingTime = 1000
227 [139976514119616] INFO perfrun.launcher <> - DeadlineTimer is going to be constructed
227 [139976514119616] INFO perfrun.launcher <> - DeadlineTimer: a callback was added
229 [139976514119616] INFO perfrun.launcher <> - Launcher: resume the profiled application and  wait its termination or stop command
11517 [139976514119616] INFO perfrun.launcher <> - Launcher: the profiled application was terminated  with exit code = 1
11524 [139976371070720] INFO perfrun.itt <> - detach itt controller
11524 [139976371070720] INFO perfrun.itt <> - detach itt controller done
11524 [139976371070720] INFO perfrun.tpss <> - stop tpss controller
11525 [139976371070720] INFO perfrun.sdk <> - De-allocating TMU: /home/stud/docente/Desktop/OMP_ass/advisor/OMP_ass/e000/hs038/data.0/systemcollector-197147-sw133.sc
11525 [139976371070720] INFO perfrun.system <> - closed the system trace file: /home/stud/docente/Desktop/OMP_ass/advisor/OMP_ass/e000/hs038/data.0/systemcollector-197147-sw133.sc
11525 [139976514119616] INFO perfrun.launcher <> - Launcher: all plugins were stopped.
11525 [139976514119616] INFO perfrun.launcher <> - DeadlineTimer is going to be destroyed
11525 [139976514119616] INFO perfrun.launcher <> - DeadlineTimer was destroyed
11525 [139976514119616] INFO perfrun.launcher <> - DirectoryMonitor object was destroyed
11525 [139976514119616] WARN perfrun.launcher <> - Stop command is ignored because it is received when collection is already stopped, at file: vcs/perfrun1/launcher/src/command_handler.cpp:226
11525 [139976514119616] INFO perfrun.launcher <> - Application exit code: 1
11525 [139976514119616] INFO perfrun.launcher <> - Exit code: 1
