8 [140327357904832] INFO perfrun.launcher <> - Launcher main begin
8 [140327357904832] INFO perfrun.launcher <> - MessageCatalogInit finished
8 [140327357904832] INFO perfrun.launcher <> - Launcher instance created
8 [140327357904832] INFO perfrun.launcher <> - argc = 6; cmdline = /opt/intel/oneapi/advisor/2023.2.0/bin64/advixe-runss -dump-vdso -r /home/stud/docente/Desktop/OMP_ass/advisor/OMP_ass/e000/hs038 --tmp-dir /tmp/advixe-tmp-docente 
33 [140327357904832] INFO perfrun.launcher <> - create msngr2::ICliToolContext
33 [140327357904832] INFO perfrun.launcher <> - create file finder object
55 [140327209920256] INFO perfrun.launcher <> - plugin [remoteplug] was disabled because it doesn't support the given collection type.
55 [140327209920256] INFO perfrun.launcher <> - plugin [system] was disabled because it doesn't support the given collection type.
55 [140327209920256] INFO perfrun.vdso <> - dumping [vdso] pseudomodule
56 [140327209920256] INFO perfrun.launcher <> - plugin [itt] was disabled because it doesn't support the given collection type.
56 [140327209920256] INFO perfrun.launcher <> - plugin [] was disabled because it doesn't support the given collection type.
56 [140327209920256] INFO perfrun.launcher <> - plugin [gpu] was disabled because it doesn't support the given collection type.
56 [140327209920256] INFO perfrun.launcher <> - plugin [] was disabled because it doesn't support the given collection type.
56 [140327209920256] INFO perfrun.launcher <> - plugin [] was disabled because it doesn't support the given collection type.
56 [140327209920256] INFO perfrun.launcher <> - plugin [] was disabled because it doesn't support the given collection type.
56 [140327209920256] INFO perfrun.launcher <> - plugin [mrte] was disabled because it doesn't support the given collection type.
56 [140327209920256] INFO perfrun.launcher <> - plugin [] was disabled because it doesn't support the given collection type.
56 [140327209920256] INFO perfrun.launcher <> - plugin [] was disabled because it doesn't support the given collection type.
56 [140327209920256] INFO perfrun.launcher <> - plugin [] was disabled because it doesn't support the given collection type.
56 [140327209920256] INFO perfrun.launcher <> - plugin [] was disabled because it doesn't support the given collection type.
56 [140327209920256] INFO perfrun.launcher <> - plugin [] was disabled because it doesn't support the given collection type.
56 [140327209920256] INFO perfrun.launcher <> - plugin [] was disabled because it doesn't support the given collection type.
56 [140327209920256] INFO perfrun.launcher <> - plugin [] was disabled because it doesn't support the given collection type.
56 [140327209920256] INFO perfrun.launcher <> - plugin [tpss] was disabled because it doesn't support the given collection type.
56 [140327209920256] INFO perfrun.launcher <> - plugin [] was disabled because it doesn't support the given collection type.
56 [140327209920256] INFO perfrun.launcher <> - plugin [] was disabled because it doesn't support the given collection type.
56 [140327209920256] INFO perfrun.launcher <> - plugin [] was disabled because it doesn't support the given collection type.
56 [140327209920256] INFO perfrun.launcher <> - plugin [] was disabled because it doesn't support the given collection type.
56 [140327209920256] INFO perfrun.launcher <> - plugin [] was disabled because it doesn't support the given collection type.
56 [140327209920256] INFO perfrun.launcher <> - plugin [] was disabled because it doesn't support the given collection type.
56 [140327209920256] INFO perfrun.launcher <> - plugin [] was disabled because it doesn't support the given collection type.
56 [140327209920256] INFO perfrun.launcher <> - plugin [] was disabled because it doesn't support the given collection type.
56 [140327209920256] INFO perfrun.launcher <> - plugin [] was disabled because it doesn't support the given collection type.
56 [140327357904832] INFO perfrun.launcher <> - Application exit code: 0
56 [140327357904832] INFO perfrun.launcher <> - Exit code: 0
