Peak bandwidth measurement started...
Peak bandwidth measurement finished.
Analysis started...
Collection has been started.
Result file: /home/chris/high-performance-clowns/hw1/advisor/OMP_ass/e000/trc001/trc001.advixe 
Application exit code: 1 
Result file: /home/chris/high-performance-clowns/hw1/advisor/OMP_ass/e000/trc001/trc001.advixe 
Analysis completed
Finalizing results
Finalizing the result
Loading raw data to the database
Loading 'bandwidth_1734034058.hpc' file
Loading 'tripcounts_38827_0.tcs' file
Updating precomputed scalar metrics
Raw data has been loaded to the database, elapsed time is 0.312 seconds.
Processing profile metrics and debug information
Data transformations have been finished, elapsed time is 0.003 seconds.
Setting data model parameters
Resolving module symbols
Symbol resolution has been finished, elapsed time is 0.065 seconds.
Processing profile metrics and debug information
Resolving FLOP information
Calculating function call count
Processing information for light dynamic instruction mix report
Deferred data transformations have been finished, elapsed time is 1.063 seconds.
Setting data model parameters
Data model parameters have been set, elapsed time is 0.030 seconds.
Precomputing frequently used data
Precomputing frequently used data
Updating precomputed scalar metrics
Precomputing frequently used data has been finished, elapsed time is 0.017 seconds.
Discarding redundant overtime data
Saving the result
Redundant overtime data has been discarded, elapsed time is 0.002 seconds.
Raw collector data has been discarded, elapsed time is 0.000 seconds.
Finalizing the result took 1.602 seconds.
Preparing data for display of survey call tree
