
19778 : 0x9203d877791 : 1 : spill_jit_data :  Jit agent is not initialized
19765 : 0x9203d884ff5 : 2 : ittapi_config_mask_get :  --itt-config mask to be applied: 183
19765 : 0x9203d88c487 : 2 : ittapi_config_apply_per_lib :  ITTAPI function instrumented: __itt_domain_create
19765 : 0x9203d88da65 : 2 : ittapi_config_apply_per_lib :  ITTAPI function instrumented: __itt_module_load_with_sections
19765 : 0x9203d8901e9 : 2 : ittapi_config_apply_per_lib :  ITTAPI function not implemented: __itt_module_unload_with_sections
19765 : 0x9203d89160d : 2 : ittapi_config_apply_per_lib :  ITTAPI function instrumented: __itt_string_handle_create
19765 : 0x9203d89267d : 2 : ittapi_config_apply_per_lib :  ITTAPI function instrumented: __itt_counter_create
19765 : 0x9203d893481 : 2 : ittapi_config_apply_per_lib :  ITTAPI function instrumented: __itt_counter_create_typed
19765 : 0x9203d8941f3 : 2 : ittapi_config_apply_per_lib :  ITTAPI function instrumented: __itt_pause
19765 : 0x9203d895031 : 2 : ittapi_config_apply_per_lib :  ITTAPI function instrumented: __itt_resume
19765 : 0x9203d8ae121 : 2 : ittapi_config_apply_per_lib :  ITTAPI function not implemented: __itt_pause_scoped
19765 : 0x9203d8b0b1d : 2 : ittapi_config_apply_per_lib :  ITTAPI function not implemented: __itt_resume_scoped
19765 : 0x9203d8b1c21 : 2 : ittapi_config_apply_per_lib :  ITTAPI function instrumented: __itt_thread_set_name
19765 : 0x9203d8b2c15 : 2 : ittapi_config_apply_per_lib :  ITTAPI function instrumented: __itt_thread_ignore
19765 : 0x9203d8b3ac3 : 2 : ittapi_config_apply_per_lib :  ITTAPI function instrumented: __itt_thr_name_set
19765 : 0x9203d8b497f : 2 : ittapi_config_apply_per_lib :  ITTAPI function instrumented: __itt_thr_ignore
19765 : 0x9203d8b576d : 2 : ittapi_config_apply_per_lib :  ITTAPI function instrumented: __itt_histogram_create
19765 : 0x9203d8b64c3 : 2 : ittapi_config_apply_per_lib :  ITTAPI function instrumented: __itt_counter_create_v3
19765 : 0x9203d8b829b : 2 : ittapi_config_apply_per_lib :  ITTAPI function instrumented: __itt_bind_context_metadata_to_counter
19765 : 0x9203d8b94f5 : 2 : ittapi_config_apply_per_lib :  ITTAPI function not implemented: __itt_enable_attach
19765 : 0x9203d8c24c3 : 2 : ittapi_config_apply_per_lib :  ITTAPI function instrumented: __itt_detach
19765 : 0x9203d8c33db : 2 : ittapi_config_apply_per_lib :  ITTAPI function NOT instrumented (not matched by --itt-config option): __itt_sync_create

19765 : 0x9203d8c4083 : 2 : ittapi_config_apply_per_lib :  ITTAPI function NOT instrumented (not matched by --itt-config option): __itt_sync_rename

19765 : 0x9203d8c4b9d : 2 : ittapi_config_apply_per_lib :  ITTAPI function NOT instrumented (not matched by --itt-config option): __itt_sync_destroy

19765 : 0x9203d8c56d3 : 2 : ittapi_config_apply_per_lib :  ITTAPI function NOT instrumented (not matched by --itt-config option): __itt_sync_prepare

19765 : 0x9203d8c61bd : 2 : ittapi_config_apply_per_lib :  ITTAPI function NOT instrumented (not matched by --itt-config option): __itt_sync_cancel

19765 : 0x9203d8c6c77 : 2 : ittapi_config_apply_per_lib :  ITTAPI function NOT instrumented (not matched by --itt-config option): __itt_sync_acquired

19765 : 0x9203d8c7751 : 2 : ittapi_config_apply_per_lib :  ITTAPI function NOT instrumented (not matched by --itt-config option): __itt_sync_releasing

19765 : 0x9203d8c882d : 2 : ittapi_config_apply_per_lib :  ITTAPI function not implemented: __itt_suppress_push
19765 : 0x9203d8c9a49 : 2 : ittapi_config_apply_per_lib :  ITTAPI function not implemented: __itt_suppress_pop
19765 : 0x9203d8d05ff : 2 : ittapi_config_apply_per_lib :  ITTAPI function not implemented: __itt_suppress_mark_range
19765 : 0x9203d8d1b5b : 2 : ittapi_config_apply_per_lib :  ITTAPI function not implemented: __itt_suppress_clear_range
19765 : 0x9203d8d26c3 : 2 : ittapi_config_apply_per_lib :  ITTAPI function NOT instrumented (not matched by --itt-config option): __itt_sync_prepare

19765 : 0x9203d8d31f7 : 2 : ittapi_config_apply_per_lib :  ITTAPI function NOT instrumented (not matched by --itt-config option): __itt_sync_cancel

19765 : 0x9203d8d3cd1 : 2 : ittapi_config_apply_per_lib :  ITTAPI function NOT instrumented (not matched by --itt-config option): __itt_sync_acquired

19765 : 0x9203d8d47a5 : 2 : ittapi_config_apply_per_lib :  ITTAPI function NOT instrumented (not matched by --itt-config option): __itt_sync_releasing

19765 : 0x9203d8d57fb : 2 : ittapi_config_apply_per_lib :  ITTAPI function instrumented: __itt_model_site_begin
19765 : 0x9203d8d67a5 : 2 : ittapi_config_apply_per_lib :  ITTAPI function instrumented: __itt_model_site_end
19765 : 0x9203d8d74eb : 2 : ittapi_config_apply_per_lib :  ITTAPI function instrumented: __itt_model_task_begin
19765 : 0x9203d8d8201 : 2 : ittapi_config_apply_per_lib :  ITTAPI function instrumented: __itt_model_task_end
19765 : 0x9203d9244cf : 2 : ittapi_config_apply_per_lib :  ITTAPI function instrumented: __itt_model_lock_acquire
19765 : 0x9203d92687d : 2 : ittapi_config_apply_per_lib :  ITTAPI function instrumented: __itt_model_lock_release
19765 : 0x9203d92821d : 2 : ittapi_config_apply_per_lib :  ITTAPI function not implemented: __itt_model_record_allocation
19765 : 0x9203d9296c1 : 2 : ittapi_config_apply_per_lib :  ITTAPI function not implemented: __itt_model_record_deallocation
19765 : 0x9203d92ae5d : 2 : ittapi_config_apply_per_lib :  ITTAPI function not implemented: __itt_model_induction_uses
19765 : 0x9203d92bf41 : 2 : ittapi_config_apply_per_lib :  ITTAPI function not implemented: __itt_model_reduction_uses
19765 : 0x9203d92cfed : 2 : ittapi_config_apply_per_lib :  ITTAPI function not implemented: __itt_model_observe_uses
19765 : 0x9203d92de1b : 2 : ittapi_config_apply_per_lib :  ITTAPI function not implemented: __itt_model_clear_uses
19765 : 0x9203d92efb5 : 2 : ittapi_config_apply_per_lib :  ITTAPI function instrumented: __itt_model_site_beginA
19765 : 0x9203d92fcc3 : 2 : ittapi_config_apply_per_lib :  ITTAPI function instrumented: __itt_model_site_beginAL
19765 : 0x9203d9381ed : 2 : ittapi_config_apply_per_lib :  ITTAPI function instrumented: __itt_model_task_beginA
19765 : 0x9203d939171 : 2 : ittapi_config_apply_per_lib :  ITTAPI function instrumented: __itt_model_task_beginAL
19765 : 0x9203d939f03 : 2 : ittapi_config_apply_per_lib :  ITTAPI function instrumented: __itt_model_iteration_taskA
19765 : 0x9203d93abdb : 2 : ittapi_config_apply_per_lib :  ITTAPI function instrumented: __itt_model_iteration_taskAL
19765 : 0x9203d93b9dd : 2 : ittapi_config_apply_per_lib :  ITTAPI function instrumented: __itt_model_site_end_2
19765 : 0x9203d93c747 : 2 : ittapi_config_apply_per_lib :  ITTAPI function instrumented: __itt_model_task_end_2
19765 : 0x9203d93d455 : 2 : ittapi_config_apply_per_lib :  ITTAPI function instrumented: __itt_model_lock_acquire_2
19765 : 0x9203d93e1d1 : 2 : ittapi_config_apply_per_lib :  ITTAPI function instrumented: __itt_model_lock_release_2
19765 : 0x9203d93eecb : 2 : ittapi_config_apply_per_lib :  ITTAPI function instrumented: __itt_model_aggregate_task
19765 : 0x9203d93fc0b : 2 : ittapi_config_apply_per_lib :  ITTAPI function instrumented: __itt_model_disable_push
19765 : 0x9203d9468ab : 2 : ittapi_config_apply_per_lib :  ITTAPI function instrumented: __itt_model_disable_pop
19765 : 0x9203d947937 : 2 : ittapi_config_apply_per_lib :  ITTAPI function instrumented: __itt_heap_function_create
19765 : 0x9203d948659 : 2 : ittapi_config_apply_per_lib :  ITTAPI function instrumented: __itt_heap_allocate_begin
19765 : 0x9203d949313 : 2 : ittapi_config_apply_per_lib :  ITTAPI function instrumented: __itt_heap_allocate_end
19765 : 0x9203d949fb5 : 2 : ittapi_config_apply_per_lib :  ITTAPI function instrumented: __itt_heap_free_begin
19765 : 0x9203d94ad11 : 2 : ittapi_config_apply_per_lib :  ITTAPI function instrumented: __itt_heap_free_end
19765 : 0x9203d94ba31 : 2 : ittapi_config_apply_per_lib :  ITTAPI function instrumented: __itt_heap_reallocate_begin
19765 : 0x9203d94c6db : 2 : ittapi_config_apply_per_lib :  ITTAPI function instrumented: __itt_heap_reallocate_end
19765 : 0x9203d94d9dd : 2 : ittapi_config_apply_per_lib :  ITTAPI function not implemented: __itt_heap_internal_access_begin
19765 : 0x9203d94e9ab : 2 : ittapi_config_apply_per_lib :  ITTAPI function not implemented: __itt_heap_internal_access_end
19765 : 0x9203d959d23 : 2 : ittapi_config_apply_per_lib :  ITTAPI function not implemented: __itt_heap_record_memory_growth_begin
19765 : 0x9203d95b5e3 : 2 : ittapi_config_apply_per_lib :  ITTAPI function not implemented: __itt_heap_record_memory_growth_end
19765 : 0x9203d95c8d1 : 2 : ittapi_config_apply_per_lib :  ITTAPI function not implemented: __itt_heap_reset_detection
19765 : 0x9203d95e127 : 2 : ittapi_config_apply_per_lib :  ITTAPI function not implemented: __itt_heap_record
19765 : 0x9203d95f583 : 2 : ittapi_config_apply_per_lib :  ITTAPI function not implemented: __itt_id_create
19765 : 0x9203d960645 : 2 : ittapi_config_apply_per_lib :  ITTAPI function not implemented: __itt_id_destroy
19765 : 0x9203d961515 : 2 : ittapi_config_apply_per_lib :  ITTAPI function instrumented: __itt_get_timestamp
19765 : 0x9203d962471 : 2 : ittapi_config_apply_per_lib :  ITTAPI function not implemented: __itt_region_begin
19765 : 0x9203d96330f : 2 : ittapi_config_apply_per_lib :  ITTAPI function not implemented: __itt_region_end
19765 : 0x9203d964125 : 2 : ittapi_config_apply_per_lib :  ITTAPI function instrumented: __itt_frame_begin_v3
19765 : 0x9203d96a5b9 : 2 : ittapi_config_apply_per_lib :  ITTAPI function instrumented: __itt_frame_end_v3
19765 : 0x9203d96b5df : 2 : ittapi_config_apply_per_lib :  ITTAPI function instrumented: __itt_frame_submit_v3
19765 : 0x9203d96c539 : 2 : ittapi_config_apply_per_lib :  ITTAPI function not implemented: __itt_task_group
19765 : 0x9203d96d2ef : 2 : ittapi_config_apply_per_lib :  ITTAPI function instrumented: __itt_task_begin
19765 : 0x9203d96dff7 : 2 : ittapi_config_apply_per_lib :  ITTAPI function instrumented: __itt_task_begin_fn
19765 : 0x9203d96ecc9 : 2 : ittapi_config_apply_per_lib :  ITTAPI function instrumented: __itt_task_end
19765 : 0x9203d96fbcb : 2 : ittapi_config_apply_per_lib :  ITTAPI function not implemented: __itt_counter_inc_v3
19765 : 0x9203d970a2f : 2 : ittapi_config_apply_per_lib :  ITTAPI function not implemented: __itt_counter_inc_delta_v3
19765 : 0x9203d971aff : 2 : ittapi_config_apply_per_lib :  ITTAPI function not implemented: __itt_counter_dec_v3
19765 : 0x9203d97294b : 2 : ittapi_config_apply_per_lib :  ITTAPI function not implemented: __itt_counter_dec_delta_v3
19765 : 0x9203d97921d : 2 : ittapi_config_apply_per_lib :  ITTAPI function not implemented: __itt_marker
19765 : 0x9203d97a24f : 2 : ittapi_config_apply_per_lib :  ITTAPI function instrumented: __itt_metadata_add
19765 : 0x9203d97b291 : 2 : ittapi_config_apply_per_lib :  ITTAPI function not implemented: __itt_metadata_str_add
19765 : 0x9203d97c265 : 2 : ittapi_config_apply_per_lib :  ITTAPI function not implemented: __itt_relation_add_to_current
19765 : 0x9203d97d23d : 2 : ittapi_config_apply_per_lib :  ITTAPI function not implemented: __itt_relation_add
19765 : 0x9203d97e0b7 : 2 : ittapi_config_apply_per_lib :  ITTAPI function instrumented: __itt_event_create
19765 : 0x9203d97ee61 : 2 : ittapi_config_apply_per_lib :  ITTAPI function instrumented: __itt_event_start
19765 : 0x9203d97fb75 : 2 : ittapi_config_apply_per_lib :  ITTAPI function instrumented: __itt_event_end
19765 : 0x9203d9809d3 : 2 : ittapi_config_apply_per_lib :  ITTAPI function NOT instrumented (not matched by --itt-config option): __itt_sync_set_name

19765 : 0x9203d9815b3 : 2 : ittapi_config_apply_per_lib :  ITTAPI function NOT instrumented (not matched by --itt-config option): __itt_notify_sync_name

19765 : 0x9203d9878b7 : 2 : ittapi_config_apply_per_lib :  ITTAPI function NOT instrumented (not matched by --itt-config option): __itt_notify_sync_prepare

19765 : 0x9203d9885e9 : 2 : ittapi_config_apply_per_lib :  ITTAPI function NOT instrumented (not matched by --itt-config option): __itt_notify_sync_cancel

19765 : 0x9203d9890eb : 2 : ittapi_config_apply_per_lib :  ITTAPI function NOT instrumented (not matched by --itt-config option): __itt_notify_sync_acquired

19765 : 0x9203d989b9f : 2 : ittapi_config_apply_per_lib :  ITTAPI function NOT instrumented (not matched by --itt-config option): __itt_notify_sync_releasing

19765 : 0x9203d98ad3f : 2 : ittapi_config_apply_per_lib :  ITTAPI function not implemented: __itt_memory_read
19765 : 0x9203d98c2f5 : 2 : ittapi_config_apply_per_lib :  ITTAPI function not implemented: __itt_memory_write
19765 : 0x9203d98d1e9 : 2 : ittapi_config_apply_per_lib :  ITTAPI function not implemented: __itt_memory_update
19765 : 0x9203d98e145 : 2 : ittapi_config_apply_per_lib :  ITTAPI function not implemented: __itt_state_get
19765 : 0x9203d98ef8f : 2 : ittapi_config_apply_per_lib :  ITTAPI function not implemented: __itt_state_set
19765 : 0x9203d98fdb9 : 2 : ittapi_config_apply_per_lib :  ITTAPI function not implemented: __itt_obj_mode_set
19765 : 0x9203d9984f5 : 2 : ittapi_config_apply_per_lib :  ITTAPI function not implemented: __itt_thr_mode_set
19765 : 0x9203d999543 : 2 : ittapi_config_apply_per_lib :  ITTAPI function instrumented: __itt_frame_create
19765 : 0x9203d99a37b : 2 : ittapi_config_apply_per_lib :  ITTAPI function instrumented: __itt_pt_region_create
19765 : 0x9203d99b2c3 : 2 : ittapi_config_apply_per_lib :  ITTAPI function instrumented: __itt_frame_begin
19765 : 0x9203d99c069 : 2 : ittapi_config_apply_per_lib :  ITTAPI function instrumented: __itt_frame_end
19765 : 0x9203d99d0bf : 2 : ittapi_config_apply_per_lib :  ITTAPI function not implemented: __itt_counter_destroy
19765 : 0x9203d99dee5 : 2 : ittapi_config_apply_per_lib :  ITTAPI function instrumented: __itt_counter_inc
19765 : 0x9203d99ecc7 : 2 : ittapi_config_apply_per_lib :  ITTAPI function instrumented: __itt_counter_inc_delta
19765 : 0x9203d99fbcd : 2 : ittapi_config_apply_per_lib :  ITTAPI function instrumented: __itt_counter_dec
19765 : 0x9203d9a0997 : 2 : ittapi_config_apply_per_lib :  ITTAPI function instrumented: __itt_counter_dec_delta
19765 : 0x9203d9a7cbb : 2 : ittapi_config_apply_per_lib :  ITTAPI function instrumented: __itt_counter_set_value
19765 : 0x9203d9a8dcd : 2 : ittapi_config_apply_per_lib :  ITTAPI function not implemented: __itt_counter_set_value_ex
19765 : 0x9203d9a9e3d : 2 : ittapi_config_apply_per_lib :  ITTAPI function not implemented: __itt_mark_create
19765 : 0x9203d9aaead : 2 : ittapi_config_apply_per_lib :  ITTAPI function not implemented: __itt_mark
19765 : 0x9203d9ac51d : 2 : ittapi_config_apply_per_lib :  ITTAPI function not implemented: __itt_mark_off
19765 : 0x9203d9ad53f : 2 : ittapi_config_apply_per_lib :  ITTAPI function not implemented: __itt_mark_global
19765 : 0x9203d9ae44b : 2 : ittapi_config_apply_per_lib :  ITTAPI function not implemented: __itt_mark_global_off
19765 : 0x9203d9af343 : 2 : ittapi_config_apply_per_lib :  ITTAPI function instrumented: __itt_stack_caller_create
19765 : 0x9203d9b00c3 : 2 : ittapi_config_apply_per_lib :  ITTAPI function instrumented: __itt_stack_caller_destroy
19765 : 0x9203d9b0d97 : 2 : ittapi_config_apply_per_lib :  ITTAPI function instrumented: __itt_stack_callee_enter
19765 : 0x9203d9b6d67 : 2 : ittapi_config_apply_per_lib :  ITTAPI function instrumented: __itt_stack_callee_leave
19765 : 0x9203d9b7ea5 : 2 : ittapi_config_apply_per_lib :  ITTAPI function not implemented: __itt_clock_domain_create
19765 : 0x9203d9b8eeb : 2 : ittapi_config_apply_per_lib :  ITTAPI function not implemented: __itt_clock_domain_reset
19765 : 0x9203d9b9ee7 : 2 : ittapi_config_apply_per_lib :  ITTAPI function not implemented: __itt_id_create_ex
19765 : 0x9203d9bad79 : 2 : ittapi_config_apply_per_lib :  ITTAPI function not implemented: __itt_id_destroy_ex
19765 : 0x9203d9bbc29 : 2 : ittapi_config_apply_per_lib :  ITTAPI function not implemented: __itt_task_begin_ex
19765 : 0x9203d9bca8f : 2 : ittapi_config_apply_per_lib :  ITTAPI function not implemented: __itt_task_begin_fn_ex
19765 : 0x9203d9bd88d : 2 : ittapi_config_apply_per_lib :  ITTAPI function not implemented: __itt_task_end_ex
19765 : 0x9203d9be6ef : 2 : ittapi_config_apply_per_lib :  ITTAPI function instrumented: __itt_task_begin_overlapped
19765 : 0x9203d9bf599 : 2 : ittapi_config_apply_per_lib :  ITTAPI function not implemented: __itt_task_begin_overlapped_ex
19765 : 0x9203d9c7cc5 : 2 : ittapi_config_apply_per_lib :  ITTAPI function instrumented: __itt_task_end_overlapped
19765 : 0x9203d9c8d9f : 2 : ittapi_config_apply_per_lib :  ITTAPI function not implemented: __itt_task_end_overlapped_ex
19765 : 0x9203d9c9c05 : 2 : ittapi_config_apply_per_lib :  ITTAPI function not implemented: __itt_marker_ex
19765 : 0x9203d9cabfd : 2 : ittapi_config_apply_per_lib :  ITTAPI function not implemented: __itt_metadata_add_with_scope
19765 : 0x9203d9cbb35 : 2 : ittapi_config_apply_per_lib :  ITTAPI function not implemented: __itt_metadata_str_add_with_scope
19765 : 0x9203d9ccab7 : 2 : ittapi_config_apply_per_lib :  ITTAPI function not implemented: __itt_relation_add_to_current_ex
19765 : 0x9203d9cd935 : 2 : ittapi_config_apply_per_lib :  ITTAPI function not implemented: __itt_relation_add_ex
19765 : 0x9203d9ce759 : 2 : ittapi_config_apply_per_lib :  ITTAPI function not implemented: __itt_track_group_create
19765 : 0x9203d9cf519 : 2 : ittapi_config_apply_per_lib :  ITTAPI function not implemented: __itt_track_create
19765 : 0x9203d9d0399 : 2 : ittapi_config_apply_per_lib :  ITTAPI function not implemented: __itt_set_track
19765 : 0x9203d9d68cf : 2 : ittapi_config_apply_per_lib :  ITTAPI function instrumented: __itt_api_version
19765 : 0x9203d9d7f0f : 2 : ittapi_config_apply_per_lib :  ITTAPI function not implemented: __itt_av_save
19765 : 0x9203d9d8d53 : 2 : ittapi_config_apply_per_lib :  ITTAPI function instrumented: __itt_module_load
19765 : 0x9203d9d9c05 : 2 : ittapi_config_apply_per_lib :  ITTAPI function not implemented: __itt_module_unload
19765 : 0x9203d9da79d : 2 : ittapi_config_apply_per_lib :  ITTAPI function NOT instrumented (not matched by --itt-config option): __itt_histogram_submit

19765 : 0x9203d9db60b : 2 : ittapi_config_apply_per_lib :  ITTAPI function instrumented: __itt_counter_set_value_v3
19765 : 0x9207b488dc8 : 2 : ittapi_config_mask_get :  --itt-config mask to be applied: 183
19765 : 0x9207b492f8e : 2 : ittapi_config_apply_per_lib :  ITTAPI function instrumented: __itt_domain_create
19765 : 0x9207b495286 : 2 : ittapi_config_apply_per_lib :  ITTAPI function instrumented: __itt_module_load_with_sections
19765 : 0x9207b4968c0 : 2 : ittapi_config_apply_per_lib :  ITTAPI function not implemented: __itt_module_unload_with_sections
19765 : 0x9207b4df92c : 2 : ittapi_config_apply_per_lib :  ITTAPI function instrumented: __itt_string_handle_create
19765 : 0x9207b4e2352 : 2 : ittapi_config_apply_per_lib :  ITTAPI function instrumented: __itt_counter_create
19765 : 0x9207b4e34fc : 2 : ittapi_config_apply_per_lib :  ITTAPI function instrumented: __itt_counter_create_typed
19765 : 0x9207b4e45b2 : 2 : ittapi_config_apply_per_lib :  ITTAPI function instrumented: __itt_pause
19765 : 0x9207b4e5ac6 : 2 : ittapi_config_apply_per_lib :  ITTAPI function instrumented: __itt_resume
19765 : 0x9207b4e6f40 : 2 : ittapi_config_apply_per_lib :  ITTAPI function not implemented: __itt_pause_scoped
19765 : 0x9207b4e8a6e : 2 : ittapi_config_apply_per_lib :  ITTAPI function not implemented: __itt_resume_scoped
19765 : 0x9207b4ea1f8 : 2 : ittapi_config_apply_per_lib :  ITTAPI function instrumented: __itt_thread_set_name
19765 : 0x9207b4eb414 : 2 : ittapi_config_apply_per_lib :  ITTAPI function instrumented: __itt_thread_ignore
19765 : 0x9207b4ec4b8 : 2 : ittapi_config_apply_per_lib :  ITTAPI function instrumented: __itt_thr_name_set
19765 : 0x9207b4fba3a : 2 : ittapi_config_apply_per_lib :  ITTAPI function instrumented: __itt_thr_ignore
19765 : 0x9207b4fd4a2 : 2 : ittapi_config_apply_per_lib :  ITTAPI function instrumented: __itt_histogram_create
19765 : 0x9207b4fe386 : 2 : ittapi_config_apply_per_lib :  ITTAPI function instrumented: __itt_counter_create_v3
19765 : 0x9207b4ff1f4 : 2 : ittapi_config_apply_per_lib :  ITTAPI function instrumented: __itt_bind_context_metadata_to_counter
19765 : 0x9207b50033e : 2 : ittapi_config_apply_per_lib :  ITTAPI function not implemented: __itt_enable_attach
19765 : 0x9207b5012e4 : 2 : ittapi_config_apply_per_lib :  ITTAPI function instrumented: __itt_detach
19765 : 0x9207b5020ce : 2 : ittapi_config_apply_per_lib :  ITTAPI function NOT instrumented (not matched by --itt-config option): __itt_sync_create

19765 : 0x9207b502f1e : 2 : ittapi_config_apply_per_lib :  ITTAPI function NOT instrumented (not matched by --itt-config option): __itt_sync_rename

19765 : 0x9207b503a68 : 2 : ittapi_config_apply_per_lib :  ITTAPI function NOT instrumented (not matched by --itt-config option): __itt_sync_destroy

19765 : 0x9207b50459e : 2 : ittapi_config_apply_per_lib :  ITTAPI function NOT instrumented (not matched by --itt-config option): __itt_sync_prepare

19765 : 0x9207b52bbf6 : 2 : ittapi_config_apply_per_lib :  ITTAPI function NOT instrumented (not matched by --itt-config option): __itt_sync_cancel

19765 : 0x9207b52d53c : 2 : ittapi_config_apply_per_lib :  ITTAPI function NOT instrumented (not matched by --itt-config option): __itt_sync_acquired

19765 : 0x9207b52e082 : 2 : ittapi_config_apply_per_lib :  ITTAPI function NOT instrumented (not matched by --itt-config option): __itt_sync_releasing

19765 : 0x9207b52fa08 : 2 : ittapi_config_apply_per_lib :  ITTAPI function not implemented: __itt_suppress_push
19765 : 0x9207b5319be : 2 : ittapi_config_apply_per_lib :  ITTAPI function not implemented: __itt_suppress_pop
19765 : 0x9207b532944 : 2 : ittapi_config_apply_per_lib :  ITTAPI function not implemented: __itt_suppress_mark_range
19765 : 0x9207b534080 : 2 : ittapi_config_apply_per_lib :  ITTAPI function not implemented: __itt_suppress_clear_range
19765 : 0x9207b534bde : 2 : ittapi_config_apply_per_lib :  ITTAPI function NOT instrumented (not matched by --itt-config option): __itt_sync_prepare

19765 : 0x9207b5356e2 : 2 : ittapi_config_apply_per_lib :  ITTAPI function NOT instrumented (not matched by --itt-config option): __itt_sync_cancel

19765 : 0x9207b5361d8 : 2 : ittapi_config_apply_per_lib :  ITTAPI function NOT instrumented (not matched by --itt-config option): __itt_sync_acquired

19765 : 0x9207b53e866 : 2 : ittapi_config_apply_per_lib :  ITTAPI function NOT instrumented (not matched by --itt-config option): __itt_sync_releasing

19765 : 0x9207b540196 : 2 : ittapi_config_apply_per_lib :  ITTAPI function instrumented: __itt_model_site_begin
19765 : 0x9207b541182 : 2 : ittapi_config_apply_per_lib :  ITTAPI function instrumented: __itt_model_site_end
19765 : 0x9207b541fa0 : 2 : ittapi_config_apply_per_lib :  ITTAPI function instrumented: __itt_model_task_begin
19765 : 0x9207b542d68 : 2 : ittapi_config_apply_per_lib :  ITTAPI function instrumented: __itt_model_task_end
19765 : 0x9207b543af6 : 2 : ittapi_config_apply_per_lib :  ITTAPI function instrumented: __itt_model_lock_acquire
19765 : 0x9207b544a26 : 2 : ittapi_config_apply_per_lib :  ITTAPI function instrumented: __itt_model_lock_release
19765 : 0x9207b545ab8 : 2 : ittapi_config_apply_per_lib :  ITTAPI function not implemented: __itt_model_record_allocation
19765 : 0x9207b546dc8 : 2 : ittapi_config_apply_per_lib :  ITTAPI function not implemented: __itt_model_record_deallocation
19765 : 0x9207b547fc8 : 2 : ittapi_config_apply_per_lib :  ITTAPI function not implemented: __itt_model_induction_uses
19765 : 0x9207b54e9be : 2 : ittapi_config_apply_per_lib :  ITTAPI function not implemented: __itt_model_reduction_uses
19765 : 0x9207b54faf2 : 2 : ittapi_config_apply_per_lib :  ITTAPI function not implemented: __itt_model_observe_uses
19765 : 0x9207b5509da : 2 : ittapi_config_apply_per_lib :  ITTAPI function not implemented: __itt_model_clear_uses
19765 : 0x9207b55196e : 2 : ittapi_config_apply_per_lib :  ITTAPI function instrumented: __itt_model_site_beginA
19765 : 0x9207b5529f6 : 2 : ittapi_config_apply_per_lib :  ITTAPI function instrumented: __itt_model_site_beginAL
19765 : 0x9207b553828 : 2 : ittapi_config_apply_per_lib :  ITTAPI function instrumented: __itt_model_task_beginA
19765 : 0x9207b554694 : 2 : ittapi_config_apply_per_lib :  ITTAPI function instrumented: __itt_model_task_beginAL
19765 : 0x9207b55551c : 2 : ittapi_config_apply_per_lib :  ITTAPI function instrumented: __itt_model_iteration_taskA
19765 : 0x9207b556248 : 2 : ittapi_config_apply_per_lib :  ITTAPI function instrumented: __itt_model_iteration_taskAL
19765 : 0x9207b5577bc : 2 : ittapi_config_apply_per_lib :  ITTAPI function instrumented: __itt_model_site_end_2
19765 : 0x9207b5740c8 : 2 : ittapi_config_apply_per_lib :  ITTAPI function instrumented: __itt_model_task_end_2
19765 : 0x9207b575c06 : 2 : ittapi_config_apply_per_lib :  ITTAPI function instrumented: __itt_model_lock_acquire_2
19765 : 0x9207b576a90 : 2 : ittapi_config_apply_per_lib :  ITTAPI function instrumented: __itt_model_lock_release_2
19765 : 0x9207b57778c : 2 : ittapi_config_apply_per_lib :  ITTAPI function instrumented: __itt_model_aggregate_task
19765 : 0x9207b578458 : 2 : ittapi_config_apply_per_lib :  ITTAPI function instrumented: __itt_model_disable_push
19765 : 0x9207b57924a : 2 : ittapi_config_apply_per_lib :  ITTAPI function instrumented: __itt_model_disable_pop
19765 : 0x9207b57a000 : 2 : ittapi_config_apply_per_lib :  ITTAPI function instrumented: __itt_heap_function_create
19765 : 0x9207b57ae28 : 2 : ittapi_config_apply_per_lib :  ITTAPI function instrumented: __itt_heap_allocate_begin
19765 : 0x9207b57baee : 2 : ittapi_config_apply_per_lib :  ITTAPI function instrumented: __itt_heap_allocate_end
19765 : 0x9207b57c75e : 2 : ittapi_config_apply_per_lib :  ITTAPI function instrumented: __itt_heap_free_begin
19765 : 0x9207b5848c0 : 2 : ittapi_config_apply_per_lib :  ITTAPI function instrumented: __itt_heap_free_end
19765 : 0x9207b5858a0 : 2 : ittapi_config_apply_per_lib :  ITTAPI function instrumented: __itt_heap_reallocate_begin
19765 : 0x9207b586592 : 2 : ittapi_config_apply_per_lib :  ITTAPI function instrumented: __itt_heap_reallocate_end
19765 : 0x9207b587978 : 2 : ittapi_config_apply_per_lib :  ITTAPI function not implemented: __itt_heap_internal_access_begin
19765 : 0x9207b588ab6 : 2 : ittapi_config_apply_per_lib :  ITTAPI function not implemented: __itt_heap_internal_access_end
19765 : 0x9207b589a88 : 2 : ittapi_config_apply_per_lib :  ITTAPI function not implemented: __itt_heap_record_memory_growth_begin
19765 : 0x9207b58ae72 : 2 : ittapi_config_apply_per_lib :  ITTAPI function not implemented: __itt_heap_record_memory_growth_end
19765 : 0x9207b58bea4 : 2 : ittapi_config_apply_per_lib :  ITTAPI function not implemented: __itt_heap_reset_detection
19765 : 0x9207b58d464 : 2 : ittapi_config_apply_per_lib :  ITTAPI function not implemented: __itt_heap_record
19765 : 0x9207b58e3a8 : 2 : ittapi_config_apply_per_lib :  ITTAPI function not implemented: __itt_id_create
19765 : 0x9207b594cb2 : 2 : ittapi_config_apply_per_lib :  ITTAPI function not implemented: __itt_id_destroy
19765 : 0x9207b595dcc : 2 : ittapi_config_apply_per_lib :  ITTAPI function instrumented: __itt_get_timestamp
19765 : 0x9207b596d7c : 2 : ittapi_config_apply_per_lib :  ITTAPI function not implemented: __itt_region_begin
19765 : 0x9207b597c96 : 2 : ittapi_config_apply_per_lib :  ITTAPI function not implemented: __itt_region_end
19765 : 0x9207b598b2c : 2 : ittapi_config_apply_per_lib :  ITTAPI function instrumented: __itt_frame_begin_v3
19765 : 0x9207b5999ce : 2 : ittapi_config_apply_per_lib :  ITTAPI function instrumented: __itt_frame_end_v3
19765 : 0x9207b59a7dc : 2 : ittapi_config_apply_per_lib :  ITTAPI function instrumented: __itt_frame_submit_v3
19765 : 0x9207b59b804 : 2 : ittapi_config_apply_per_lib :  ITTAPI function not implemented: __itt_task_group
19765 : 0x9207b59c5ae : 2 : ittapi_config_apply_per_lib :  ITTAPI function instrumented: __itt_task_begin
19765 : 0x9207b59d486 : 2 : ittapi_config_apply_per_lib :  ITTAPI function instrumented: __itt_task_begin_fn
19765 : 0x9207b5a4d84 : 2 : ittapi_config_apply_per_lib :  ITTAPI function instrumented: __itt_task_end
19765 : 0x9207b5a5ed0 : 2 : ittapi_config_apply_per_lib :  ITTAPI function not implemented: __itt_counter_inc_v3
19765 : 0x9207b5a6e30 : 2 : ittapi_config_apply_per_lib :  ITTAPI function not implemented: __itt_counter_inc_delta_v3
19765 : 0x9207b5a7ffa : 2 : ittapi_config_apply_per_lib :  ITTAPI function not implemented: __itt_counter_dec_v3
19765 : 0x9207b5a93aa : 2 : ittapi_config_apply_per_lib :  ITTAPI function not implemented: __itt_counter_dec_delta_v3
19765 : 0x9207b5aa29c : 2 : ittapi_config_apply_per_lib :  ITTAPI function not implemented: __itt_marker
19765 : 0x9207b5ab10c : 2 : ittapi_config_apply_per_lib :  ITTAPI function instrumented: __itt_metadata_add
19765 : 0x9207b5ac0c0 : 2 : ittapi_config_apply_per_lib :  ITTAPI function not implemented: __itt_metadata_str_add
19765 : 0x9207b5acffa : 2 : ittapi_config_apply_per_lib :  ITTAPI function not implemented: __itt_relation_add_to_current
19765 : 0x9207b5adf3e : 2 : ittapi_config_apply_per_lib :  ITTAPI function not implemented: __itt_relation_add
19765 : 0x9207b5ca742 : 2 : ittapi_config_apply_per_lib :  ITTAPI function instrumented: __itt_event_create
19765 : 0x9207b5cc3a8 : 2 : ittapi_config_apply_per_lib :  ITTAPI function instrumented: __itt_event_start
19765 : 0x9207b5cd0fa : 2 : ittapi_config_apply_per_lib :  ITTAPI function instrumented: __itt_event_end
19765 : 0x9207b5cdc76 : 2 : ittapi_config_apply_per_lib :  ITTAPI function NOT instrumented (not matched by --itt-config option): __itt_sync_set_name

19765 : 0x9207b5ce85e : 2 : ittapi_config_apply_per_lib :  ITTAPI function NOT instrumented (not matched by --itt-config option): __itt_notify_sync_name

19765 : 0x9207b5cf38a : 2 : ittapi_config_apply_per_lib :  ITTAPI function NOT instrumented (not matched by --itt-config option): __itt_notify_sync_prepare

19765 : 0x9207b5cfe74 : 2 : ittapi_config_apply_per_lib :  ITTAPI function NOT instrumented (not matched by --itt-config option): __itt_notify_sync_cancel

19765 : 0x9207b5d094c : 2 : ittapi_config_apply_per_lib :  ITTAPI function NOT instrumented (not matched by --itt-config option): __itt_notify_sync_acquired

19765 : 0x9207b5d141e : 2 : ittapi_config_apply_per_lib :  ITTAPI function NOT instrumented (not matched by --itt-config option): __itt_notify_sync_releasing

19765 : 0x9207b5d26be : 2 : ittapi_config_apply_per_lib :  ITTAPI function not implemented: __itt_memory_read
19765 : 0x9207b5db508 : 2 : ittapi_config_apply_per_lib :  ITTAPI function not implemented: __itt_memory_write
19765 : 0x9207b5dc6bc : 2 : ittapi_config_apply_per_lib :  ITTAPI function not implemented: __itt_memory_update
19765 : 0x9207b5dd590 : 2 : ittapi_config_apply_per_lib :  ITTAPI function not implemented: __itt_state_get
19765 : 0x9207b5de44c : 2 : ittapi_config_apply_per_lib :  ITTAPI function not implemented: __itt_state_set
19765 : 0x9207b5df26c : 2 : ittapi_config_apply_per_lib :  ITTAPI function not implemented: __itt_obj_mode_set
19765 : 0x9207b5e00a0 : 2 : ittapi_config_apply_per_lib :  ITTAPI function not implemented: __itt_thr_mode_set
19765 : 0x9207b5e0f90 : 2 : ittapi_config_apply_per_lib :  ITTAPI function instrumented: __itt_frame_create
19765 : 0x9207b5e1de6 : 2 : ittapi_config_apply_per_lib :  ITTAPI function instrumented: __itt_pt_region_create
19765 : 0x9207b5e2bee : 2 : ittapi_config_apply_per_lib :  ITTAPI function instrumented: __itt_frame_begin
19765 : 0x9207b5e3a14 : 2 : ittapi_config_apply_per_lib :  ITTAPI function instrumented: __itt_frame_end
19765 : 0x9207b5ea8e2 : 2 : ittapi_config_apply_per_lib :  ITTAPI function not implemented: __itt_counter_destroy
19765 : 0x9207b5eb91e : 2 : ittapi_config_apply_per_lib :  ITTAPI function instrumented: __itt_counter_inc
19765 : 0x9207b5ec68c : 2 : ittapi_config_apply_per_lib :  ITTAPI function instrumented: __itt_counter_inc_delta
19765 : 0x9207b5ed498 : 2 : ittapi_config_apply_per_lib :  ITTAPI function instrumented: __itt_counter_dec
19765 : 0x9207b5ee3d6 : 2 : ittapi_config_apply_per_lib :  ITTAPI function instrumented: __itt_counter_dec_delta
19765 : 0x9207b5ef122 : 2 : ittapi_config_apply_per_lib :  ITTAPI function instrumented: __itt_counter_set_value
19765 : 0x9207b5f00a0 : 2 : ittapi_config_apply_per_lib :  ITTAPI function not implemented: __itt_counter_set_value_ex
19765 : 0x9207b5f126e : 2 : ittapi_config_apply_per_lib :  ITTAPI function not implemented: __itt_mark_create
19765 : 0x9207b5f2336 : 2 : ittapi_config_apply_per_lib :  ITTAPI function not implemented: __itt_mark
19765 : 0x9207b5f3716 : 2 : ittapi_config_apply_per_lib :  ITTAPI function not implemented: __itt_mark_off
19765 : 0x9207b617b12 : 2 : ittapi_config_apply_per_lib :  ITTAPI function not implemented: __itt_mark_global
19765 : 0x9207b619c76 : 2 : ittapi_config_apply_per_lib :  ITTAPI function not implemented: __itt_mark_global_off
19765 : 0x9207b61acd4 : 2 : ittapi_config_apply_per_lib :  ITTAPI function instrumented: __itt_stack_caller_create
19765 : 0x9207b61bacc : 2 : ittapi_config_apply_per_lib :  ITTAPI function instrumented: __itt_stack_caller_destroy
19765 : 0x9207b61c81a : 2 : ittapi_config_apply_per_lib :  ITTAPI function instrumented: __itt_stack_callee_enter
19765 : 0x9207b61d4ee : 2 : ittapi_config_apply_per_lib :  ITTAPI function instrumented: __itt_stack_callee_leave
19765 : 0x9207b61e40c : 2 : ittapi_config_apply_per_lib :  ITTAPI function not implemented: __itt_clock_domain_create
19765 : 0x9207b61f2fc : 2 : ittapi_config_apply_per_lib :  ITTAPI function not implemented: __itt_clock_domain_reset
19765 : 0x9207b6201da : 2 : ittapi_config_apply_per_lib :  ITTAPI function not implemented: __itt_id_create_ex
19765 : 0x9207b621080 : 2 : ittapi_config_apply_per_lib :  ITTAPI function not implemented: __itt_id_destroy_ex
19765 : 0x9207b629c8c : 2 : ittapi_config_apply_per_lib :  ITTAPI function not implemented: __itt_task_begin_ex
19765 : 0x9207b62ad1c : 2 : ittapi_config_apply_per_lib :  ITTAPI function not implemented: __itt_task_begin_fn_ex
19765 : 0x9207b62bb34 : 2 : ittapi_config_apply_per_lib :  ITTAPI function not implemented: __itt_task_end_ex
19765 : 0x9207b62c9d0 : 2 : ittapi_config_apply_per_lib :  ITTAPI function instrumented: __itt_task_begin_overlapped
19765 : 0x9207b62d878 : 2 : ittapi_config_apply_per_lib :  ITTAPI function not implemented: __itt_task_begin_overlapped_ex
19765 : 0x9207b62e68e : 2 : ittapi_config_apply_per_lib :  ITTAPI function instrumented: __itt_task_end_overlapped
19765 : 0x9207b62f51c : 2 : ittapi_config_apply_per_lib :  ITTAPI function not implemented: __itt_task_end_overlapped_ex
19765 : 0x9207b6303ac : 2 : ittapi_config_apply_per_lib :  ITTAPI function not implemented: __itt_marker_ex
19765 : 0x9207b631344 : 2 : ittapi_config_apply_per_lib :  ITTAPI function not implemented: __itt_metadata_add_with_scope
19765 : 0x9207b63222a : 2 : ittapi_config_apply_per_lib :  ITTAPI function not implemented: __itt_metadata_str_add_with_scope
19765 : 0x9207b63881c : 2 : ittapi_config_apply_per_lib :  ITTAPI function not implemented: __itt_relation_add_to_current_ex
19765 : 0x9207b63984c : 2 : ittapi_config_apply_per_lib :  ITTAPI function not implemented: __itt_relation_add_ex
19765 : 0x9207b63a712 : 2 : ittapi_config_apply_per_lib :  ITTAPI function not implemented: __itt_track_group_create
19765 : 0x9207b63b56a : 2 : ittapi_config_apply_per_lib :  ITTAPI function not implemented: __itt_track_create
19765 : 0x9207b63c41a : 2 : ittapi_config_apply_per_lib :  ITTAPI function not implemented: __itt_set_track
19765 : 0x9207b63d2d2 : 2 : ittapi_config_apply_per_lib :  ITTAPI function instrumented: __itt_api_version
19765 : 0x9207b63e1cc : 2 : ittapi_config_apply_per_lib :  ITTAPI function not implemented: __itt_av_save
19765 : 0x9207b63f042 : 2 : ittapi_config_apply_per_lib :  ITTAPI function instrumented: __itt_module_load
19765 : 0x9207b63ff66 : 2 : ittapi_config_apply_per_lib :  ITTAPI function not implemented: __itt_module_unload
19765 : 0x9207b640bfe : 2 : ittapi_config_apply_per_lib :  ITTAPI function NOT instrumented (not matched by --itt-config option): __itt_histogram_submit

19765 : 0x9207b646f38 : 2 : ittapi_config_apply_per_lib :  ITTAPI function instrumented: __itt_counter_set_value_v3
19778 : 0x969430e0dee : 2 : ittapi_dlopen :  Cannot load library /opt/intel/oneapi/compiler/2025.0/lib/libiomp5.so
19778 : 0x969430e525e : 2 : ittapi_config_mask_get :  --itt-config mask to be applied: 0
19778 : 0x969430e7780 : 2 : ittapi_config_apply_per_lib :  ITTAPI function instrumented: __itt_domain_create
19778 : 0x969430e8c76 : 2 : ittapi_config_apply_per_lib :  ITTAPI function instrumented: __itt_module_load_with_sections
19778 : 0x969430ea330 : 2 : ittapi_config_apply_per_lib :  ITTAPI function not implemented: __itt_module_unload_with_sections
19778 : 0x969430eb45c : 2 : ittapi_config_apply_per_lib :  ITTAPI function instrumented: __itt_string_handle_create
19778 : 0x969430ec282 : 2 : ittapi_config_apply_per_lib :  ITTAPI function instrumented: __itt_counter_create
19778 : 0x969430ed0ec : 2 : ittapi_config_apply_per_lib :  ITTAPI function instrumented: __itt_counter_create_typed
19778 : 0x969430ede32 : 2 : ittapi_config_apply_per_lib :  ITTAPI function instrumented: __itt_pause
19778 : 0x9694310e4a4 : 2 : ittapi_config_apply_per_lib :  ITTAPI function instrumented: __itt_resume
19778 : 0x9694310fe7a : 2 : ittapi_config_apply_per_lib :  ITTAPI function not implemented: __itt_pause_scoped
19778 : 0x9694311113a : 2 : ittapi_config_apply_per_lib :  ITTAPI function not implemented: __itt_resume_scoped
19778 : 0x9694311200e : 2 : ittapi_config_apply_per_lib :  ITTAPI function instrumented: __itt_thread_set_name
19778 : 0x96943112df0 : 2 : ittapi_config_apply_per_lib :  ITTAPI function instrumented: __itt_thread_ignore
19778 : 0x96943113ba4 : 2 : ittapi_config_apply_per_lib :  ITTAPI function instrumented: __itt_thr_name_set
19778 : 0x96943114a7e : 2 : ittapi_config_apply_per_lib :  ITTAPI function instrumented: __itt_thr_ignore
19778 : 0x96943115830 : 2 : ittapi_config_apply_per_lib :  ITTAPI function instrumented: __itt_histogram_create
19778 : 0x96943116574 : 2 : ittapi_config_apply_per_lib :  ITTAPI function instrumented: __itt_counter_create_v3
19778 : 0x96943117434 : 2 : ittapi_config_apply_per_lib :  ITTAPI function instrumented: __itt_bind_context_metadata_to_counter
19778 : 0x9694311f43e : 2 : ittapi_config_apply_per_lib :  ITTAPI function not implemented: __itt_enable_attach
19778 : 0x96943120886 : 2 : ittapi_config_apply_per_lib :  ITTAPI function instrumented: __itt_detach
19778 : 0x969431214f4 : 2 : ittapi_config_apply_per_lib :  ITTAPI function NOT instrumented (not matched by --itt-config option): __itt_sync_create

19778 : 0x969431221e8 : 2 : ittapi_config_apply_per_lib :  ITTAPI function NOT instrumented (not matched by --itt-config option): __itt_sync_rename

19778 : 0x96943122d3e : 2 : ittapi_config_apply_per_lib :  ITTAPI function NOT instrumented (not matched by --itt-config option): __itt_sync_destroy

19778 : 0x9694312388e : 2 : ittapi_config_apply_per_lib :  ITTAPI function NOT instrumented (not matched by --itt-config option): __itt_sync_prepare

19778 : 0x969431243a2 : 2 : ittapi_config_apply_per_lib :  ITTAPI function NOT instrumented (not matched by --itt-config option): __itt_sync_cancel

19778 : 0x96943124e66 : 2 : ittapi_config_apply_per_lib :  ITTAPI function NOT instrumented (not matched by --itt-config option): __itt_sync_acquired

19778 : 0x9694312593a : 2 : ittapi_config_apply_per_lib :  ITTAPI function NOT instrumented (not matched by --itt-config option): __itt_sync_releasing

19778 : 0x96943126992 : 2 : ittapi_config_apply_per_lib :  ITTAPI function not implemented: __itt_suppress_push
19778 : 0x9694312d4dc : 2 : ittapi_config_apply_per_lib :  ITTAPI function not implemented: __itt_suppress_pop
19778 : 0x9694312e614 : 2 : ittapi_config_apply_per_lib :  ITTAPI function not implemented: __itt_suppress_mark_range
19778 : 0x9694312f544 : 2 : ittapi_config_apply_per_lib :  ITTAPI function not implemented: __itt_suppress_clear_range
19778 : 0x9694313009e : 2 : ittapi_config_apply_per_lib :  ITTAPI function NOT instrumented (not matched by --itt-config option): __itt_sync_prepare

19778 : 0x96943130bc6 : 2 : ittapi_config_apply_per_lib :  ITTAPI function NOT instrumented (not matched by --itt-config option): __itt_sync_cancel

19778 : 0x969431316c4 : 2 : ittapi_config_apply_per_lib :  ITTAPI function NOT instrumented (not matched by --itt-config option): __itt_sync_acquired

19778 : 0x969431321b4 : 2 : ittapi_config_apply_per_lib :  ITTAPI function NOT instrumented (not matched by --itt-config option): __itt_sync_releasing

19778 : 0x96943132d30 : 2 : ittapi_config_apply_per_lib :  ITTAPI function NOT instrumented (not matched by --itt-config option): __itt_model_site_begin

19778 : 0x9694313382c : 2 : ittapi_config_apply_per_lib :  ITTAPI function NOT instrumented (not matched by --itt-config option): __itt_model_site_end

19778 : 0x96943134324 : 2 : ittapi_config_apply_per_lib :  ITTAPI function NOT instrumented (not matched by --itt-config option): __itt_model_task_begin

19778 : 0x9694313cb36 : 2 : ittapi_config_apply_per_lib :  ITTAPI function NOT instrumented (not matched by --itt-config option): __itt_model_task_end

19778 : 0x9694313d88a : 2 : ittapi_config_apply_per_lib :  ITTAPI function NOT instrumented (not matched by --itt-config option): __itt_model_lock_acquire

19778 : 0x9694313e3ce : 2 : ittapi_config_apply_per_lib :  ITTAPI function NOT instrumented (not matched by --itt-config option): __itt_model_lock_release

19778 : 0x9694313ef56 : 2 : ittapi_config_apply_per_lib :  ITTAPI function NOT instrumented (not matched by --itt-config option): __itt_model_record_allocation

19778 : 0x9694313fa92 : 2 : ittapi_config_apply_per_lib :  ITTAPI function NOT instrumented (not matched by --itt-config option): __itt_model_record_deallocation

19778 : 0x96943140598 : 2 : ittapi_config_apply_per_lib :  ITTAPI function NOT instrumented (not matched by --itt-config option): __itt_model_induction_uses

19778 : 0x96943141090 : 2 : ittapi_config_apply_per_lib :  ITTAPI function NOT instrumented (not matched by --itt-config option): __itt_model_reduction_uses

19778 : 0x96943141b76 : 2 : ittapi_config_apply_per_lib :  ITTAPI function NOT instrumented (not matched by --itt-config option): __itt_model_observe_uses

19778 : 0x96943142648 : 2 : ittapi_config_apply_per_lib :  ITTAPI function NOT instrumented (not matched by --itt-config option): __itt_model_clear_uses

19778 : 0x9694314316a : 2 : ittapi_config_apply_per_lib :  ITTAPI function NOT instrumented (not matched by --itt-config option): __itt_model_site_beginA

19778 : 0x96943148fee : 2 : ittapi_config_apply_per_lib :  ITTAPI function NOT instrumented (not matched by --itt-config option): __itt_model_site_beginAL

19778 : 0x96943149cee : 2 : ittapi_config_apply_per_lib :  ITTAPI function NOT instrumented (not matched by --itt-config option): __itt_model_task_beginA

19778 : 0x9694314a7e6 : 2 : ittapi_config_apply_per_lib :  ITTAPI function NOT instrumented (not matched by --itt-config option): __itt_model_task_beginAL

19778 : 0x9694314b2ca : 2 : ittapi_config_apply_per_lib :  ITTAPI function NOT instrumented (not matched by --itt-config option): __itt_model_iteration_taskA

19778 : 0x9694314bdbc : 2 : ittapi_config_apply_per_lib :  ITTAPI function NOT instrumented (not matched by --itt-config option): __itt_model_iteration_taskAL

19778 : 0x9694314c904 : 2 : ittapi_config_apply_per_lib :  ITTAPI function NOT instrumented (not matched by --itt-config option): __itt_model_site_end_2

19778 : 0x9694314d3da : 2 : ittapi_config_apply_per_lib :  ITTAPI function NOT instrumented (not matched by --itt-config option): __itt_model_task_end_2

19778 : 0x9694314deb4 : 2 : ittapi_config_apply_per_lib :  ITTAPI function NOT instrumented (not matched by --itt-config option): __itt_model_lock_acquire_2

19778 : 0x9694314e996 : 2 : ittapi_config_apply_per_lib :  ITTAPI function NOT instrumented (not matched by --itt-config option): __itt_model_lock_release_2

19778 : 0x9694314f490 : 2 : ittapi_config_apply_per_lib :  ITTAPI function NOT instrumented (not matched by --itt-config option): __itt_model_aggregate_task

19778 : 0x969431551dc : 2 : ittapi_config_apply_per_lib :  ITTAPI function NOT instrumented (not matched by --itt-config option): __itt_model_disable_push

19778 : 0x96943155f74 : 2 : ittapi_config_apply_per_lib :  ITTAPI function NOT instrumented (not matched by --itt-config option): __itt_model_disable_pop

19778 : 0x9694315703c : 2 : ittapi_config_apply_per_lib :  ITTAPI function instrumented: __itt_heap_function_create
19778 : 0x96943157e8c : 2 : ittapi_config_apply_per_lib :  ITTAPI function instrumented: __itt_heap_allocate_begin
19778 : 0x96943158b40 : 2 : ittapi_config_apply_per_lib :  ITTAPI function instrumented: __itt_heap_allocate_end
19778 : 0x96943159806 : 2 : ittapi_config_apply_per_lib :  ITTAPI function instrumented: __itt_heap_free_begin
19778 : 0x9694315a5e2 : 2 : ittapi_config_apply_per_lib :  ITTAPI function instrumented: __itt_heap_free_end
19778 : 0x9694315b282 : 2 : ittapi_config_apply_per_lib :  ITTAPI function instrumented: __itt_heap_reallocate_begin
19778 : 0x9694315bfe0 : 2 : ittapi_config_apply_per_lib :  ITTAPI function instrumented: __itt_heap_reallocate_end
19778 : 0x9694315cfd4 : 2 : ittapi_config_apply_per_lib :  ITTAPI function not implemented: __itt_heap_internal_access_begin
19778 : 0x9694316582a : 2 : ittapi_config_apply_per_lib :  ITTAPI function not implemented: __itt_heap_internal_access_end
19778 : 0x96943166b2a : 2 : ittapi_config_apply_per_lib :  ITTAPI function not implemented: __itt_heap_record_memory_growth_begin
19778 : 0x96943167d62 : 2 : ittapi_config_apply_per_lib :  ITTAPI function not implemented: __itt_heap_record_memory_growth_end
19778 : 0x96943168d8a : 2 : ittapi_config_apply_per_lib :  ITTAPI function not implemented: __itt_heap_reset_detection
19778 : 0x9694316a16a : 2 : ittapi_config_apply_per_lib :  ITTAPI function not implemented: __itt_heap_record
19778 : 0x9694316b11a : 2 : ittapi_config_apply_per_lib :  ITTAPI function not implemented: __itt_id_create
19778 : 0x9694316c3c4 : 2 : ittapi_config_apply_per_lib :  ITTAPI function not implemented: __itt_id_destroy
19778 : 0x9694316d2a0 : 2 : ittapi_config_apply_per_lib :  ITTAPI function instrumented: __itt_get_timestamp
19778 : 0x9694316e234 : 2 : ittapi_config_apply_per_lib :  ITTAPI function not implemented: __itt_region_begin
19778 : 0x9694316f0c4 : 2 : ittapi_config_apply_per_lib :  ITTAPI function not implemented: __itt_region_end
19778 : 0x96943175128 : 2 : ittapi_config_apply_per_lib :  ITTAPI function NOT instrumented (not matched by --itt-config option): __itt_frame_begin_v3

19778 : 0x96943175ef8 : 2 : ittapi_config_apply_per_lib :  ITTAPI function NOT instrumented (not matched by --itt-config option): __itt_frame_end_v3

19778 : 0x96943176a2c : 2 : ittapi_config_apply_per_lib :  ITTAPI function NOT instrumented (not matched by --itt-config option): __itt_frame_submit_v3

19778 : 0x969431775b8 : 2 : ittapi_config_apply_per_lib :  ITTAPI function NOT instrumented (not matched by --itt-config option): __itt_task_group

19778 : 0x969431780e0 : 2 : ittapi_config_apply_per_lib :  ITTAPI function NOT instrumented (not matched by --itt-config option): __itt_task_begin

19778 : 0x96943178baa : 2 : ittapi_config_apply_per_lib :  ITTAPI function NOT instrumented (not matched by --itt-config option): __itt_task_begin_fn

19778 : 0x9694317966e : 2 : ittapi_config_apply_per_lib :  ITTAPI function NOT instrumented (not matched by --itt-config option): __itt_task_end

19778 : 0x9694317a236 : 2 : ittapi_config_apply_per_lib :  ITTAPI function NOT instrumented (not matched by --itt-config option): __itt_counter_inc_v3

19778 : 0x9694317ad64 : 2 : ittapi_config_apply_per_lib :  ITTAPI function NOT instrumented (not matched by --itt-config option): __itt_counter_inc_delta_v3

19778 : 0x9694317b860 : 2 : ittapi_config_apply_per_lib :  ITTAPI function NOT instrumented (not matched by --itt-config option): __itt_counter_dec_v3

19778 : 0x96943181a7c : 2 : ittapi_config_apply_per_lib :  ITTAPI function NOT instrumented (not matched by --itt-config option): __itt_counter_dec_delta_v3

19778 : 0x96943182ea0 : 2 : ittapi_config_apply_per_lib :  ITTAPI function not implemented: __itt_marker
19778 : 0x96943183d62 : 2 : ittapi_config_apply_per_lib :  ITTAPI function instrumented: __itt_metadata_add
19778 : 0x96943184d40 : 2 : ittapi_config_apply_per_lib :  ITTAPI function not implemented: __itt_metadata_str_add
19778 : 0x96943185cfa : 2 : ittapi_config_apply_per_lib :  ITTAPI function not implemented: __itt_relation_add_to_current
19778 : 0x96943186c5c : 2 : ittapi_config_apply_per_lib :  ITTAPI function not implemented: __itt_relation_add
19778 : 0x96943187b02 : 2 : ittapi_config_apply_per_lib :  ITTAPI function instrumented: __itt_event_create
19778 : 0x969431886f4 : 2 : ittapi_config_apply_per_lib :  ITTAPI function NOT instrumented (not matched by --itt-config option): __itt_event_start

19778 : 0x969431891ea : 2 : ittapi_config_apply_per_lib :  ITTAPI function NOT instrumented (not matched by --itt-config option): __itt_event_end

19778 : 0x96943189d10 : 2 : ittapi_config_apply_per_lib :  ITTAPI function NOT instrumented (not matched by --itt-config option): __itt_sync_set_name

19778 : 0x969431922d4 : 2 : ittapi_config_apply_per_lib :  ITTAPI function NOT instrumented (not matched by --itt-config option): __itt_notify_sync_name

19778 : 0x96943192fdc : 2 : ittapi_config_apply_per_lib :  ITTAPI function NOT instrumented (not matched by --itt-config option): __itt_notify_sync_prepare

19778 : 0x96943193ac0 : 2 : ittapi_config_apply_per_lib :  ITTAPI function NOT instrumented (not matched by --itt-config option): __itt_notify_sync_cancel

19778 : 0x969431945a2 : 2 : ittapi_config_apply_per_lib :  ITTAPI function NOT instrumented (not matched by --itt-config option): __itt_notify_sync_acquired

19778 : 0x9694319507a : 2 : ittapi_config_apply_per_lib :  ITTAPI function NOT instrumented (not matched by --itt-config option): __itt_notify_sync_releasing

19778 : 0x96943196252 : 2 : ittapi_config_apply_per_lib :  ITTAPI function not implemented: __itt_memory_read
19778 : 0x969431971d6 : 2 : ittapi_config_apply_per_lib :  ITTAPI function not implemented: __itt_memory_write
19778 : 0x96943198102 : 2 : ittapi_config_apply_per_lib :  ITTAPI function not implemented: __itt_memory_update
19778 : 0x969431990b0 : 2 : ittapi_config_apply_per_lib :  ITTAPI function not implemented: __itt_state_get
19778 : 0x9694319a046 : 2 : ittapi_config_apply_per_lib :  ITTAPI function not implemented: __itt_state_set
19778 : 0x969431a7b56 : 2 : ittapi_config_apply_per_lib :  ITTAPI function not implemented: __itt_obj_mode_set
19778 : 0x969431a8df6 : 2 : ittapi_config_apply_per_lib :  ITTAPI function not implemented: __itt_thr_mode_set
19778 : 0x969431a9cc8 : 2 : ittapi_config_apply_per_lib :  ITTAPI function instrumented: __itt_frame_create
19778 : 0x969431aad2c : 2 : ittapi_config_apply_per_lib :  ITTAPI function instrumented: __itt_pt_region_create
19778 : 0x969431ab85c : 2 : ittapi_config_apply_per_lib :  ITTAPI function NOT instrumented (not matched by --itt-config option): __itt_frame_begin

19778 : 0x969431ac3e8 : 2 : ittapi_config_apply_per_lib :  ITTAPI function NOT instrumented (not matched by --itt-config option): __itt_frame_end

19778 : 0x969431acfa0 : 2 : ittapi_config_apply_per_lib :  ITTAPI function NOT instrumented (not matched by --itt-config option): __itt_counter_destroy

19778 : 0x969431adae6 : 2 : ittapi_config_apply_per_lib :  ITTAPI function NOT instrumented (not matched by --itt-config option): __itt_counter_inc

19778 : 0x969431ae612 : 2 : ittapi_config_apply_per_lib :  ITTAPI function NOT instrumented (not matched by --itt-config option): __itt_counter_inc_delta

19778 : 0x969431af202 : 2 : ittapi_config_apply_per_lib :  ITTAPI function NOT instrumented (not matched by --itt-config option): __itt_counter_dec

19778 : 0x969431b5428 : 2 : ittapi_config_apply_per_lib :  ITTAPI function NOT instrumented (not matched by --itt-config option): __itt_counter_dec_delta

19778 : 0x969431b611c : 2 : ittapi_config_apply_per_lib :  ITTAPI function NOT instrumented (not matched by --itt-config option): __itt_counter_set_value

19778 : 0x969431b6cb6 : 2 : ittapi_config_apply_per_lib :  ITTAPI function NOT instrumented (not matched by --itt-config option): __itt_counter_set_value_ex

19778 : 0x969431b7d82 : 2 : ittapi_config_apply_per_lib :  ITTAPI function not implemented: __itt_mark_create
19778 : 0x969431b8f50 : 2 : ittapi_config_apply_per_lib :  ITTAPI function not implemented: __itt_mark
19778 : 0x969431ba4d0 : 2 : ittapi_config_apply_per_lib :  ITTAPI function not implemented: __itt_mark_off
19778 : 0x969431bb4f8 : 2 : ittapi_config_apply_per_lib :  ITTAPI function not implemented: __itt_mark_global
19778 : 0x969431bc42a : 2 : ittapi_config_apply_per_lib :  ITTAPI function not implemented: __itt_mark_global_off
19778 : 0x969431bd032 : 2 : ittapi_config_apply_per_lib :  ITTAPI function NOT instrumented (not matched by --itt-config option): __itt_stack_caller_create

19778 : 0x969431bdbcc : 2 : ittapi_config_apply_per_lib :  ITTAPI function NOT instrumented (not matched by --itt-config option): __itt_stack_caller_destroy

19778 : 0x969431c85c0 : 2 : ittapi_config_apply_per_lib :  ITTAPI function NOT instrumented (not matched by --itt-config option): __itt_stack_callee_enter

19778 : 0x969431c92a8 : 2 : ittapi_config_apply_per_lib :  ITTAPI function NOT instrumented (not matched by --itt-config option): __itt_stack_callee_leave

19778 : 0x969431ca32e : 2 : ittapi_config_apply_per_lib :  ITTAPI function not implemented: __itt_clock_domain_create
19778 : 0x969431cb3e4 : 2 : ittapi_config_apply_per_lib :  ITTAPI function not implemented: __itt_clock_domain_reset
19778 : 0x969431cc338 : 2 : ittapi_config_apply_per_lib :  ITTAPI function not implemented: __itt_id_create_ex
19778 : 0x969431cd25e : 2 : ittapi_config_apply_per_lib :  ITTAPI function not implemented: __itt_id_destroy_ex
19778 : 0x969431cdd5c : 2 : ittapi_config_apply_per_lib :  ITTAPI function NOT instrumented (not matched by --itt-config option): __itt_task_begin_ex

19778 : 0x969431ce88e : 2 : ittapi_config_apply_per_lib :  ITTAPI function NOT instrumented (not matched by --itt-config option): __itt_task_begin_fn_ex

19778 : 0x969431cf396 : 2 : ittapi_config_apply_per_lib :  ITTAPI function NOT instrumented (not matched by --itt-config option): __itt_task_end_ex

19778 : 0x969431cfee8 : 2 : ittapi_config_apply_per_lib :  ITTAPI function NOT instrumented (not matched by --itt-config option): __itt_task_begin_overlapped

19778 : 0x969431d61da : 2 : ittapi_config_apply_per_lib :  ITTAPI function NOT instrumented (not matched by --itt-config option): __itt_task_begin_overlapped_ex

19778 : 0x969431d6e84 : 2 : ittapi_config_apply_per_lib :  ITTAPI function NOT instrumented (not matched by --itt-config option): __itt_task_end_overlapped

19778 : 0x969431d7942 : 2 : ittapi_config_apply_per_lib :  ITTAPI function NOT instrumented (not matched by --itt-config option): __itt_task_end_overlapped_ex

19778 : 0x969431d899e : 2 : ittapi_config_apply_per_lib :  ITTAPI function not implemented: __itt_marker_ex
19778 : 0x969431d9a06 : 2 : ittapi_config_apply_per_lib :  ITTAPI function not implemented: __itt_metadata_add_with_scope
19778 : 0x969431daa96 : 2 : ittapi_config_apply_per_lib :  ITTAPI function not implemented: __itt_metadata_str_add_with_scope
19778 : 0x969431dba4c : 2 : ittapi_config_apply_per_lib :  ITTAPI function not implemented: __itt_relation_add_to_current_ex
19778 : 0x969431dc8d0 : 2 : ittapi_config_apply_per_lib :  ITTAPI function not implemented: __itt_relation_add_ex
19778 : 0x969431dd700 : 2 : ittapi_config_apply_per_lib :  ITTAPI function not implemented: __itt_track_group_create
19778 : 0x969431de52a : 2 : ittapi_config_apply_per_lib :  ITTAPI function not implemented: __itt_track_create
19778 : 0x969431e471a : 2 : ittapi_config_apply_per_lib :  ITTAPI function not implemented: __itt_set_track
19778 : 0x969431e56ce : 2 : ittapi_config_apply_per_lib :  ITTAPI function instrumented: __itt_api_version
19778 : 0x969431e65ba : 2 : ittapi_config_apply_per_lib :  ITTAPI function not implemented: __itt_av_save
19778 : 0x969431e7370 : 2 : ittapi_config_apply_per_lib :  ITTAPI function instrumented: __itt_module_load
19778 : 0x969431e8234 : 2 : ittapi_config_apply_per_lib :  ITTAPI function not implemented: __itt_module_unload
19778 : 0x969431e8d8a : 2 : ittapi_config_apply_per_lib :  ITTAPI function NOT instrumented (not matched by --itt-config option): __itt_histogram_submit

19778 : 0x969431e9932 : 2 : ittapi_config_apply_per_lib :  ITTAPI function NOT instrumented (not matched by --itt-config option): __itt_counter_set_value_v3

19778 : 0x969431f5f74 : 2 : ittapi_dlopen :  Cannot load library /opt/intel/oneapi/compiler/2025.0/lib/libiomp5.so
19778 : 0x969431f6eca : 2 : ittapi_config_mask_get :  --itt-config mask to be applied: 0
19778 : 0x969431f8178 : 2 : ittapi_config_apply_per_lib :  ITTAPI function instrumented: __itt_domain_create
19778 : 0x96943200f60 : 2 : ittapi_config_apply_per_lib :  ITTAPI function instrumented: __itt_module_load_with_sections
19778 : 0x96943202206 : 2 : ittapi_config_apply_per_lib :  ITTAPI function not implemented: __itt_module_unload_with_sections
19778 : 0x9694320310e : 2 : ittapi_config_apply_per_lib :  ITTAPI function instrumented: __itt_string_handle_create
19778 : 0x96943203e74 : 2 : ittapi_config_apply_per_lib :  ITTAPI function instrumented: __itt_counter_create
19778 : 0x96943204c90 : 2 : ittapi_config_apply_per_lib :  ITTAPI function instrumented: __itt_counter_create_typed
19778 : 0x96943205a6a : 2 : ittapi_config_apply_per_lib :  ITTAPI function instrumented: __itt_pause
19778 : 0x96943206836 : 2 : ittapi_config_apply_per_lib :  ITTAPI function instrumented: __itt_resume
19778 : 0x969432076d2 : 2 : ittapi_config_apply_per_lib :  ITTAPI function not implemented: __itt_pause_scoped
19778 : 0x96943208634 : 2 : ittapi_config_apply_per_lib :  ITTAPI function not implemented: __itt_resume_scoped
19778 : 0x969432094da : 2 : ittapi_config_apply_per_lib :  ITTAPI function instrumented: __itt_thread_set_name
19778 : 0x9694320f9bc : 2 : ittapi_config_apply_per_lib :  ITTAPI function instrumented: __itt_thread_ignore
19778 : 0x9694321088c : 2 : ittapi_config_apply_per_lib :  ITTAPI function instrumented: __itt_thr_name_set
19778 : 0x96943211678 : 2 : ittapi_config_apply_per_lib :  ITTAPI function instrumented: __itt_thr_ignore
19778 : 0x969432123b8 : 2 : ittapi_config_apply_per_lib :  ITTAPI function instrumented: __itt_histogram_create
19778 : 0x9694321306e : 2 : ittapi_config_apply_per_lib :  ITTAPI function instrumented: __itt_counter_create_v3
19778 : 0x96943213e9e : 2 : ittapi_config_apply_per_lib :  ITTAPI function instrumented: __itt_bind_context_metadata_to_counter
19778 : 0x96943214dec : 2 : ittapi_config_apply_per_lib :  ITTAPI function not implemented: __itt_enable_attach
19778 : 0x96943215b4a : 2 : ittapi_config_apply_per_lib :  ITTAPI function instrumented: __itt_detach
19778 : 0x969432167fe : 2 : ittapi_config_apply_per_lib :  ITTAPI function NOT instrumented (not matched by --itt-config option): __itt_sync_create

19778 : 0x969432173bc : 2 : ittapi_config_apply_per_lib :  ITTAPI function NOT instrumented (not matched by --itt-config option): __itt_sync_rename

19778 : 0x9694321d9d6 : 2 : ittapi_config_apply_per_lib :  ITTAPI function NOT instrumented (not matched by --itt-config option): __itt_sync_destroy

19778 : 0x9694321e704 : 2 : ittapi_config_apply_per_lib :  ITTAPI function NOT instrumented (not matched by --itt-config option): __itt_sync_prepare

19778 : 0x9694321f252 : 2 : ittapi_config_apply_per_lib :  ITTAPI function NOT instrumented (not matched by --itt-config option): __itt_sync_cancel

19778 : 0x9694321fd34 : 2 : ittapi_config_apply_per_lib :  ITTAPI function NOT instrumented (not matched by --itt-config option): __itt_sync_acquired

19778 : 0x969432207f6 : 2 : ittapi_config_apply_per_lib :  ITTAPI function NOT instrumented (not matched by --itt-config option): __itt_sync_releasing

19778 : 0x969432217fc : 2 : ittapi_config_apply_per_lib :  ITTAPI function not implemented: __itt_suppress_push
19778 : 0x96943222850 : 2 : ittapi_config_apply_per_lib :  ITTAPI function not implemented: __itt_suppress_pop
19778 : 0x9694322372e : 2 : ittapi_config_apply_per_lib :  ITTAPI function not implemented: __itt_suppress_mark_range
19778 : 0x96943224660 : 2 : ittapi_config_apply_per_lib :  ITTAPI function not implemented: __itt_suppress_clear_range
19778 : 0x969432251aa : 2 : ittapi_config_apply_per_lib :  ITTAPI function NOT instrumented (not matched by --itt-config option): __itt_sync_prepare

19778 : 0x9694322af82 : 2 : ittapi_config_apply_per_lib :  ITTAPI function NOT instrumented (not matched by --itt-config option): __itt_sync_cancel

19778 : 0x9694322bbb2 : 2 : ittapi_config_apply_per_lib :  ITTAPI function NOT instrumented (not matched by --itt-config option): __itt_sync_acquired

19778 : 0x9694322c688 : 2 : ittapi_config_apply_per_lib :  ITTAPI function NOT instrumented (not matched by --itt-config option): __itt_sync_releasing

19778 : 0x9694322d212 : 2 : ittapi_config_apply_per_lib :  ITTAPI function NOT instrumented (not matched by --itt-config option): __itt_model_site_begin

19778 : 0x9694322dd0a : 2 : ittapi_config_apply_per_lib :  ITTAPI function NOT instrumented (not matched by --itt-config option): __itt_model_site_end

19778 : 0x9694322e816 : 2 : ittapi_config_apply_per_lib :  ITTAPI function NOT instrumented (not matched by --itt-config option): __itt_model_task_begin

19778 : 0x9694322f314 : 2 : ittapi_config_apply_per_lib :  ITTAPI function NOT instrumented (not matched by --itt-config option): __itt_model_task_end

19778 : 0x9694322fea2 : 2 : ittapi_config_apply_per_lib :  ITTAPI function NOT instrumented (not matched by --itt-config option): __itt_model_lock_acquire

19778 : 0x96943230984 : 2 : ittapi_config_apply_per_lib :  ITTAPI function NOT instrumented (not matched by --itt-config option): __itt_model_lock_release

19778 : 0x96943231460 : 2 : ittapi_config_apply_per_lib :  ITTAPI function NOT instrumented (not matched by --itt-config option): __itt_model_record_allocation

19778 : 0x96943239154 : 2 : ittapi_config_apply_per_lib :  ITTAPI function NOT instrumented (not matched by --itt-config option): __itt_model_record_deallocation

19778 : 0x96943239e88 : 2 : ittapi_config_apply_per_lib :  ITTAPI function NOT instrumented (not matched by --itt-config option): __itt_model_induction_uses

19778 : 0x9694323a99c : 2 : ittapi_config_apply_per_lib :  ITTAPI function NOT instrumented (not matched by --itt-config option): __itt_model_reduction_uses

19778 : 0x9694323b49e : 2 : ittapi_config_apply_per_lib :  ITTAPI function NOT instrumented (not matched by --itt-config option): __itt_model_observe_uses

19778 : 0x9694323c1de : 2 : ittapi_config_apply_per_lib :  ITTAPI function NOT instrumented (not matched by --itt-config option): __itt_model_clear_uses

19778 : 0x9694323ccbc : 2 : ittapi_config_apply_per_lib :  ITTAPI function NOT instrumented (not matched by --itt-config option): __itt_model_site_beginA

19778 : 0x9694323d7b4 : 2 : ittapi_config_apply_per_lib :  ITTAPI function NOT instrumented (not matched by --itt-config option): __itt_model_site_beginAL

19778 : 0x9694323e2b0 : 2 : ittapi_config_apply_per_lib :  ITTAPI function NOT instrumented (not matched by --itt-config option): __itt_model_task_beginA

19778 : 0x9694323eda8 : 2 : ittapi_config_apply_per_lib :  ITTAPI function NOT instrumented (not matched by --itt-config option): __itt_model_task_beginAL

19778 : 0x9694323f886 : 2 : ittapi_config_apply_per_lib :  ITTAPI function NOT instrumented (not matched by --itt-config option): __itt_model_iteration_taskA

19778 : 0x9694324541e : 2 : ittapi_config_apply_per_lib :  ITTAPI function NOT instrumented (not matched by --itt-config option): __itt_model_iteration_taskAL

19778 : 0x96943246128 : 2 : ittapi_config_apply_per_lib :  ITTAPI function NOT instrumented (not matched by --itt-config option): __itt_model_site_end_2

19778 : 0x96943246c18 : 2 : ittapi_config_apply_per_lib :  ITTAPI function NOT instrumented (not matched by --itt-config option): __itt_model_task_end_2

19778 : 0x969432476e2 : 2 : ittapi_config_apply_per_lib :  ITTAPI function NOT instrumented (not matched by --itt-config option): __itt_model_lock_acquire_2

19778 : 0x969432481c2 : 2 : ittapi_config_apply_per_lib :  ITTAPI function NOT instrumented (not matched by --itt-config option): __itt_model_lock_release_2

19778 : 0x96943248ca0 : 2 : ittapi_config_apply_per_lib :  ITTAPI function NOT instrumented (not matched by --itt-config option): __itt_model_aggregate_task

19778 : 0x96943249770 : 2 : ittapi_config_apply_per_lib :  ITTAPI function NOT instrumented (not matched by --itt-config option): __itt_model_disable_push

19778 : 0x9694324a250 : 2 : ittapi_config_apply_per_lib :  ITTAPI function NOT instrumented (not matched by --itt-config option): __itt_model_disable_pop

19778 : 0x9694324b0f0 : 2 : ittapi_config_apply_per_lib :  ITTAPI function instrumented: __itt_heap_function_create
19778 : 0x9694324bebe : 2 : ittapi_config_apply_per_lib :  ITTAPI function instrumented: __itt_heap_allocate_begin
19778 : 0x96943254092 : 2 : ittapi_config_apply_per_lib :  ITTAPI function instrumented: __itt_heap_allocate_end
19778 : 0x9694325501a : 2 : ittapi_config_apply_per_lib :  ITTAPI function instrumented: __itt_heap_free_begin
19778 : 0x96943255e32 : 2 : ittapi_config_apply_per_lib :  ITTAPI function instrumented: __itt_heap_free_end
19778 : 0x96943256b8c : 2 : ittapi_config_apply_per_lib :  ITTAPI function instrumented: __itt_heap_reallocate_begin
19778 : 0x9694325790c : 2 : ittapi_config_apply_per_lib :  ITTAPI function instrumented: __itt_heap_reallocate_end
19778 : 0x96943258950 : 2 : ittapi_config_apply_per_lib :  ITTAPI function not implemented: __itt_heap_internal_access_begin
19778 : 0x96943259960 : 2 : ittapi_config_apply_per_lib :  ITTAPI function not implemented: __itt_heap_internal_access_end
19778 : 0x9694325a914 : 2 : ittapi_config_apply_per_lib :  ITTAPI function not implemented: __itt_heap_record_memory_growth_begin
19778 : 0x9694325ba52 : 2 : ittapi_config_apply_per_lib :  ITTAPI function not implemented: __itt_heap_record_memory_growth_end
19778 : 0x9694325c9e2 : 2 : ittapi_config_apply_per_lib :  ITTAPI function not implemented: __itt_heap_reset_detection
19778 : 0x96943262fa2 : 2 : ittapi_config_apply_per_lib :  ITTAPI function not implemented: __itt_heap_record
19778 : 0x96943263fd0 : 2 : ittapi_config_apply_per_lib :  ITTAPI function not implemented: __itt_id_create
19778 : 0x96943264f22 : 2 : ittapi_config_apply_per_lib :  ITTAPI function not implemented: __itt_id_destroy
19778 : 0x96943265d7e : 2 : ittapi_config_apply_per_lib :  ITTAPI function instrumented: __itt_get_timestamp
19778 : 0x96943266d14 : 2 : ittapi_config_apply_per_lib :  ITTAPI function not implemented: __itt_region_begin
19778 : 0x96943267b98 : 2 : ittapi_config_apply_per_lib :  ITTAPI function not implemented: __itt_region_end
19778 : 0x9694326867c : 2 : ittapi_config_apply_per_lib :  ITTAPI function NOT instrumented (not matched by --itt-config option): __itt_frame_begin_v3

19778 : 0x969432691c2 : 2 : ittapi_config_apply_per_lib :  ITTAPI function NOT instrumented (not matched by --itt-config option): __itt_frame_end_v3

19778 : 0x96943269cde : 2 : ittapi_config_apply_per_lib :  ITTAPI function NOT instrumented (not matched by --itt-config option): __itt_frame_submit_v3

19778 : 0x9694326a8b8 : 2 : ittapi_config_apply_per_lib :  ITTAPI function NOT instrumented (not matched by --itt-config option): __itt_task_group

19778 : 0x969432705ae : 2 : ittapi_config_apply_per_lib :  ITTAPI function NOT instrumented (not matched by --itt-config option): __itt_task_begin

19778 : 0x9694327122a : 2 : ittapi_config_apply_per_lib :  ITTAPI function NOT instrumented (not matched by --itt-config option): __itt_task_begin_fn

19778 : 0x96943271d9c : 2 : ittapi_config_apply_per_lib :  ITTAPI function NOT instrumented (not matched by --itt-config option): __itt_task_end

19778 : 0x96943272936 : 2 : ittapi_config_apply_per_lib :  ITTAPI function NOT instrumented (not matched by --itt-config option): __itt_counter_inc_v3

19778 : 0x96943273476 : 2 : ittapi_config_apply_per_lib :  ITTAPI function NOT instrumented (not matched by --itt-config option): __itt_counter_inc_delta_v3

19778 : 0x9694327405a : 2 : ittapi_config_apply_per_lib :  ITTAPI function NOT instrumented (not matched by --itt-config option): __itt_counter_dec_v3

19778 : 0x96943274b60 : 2 : ittapi_config_apply_per_lib :  ITTAPI function NOT instrumented (not matched by --itt-config option): __itt_counter_dec_delta_v3

19778 : 0x96943275b22 : 2 : ittapi_config_apply_per_lib :  ITTAPI function not implemented: __itt_marker
19778 : 0x96943276906 : 2 : ittapi_config_apply_per_lib :  ITTAPI function instrumented: __itt_metadata_add
19778 : 0x96943277822 : 2 : ittapi_config_apply_per_lib :  ITTAPI function not implemented: __itt_metadata_str_add
19778 : 0x96943280432 : 2 : ittapi_config_apply_per_lib :  ITTAPI function not implemented: __itt_relation_add_to_current
19778 : 0x96943281538 : 2 : ittapi_config_apply_per_lib :  ITTAPI function not implemented: __itt_relation_add
19778 : 0x9694328238e : 2 : ittapi_config_apply_per_lib :  ITTAPI function instrumented: __itt_event_create
19778 : 0x96943282ee0 : 2 : ittapi_config_apply_per_lib :  ITTAPI function NOT instrumented (not matched by --itt-config option): __itt_event_start

19778 : 0x96943283a0c : 2 : ittapi_config_apply_per_lib :  ITTAPI function NOT instrumented (not matched by --itt-config option): __itt_event_end

19778 : 0x96943284552 : 2 : ittapi_config_apply_per_lib :  ITTAPI function NOT instrumented (not matched by --itt-config option): __itt_sync_set_name

19778 : 0x96943285086 : 2 : ittapi_config_apply_per_lib :  ITTAPI function NOT instrumented (not matched by --itt-config option): __itt_notify_sync_name

19778 : 0x96943285b7e : 2 : ittapi_config_apply_per_lib :  ITTAPI function NOT instrumented (not matched by --itt-config option): __itt_notify_sync_prepare

19778 : 0x96943286648 : 2 : ittapi_config_apply_per_lib :  ITTAPI function NOT instrumented (not matched by --itt-config option): __itt_notify_sync_cancel

19778 : 0x96943287142 : 2 : ittapi_config_apply_per_lib :  ITTAPI function NOT instrumented (not matched by --itt-config option): __itt_notify_sync_acquired

19778 : 0x9694328d672 : 2 : ittapi_config_apply_per_lib :  ITTAPI function NOT instrumented (not matched by --itt-config option): __itt_notify_sync_releasing

19778 : 0x9694328e952 : 2 : ittapi_config_apply_per_lib :  ITTAPI function not implemented: __itt_memory_read
19778 : 0x9694328f818 : 2 : ittapi_config_apply_per_lib :  ITTAPI function not implemented: __itt_memory_write
19778 : 0x96943290756 : 2 : ittapi_config_apply_per_lib :  ITTAPI function not implemented: __itt_memory_update
19778 : 0x969432915d0 : 2 : ittapi_config_apply_per_lib :  ITTAPI function not implemented: __itt_state_get
19778 : 0x96943292478 : 2 : ittapi_config_apply_per_lib :  ITTAPI function not implemented: __itt_state_set
19778 : 0x969432932b0 : 2 : ittapi_config_apply_per_lib :  ITTAPI function not implemented: __itt_obj_mode_set
19778 : 0x969432940dc : 2 : ittapi_config_apply_per_lib :  ITTAPI function not implemented: __itt_thr_mode_set
19778 : 0x96943294e90 : 2 : ittapi_config_apply_per_lib :  ITTAPI function instrumented: __itt_frame_create
19778 : 0x96943295c4c : 2 : ittapi_config_apply_per_lib :  ITTAPI function instrumented: __itt_pt_region_create
19778 : 0x9694329bfdc : 2 : ittapi_config_apply_per_lib :  ITTAPI function NOT instrumented (not matched by --itt-config option): __itt_frame_begin

19778 : 0x9694329ccb8 : 2 : ittapi_config_apply_per_lib :  ITTAPI function NOT instrumented (not matched by --itt-config option): __itt_frame_end

19778 : 0x9694329d866 : 2 : ittapi_config_apply_per_lib :  ITTAPI function NOT instrumented (not matched by --itt-config option): __itt_counter_destroy

19778 : 0x9694329e3b4 : 2 : ittapi_config_apply_per_lib :  ITTAPI function NOT instrumented (not matched by --itt-config option): __itt_counter_inc

19778 : 0x9694329ef00 : 2 : ittapi_config_apply_per_lib :  ITTAPI function NOT instrumented (not matched by --itt-config option): __itt_counter_inc_delta

19778 : 0x9694329fa62 : 2 : ittapi_config_apply_per_lib :  ITTAPI function NOT instrumented (not matched by --itt-config option): __itt_counter_dec

19778 : 0x969432a054e : 2 : ittapi_config_apply_per_lib :  ITTAPI function NOT instrumented (not matched by --itt-config option): __itt_counter_dec_delta

19778 : 0x969432a103a : 2 : ittapi_config_apply_per_lib :  ITTAPI function NOT instrumented (not matched by --itt-config option): __itt_counter_set_value

19778 : 0x969432a1be0 : 2 : ittapi_config_apply_per_lib :  ITTAPI function NOT instrumented (not matched by --itt-config option): __itt_counter_set_value_ex

19778 : 0x969432a2b9c : 2 : ittapi_config_apply_per_lib :  ITTAPI function not implemented: __itt_mark_create
19778 : 0x969432a918e : 2 : ittapi_config_apply_per_lib :  ITTAPI function not implemented: __itt_mark
19778 : 0x969432aa458 : 2 : ittapi_config_apply_per_lib :  ITTAPI function not implemented: __itt_mark_off
19778 : 0x969432ab3d8 : 2 : ittapi_config_apply_per_lib :  ITTAPI function not implemented: __itt_mark_global
19778 : 0x969432ac2b0 : 2 : ittapi_config_apply_per_lib :  ITTAPI function not implemented: __itt_mark_global_off
19778 : 0x969432aced2 : 2 : ittapi_config_apply_per_lib :  ITTAPI function NOT instrumented (not matched by --itt-config option): __itt_stack_caller_create

19778 : 0x969432ada9a : 2 : ittapi_config_apply_per_lib :  ITTAPI function NOT instrumented (not matched by --itt-config option): __itt_stack_caller_destroy

19778 : 0x969432ae604 : 2 : ittapi_config_apply_per_lib :  ITTAPI function NOT instrumented (not matched by --itt-config option): __itt_stack_callee_enter

19778 : 0x969432af124 : 2 : ittapi_config_apply_per_lib :  ITTAPI function NOT instrumented (not matched by --itt-config option): __itt_stack_callee_leave

19778 : 0x969432aff96 : 2 : ittapi_config_apply_per_lib :  ITTAPI function not implemented: __itt_clock_domain_create
19778 : 0x969432b0e84 : 2 : ittapi_config_apply_per_lib :  ITTAPI function not implemented: __itt_clock_domain_reset
19778 : 0x969432b93c0 : 2 : ittapi_config_apply_per_lib :  ITTAPI function not implemented: __itt_id_create_ex
19778 : 0x969432ba494 : 2 : ittapi_config_apply_per_lib :  ITTAPI function not implemented: __itt_id_destroy_ex
19778 : 0x969432baf90 : 2 : ittapi_config_apply_per_lib :  ITTAPI function NOT instrumented (not matched by --itt-config option): __itt_task_begin_ex

19778 : 0x969432bbafa : 2 : ittapi_config_apply_per_lib :  ITTAPI function NOT instrumented (not matched by --itt-config option): __itt_task_begin_fn_ex

19778 : 0x969432bc61a : 2 : ittapi_config_apply_per_lib :  ITTAPI function NOT instrumented (not matched by --itt-config option): __itt_task_end_ex

19778 : 0x969432bd0ee : 2 : ittapi_config_apply_per_lib :  ITTAPI function NOT instrumented (not matched by --itt-config option): __itt_task_begin_overlapped

19778 : 0x969432bdbba : 2 : ittapi_config_apply_per_lib :  ITTAPI function NOT instrumented (not matched by --itt-config option): __itt_task_begin_overlapped_ex

19778 : 0x969432be6b6 : 2 : ittapi_config_apply_per_lib :  ITTAPI function NOT instrumented (not matched by --itt-config option): __itt_task_end_overlapped

19778 : 0x969432bf15a : 2 : ittapi_config_apply_per_lib :  ITTAPI function NOT instrumented (not matched by --itt-config option): __itt_task_end_overlapped_ex

19778 : 0x969432bffd6 : 2 : ittapi_config_apply_per_lib :  ITTAPI function not implemented: __itt_marker_ex
19778 : 0x969432c64aa : 2 : ittapi_config_apply_per_lib :  ITTAPI function not implemented: __itt_metadata_add_with_scope
19778 : 0x969432c75c6 : 2 : ittapi_config_apply_per_lib :  ITTAPI function not implemented: __itt_metadata_str_add_with_scope
19778 : 0x969432c8516 : 2 : ittapi_config_apply_per_lib :  ITTAPI function not implemented: __itt_relation_add_to_current_ex
19778 : 0x969432c93de : 2 : ittapi_config_apply_per_lib :  ITTAPI function not implemented: __itt_relation_add_ex
19778 : 0x969432ca228 : 2 : ittapi_config_apply_per_lib :  ITTAPI function not implemented: __itt_track_group_create
19778 : 0x969432cb04a : 2 : ittapi_config_apply_per_lib :  ITTAPI function not implemented: __itt_track_create
19778 : 0x969432cbe7c : 2 : ittapi_config_apply_per_lib :  ITTAPI function not implemented: __itt_set_track
19778 : 0x969432ccc88 : 2 : ittapi_config_apply_per_lib :  ITTAPI function instrumented: __itt_api_version
19778 : 0x969432cdb3a : 2 : ittapi_config_apply_per_lib :  ITTAPI function not implemented: __itt_av_save
19778 : 0x969432ce8da : 2 : ittapi_config_apply_per_lib :  ITTAPI function instrumented: __itt_module_load
19778 : 0x969432d52e2 : 2 : ittapi_config_apply_per_lib :  ITTAPI function not implemented: __itt_module_unload
19778 : 0x969432d5f92 : 2 : ittapi_config_apply_per_lib :  ITTAPI function NOT instrumented (not matched by --itt-config option): __itt_histogram_submit

19778 : 0x969432d6b42 : 2 : ittapi_config_apply_per_lib :  ITTAPI function NOT instrumented (not matched by --itt-config option): __itt_counter_set_value_v3
