Collection status has changed. 1
Collection has been started.
Collection has stopped. Application exit code:  1
Finalizing results
Finalizing the result
Clearing the database
The database has been cleared, elapsed time is 0.562 seconds.
Loading raw data to the database
Loading 'bandwidth_1734033842.hpc' file
Loading 'systemcollector-38622-chris4219.sc' file
Loading '38622-38634.0.trace' file
Loading 'userapicollector-38634-99dcaf31.trace' file
Loading 'tripcounts_38113_0.tcs' file
Error: Cannot load data file `/home/chris/high-performance-clowns/hw1/advisor/OMP_ass/e000/hs010/data.1/advixe-runtrc.txt' ().
Updating precomputed scalar metrics
Raw data has been loaded to the database, elapsed time is 0.929 seconds.
Processing profile metrics and debug information
Data transformations have been finished, elapsed time is 0.007 seconds.
Setting data model parameters
Resolving module symbols
Resolving information for `libc-dynamic.so'
Resolving information for `libc++.so'
Resolving information for `libiomp5.so'
Resolving information for `libpindwarf.so'
Resolving information for `libc.so.6'
Resolving information for `libtpsstool.so'
Resolving information for `libc++abi.so'
Warning: Cannot locate debugging information for file `/opt/intel/oneapi/advisor/2025.0/lib64/libtpsstool.so'.
Resolving information for dangling locations
Resolving information for `omp_homework'
Resolving information for `pinbin'
Resolving information for `ld-linux-x86-64.so.2'
Resolving information for `libittnotify_collector.so'
Warning: Cannot locate debugging information for file `/opt/intel/oneapi/advisor/2025.0/lib64/runtime/libittnotify_collector.so'.
Resolving information for `libarcher.so'
Resolving information for `libdwarf.so'
Resolving bottom user stack information
Resolving thread name information
Resolving call target names for dynamic code
Symbol resolution has been finished, elapsed time is 4.529 seconds.
Processing profile metrics and debug information
Resolving FLOP information
Calculating function call count
Processing information for light dynamic instruction mix report
Deferred data transformations have been finished, elapsed time is 0.852 seconds.
Setting data model parameters
Data model parameters have been set, elapsed time is 0.026 seconds.
Precomputing frequently used data
Precomputing frequently used data
Updating precomputed scalar metrics
Precomputing frequently used data has been finished, elapsed time is 0.055 seconds.
Discarding redundant overtime data
Saving the result
Redundant overtime data has been discarded, elapsed time is 0.002 seconds.
Raw collector data has been discarded, elapsed time is 0.000 seconds.
Finalizing the result took 80.097 seconds.
Preparing data for display of survey call tree
Resolving module symbols
Resolving bottom user stack information
Resolving thread name information
Resolving call target names for dynamic code
Precomputing frequently used data
