13 [139632910927808] INFO perfrun.launcher <> - Launcher main begin
14 [139632910927808] INFO perfrun.launcher <> - MessageCatalogInit finished
14 [139632910927808] INFO perfrun.launcher <> - Launcher instance created
14 [139632910927808] INFO perfrun.launcher <> - argc = 7; cmdline = /opt/intel/oneapi/advisor/2023.2.0/bin64/advixe-runss --ui-output-format xml --ui-output-fd 82 --option-file /home/Zsf/HPC/mandelbrot/advisor/mandelbrot/e000/hs014/config/runss.options 
58 [139632910927808] INFO perfrun.launcher <> - create msngr2::ICliToolContext
58 [139632910927808] INFO perfrun.launcher <> - create file finder object
58 [139632910927808] INFO perfrun.launcher <> - create a result directory: pattern = /home/Zsf/HPC/mandelbrot/advisor/mandelbrot/e000/hs014 pid = 4294967295
65 [139632910927808] INFO perfrun.sdk <> - checked that the directory /home/Zsf/HPC/mandelbrot/advisor/mandelbrot/e000/hs014 is a local directory
65 [139632910927808] INFO perfrun.sdk <> - the directory /home/Zsf/HPC/mandelbrot/advisor/mandelbrot/e000/hs014 is located on a share or its FS ID is unknown 26985
65 [139632910927808] INFO perfrun.sdk <> - checked that the directory /tmp/advixe-tmp-S4951409 is a local directory
65 [139632910927808] INFO perfrun.sdk <> - the directory /tmp/advixe-tmp-S4951409 is a local directory with FS type ID 61267
66 [139632910927808] INFO perfrun.launcher <> - Create a local result directory /tmp/advixe-tmp-S4951409/advixe-res-17228-8582825713441 due to the user result path /home/Zsf/HPC/mandelbrot/advisor/mandelbrot/e000/hs014 is located on a share
66 [139632910927808] INFO perfrun.launcher <> - create data directory = /tmp/advixe-tmp-S4951409/advixe-res-17228-8582825713441/data.0
68 [139632910927808] INFO perfrun.launcher <> - create data directory = /home/Zsf/HPC/mandelbrot/advisor/mandelbrot/e000/hs014/data.0
72 [139632910927808] INFO perfrun.launcher <> - Creating the master collection flag
80 [139632910927808] INFO perfrun.launcher <> - Done creating the master collection flag
80 [139632763201280] INFO perfrun.launcher <> - plugin [remoteplug] was disabled because it doesn't support the given collection type.
80 [139632763201280] INFO perfrun.sdk <> - Allocating TMU :/tmp/advixe-tmp-S4951409/advixe-res-17228-8582825713441/data.0/systemcollector-17228-sw206.sc
81 [139632763201280] INFO perfrun.launcher <> - plugin [] was disabled because it doesn't support the given collection type.
81 [139632763201280] INFO perfrun.launcher <> - plugin [gpu] was disabled because it doesn't support the given collection type.
81 [139632763201280] INFO perfrun.launcher <> - plugin [] was disabled because it doesn't support the given collection type.
81 [139632763201280] INFO perfrun.launcher <> - plugin [] was disabled because it doesn't support the given collection type.
81 [139632763201280] INFO perfrun.launcher <> - plugin [] was disabled because it doesn't support the given collection type.
81 [139632763201280] INFO perfrun.mrte <> - system-wide mode is 0
81 [139632763201280] INFO perfrun.mrte <> - Getting  mrte profiling environment ...
85 [139632763201280] INFO perfrun.mrte <> - INTEL_MRTE_DATA_DIR=/tmp/advixe-tmp-S4951409/advixe-res-17228-8582825713441/data.0
85 [139632763201280] INFO perfrun.mrte <> - INTEL_MRTE_HOST_NAME=sw206
85 [139632763201280] INFO perfrun.mrte <> - JAVA_TOOL_OPTIONS=-agentlib:advixe_tpssmrte_javaprof_1.0 -Dsun.boot.library.path=/opt/intel/oneapi/advisor/2023.2.0/lib32/runtime:/opt/intel/oneapi/advisor/2023.2.0/lib64/runtime
85 [139632763201280] INFO perfrun.mrte <> - LD_LIBRARY_PATH=/opt/intel/oneapi/advisor/2023.2.0/lib32/runtime:/opt/intel/oneapi/advisor/2023.2.0/lib64/runtime:/opt/intel/oneapi/tbb/2021.10.0/env/../lib/intel64/gcc4.8:/opt/intel/oneapi/mpi/2021.10.0//libfabric/lib:/opt/intel/oneapi/mpi/2021.10.0//lib/release:/opt/intel/oneapi/mpi/2021.10.0//lib:/opt/intel/oneapi/mkl/2023.2.0/lib/intel64:/opt/intel/oneapi/itac/2021.10.0/slib:/opt/intel/oneapi/ipp/2021.9.0/lib/intel64:/opt/intel/oneapi/ippcp/2021.8.0/lib/intel64:/opt/intel/oneapi/ipp/2021.9.0/lib/intel64:/opt/intel/oneapi/dnnl/2023.2.0/cpu_dpcpp_gpu_dpcpp/lib:/opt/intel/oneapi/debugger/2023.2.0/gdb/intel64/lib:/opt/intel/oneapi/debugger/2023.2.0/libipt/intel64/lib:/opt/intel/oneapi/debugger/2023.2.0/dep/lib:/opt/intel/oneapi/dal/2023.2.0/lib/intel64:/opt/intel/oneapi/compiler/2023.2.1/linux/lib:/opt/intel/oneapi/compiler/2023.2.1/linux/lib/x64:/opt/intel/oneapi/compiler/2023.2.1/linux/lib/oclfpga/host/linux64/lib:/opt/intel/oneapi/compiler/2023.2.1/linux/compiler/lib/intel64_lin:/opt/intel/oneapi/ccl/2021.10.0/lib/cpu_gpu_dpcpp
85 [139632763201280] INFO perfrun.mrte <> - Data directory: /tmp/advixe-tmp-S4951409/advixe-res-17228-8582825713441/data.0
85 [139632763201280] INFO perfrun.mrte <> - Mrte plugin is initialized
85 [139632763201280] INFO perfrun.launcher <> - plugin [] was disabled because it doesn't support the given collection type.
85 [139632763201280] INFO perfrun.launcher <> - plugin [] was disabled because it doesn't support the given collection type.
85 [139632763201280] INFO perfrun.launcher <> - plugin [] was disabled because it doesn't support the given collection type.
85 [139632763201280] INFO perfrun.launcher <> - plugin [] was disabled because it doesn't support the given collection type.
85 [139632763201280] INFO perfrun.launcher <> - plugin [] was disabled because it doesn't support the given collection type.
85 [139632763201280] INFO perfrun.launcher <> - plugin [] was disabled because it doesn't support the given collection type.
85 [139632763201280] INFO perfrun.launcher <> - plugin [] was disabled because it doesn't support the given collection type.
85 [139632763201280] INFO perfrun.tpss <> - initialize tpss controller
85 [139632763201280] INFO perfrun.tpss <> - configure collection mode: value = cpu:stack
85 [139632763201280] INFO perfrun.tpss <> - default obj-size-min=1024
85 [139632763201280] INFO perfrun.tpss <> - default hash-table-size=0
85 [139632763201280] INFO perfrun.launcher <> - plugin [] was disabled because it doesn't support the given collection type.
85 [139632763201280] INFO perfrun.launcher <> - plugin [] was disabled because it doesn't support the given collection type.
85 [139632763201280] INFO perfrun.launcher <> - plugin [] was disabled because it doesn't support the given collection type.
85 [139632763201280] INFO perfrun.launcher <> - plugin [] was disabled because it doesn't support the given collection type.
85 [139632763201280] INFO perfrun.launcher <> - plugin [] was disabled because it doesn't support the given collection type.
85 [139632763201280] INFO perfrun.launcher <> - plugin [] was disabled because it doesn't support the given collection type.
85 [139632763201280] INFO perfrun.launcher <> - plugin [] was disabled because it doesn't support the given collection type.
85 [139632763201280] INFO perfrun.launcher <> - plugin [] was disabled because it doesn't support the given collection type.
85 [139632763201280] INFO perfrun.launcher <> - plugin [] was disabled because it doesn't support the given collection type.
85 [139632910927808] INFO perfrun.launcher <> - set environment variable: LD_LIBRARY_PATH = /opt/intel/oneapi/advisor/2023.2.0/lib32/runtime:/opt/intel/oneapi/advisor/2023.2.0/lib64/runtime:/opt/intel/oneapi/tbb/2021.10.0/env/../lib/intel64/gcc4.8:/opt/intel/oneapi/mpi/2021.10.0//libfabric/lib:/opt/intel/oneapi/mpi/2021.10.0//lib/release:/opt/intel/oneapi/mpi/2021.10.0//lib:/opt/intel/oneapi/mkl/2023.2.0/lib/intel64:/opt/intel/oneapi/itac/2021.10.0/slib:/opt/intel/oneapi/ipp/2021.9.0/lib/intel64:/opt/intel/oneapi/ippcp/2021.8.0/lib/intel64:/opt/intel/oneapi/ipp/2021.9.0/lib/intel64:/opt/intel/oneapi/dnnl/2023.2.0/cpu_dpcpp_gpu_dpcpp/lib:/opt/intel/oneapi/debugger/2023.2.0/gdb/intel64/lib:/opt/intel/oneapi/debugger/2023.2.0/libipt/intel64/lib:/opt/intel/oneapi/debugger/2023.2.0/dep/lib:/opt/intel/oneapi/dal/2023.2.0/lib/intel64:/opt/intel/oneapi/compiler/2023.2.1/linux/lib:/opt/intel/oneapi/compiler/2023.2.1/linux/lib/x64:/opt/intel/oneapi/compiler/2023.2.1/linux/lib/oclfpga/host/linux64/lib:/opt/intel/oneapi/compiler/2023.2.1/linux/compiler/lib/intel64_lin:/opt/intel/oneapi/ccl/2021.10.0/lib/cpu_gpu_dpcpp
85 [139632910927808] INFO perfrun.launcher <> - set environment variable: INTEL_LIBITTNOTIFY32 = /opt/intel/oneapi/advisor/2023.2.0/lib32/runtime/libittnotify_collector.so
85 [139632910927808] INFO perfrun.launcher <> - set environment variable: INTEL_LIBITTNOTIFY64 = /opt/intel/oneapi/advisor/2023.2.0/lib64/runtime/libittnotify_collector.so
85 [139632910927808] INFO perfrun.launcher <> - set environment variable: INTEL_ITTNOTIFY_GROUPS = 
85 [139632910927808] INFO perfrun.launcher <> - set environment variable: INTEL_JIT_PROFILER32 = /opt/intel/oneapi/advisor/2023.2.0/lib32/runtime/libittnotify_collector.so
85 [139632910927808] INFO perfrun.launcher <> - set environment variable: INTEL_JIT_PROFILER64 = /opt/intel/oneapi/advisor/2023.2.0/lib64/runtime/libittnotify_collector.so
85 [139632910927808] INFO perfrun.launcher <> - set environment variable: ENABLE_JITPROFILING = 1
85 [139632910927808] INFO perfrun.launcher <> - set environment variable: CL_CONFIG_USE_VTUNE = True
85 [139632910927808] INFO perfrun.launcher <> - set environment variable: KMP_FORKJOIN_FRAMES = 0
85 [139632910927808] INFO perfrun.launcher <> - set environment variable: KMP_FORKJOIN_FRAMES_MODE = 0
85 [139632910927808] INFO perfrun.launcher <> - set environment variable: INTEL_MRTE_DATA_DIR = /tmp/advixe-tmp-S4951409/advixe-res-17228-8582825713441/data.0
85 [139632910927808] INFO perfrun.launcher <> - set environment variable: INTEL_MRTE_HOST_NAME = sw206
85 [139632910927808] INFO perfrun.launcher <> - set environment variable: JAVA_TOOL_OPTIONS = -agentlib:advixe_tpssmrte_javaprof_1.0 -Dsun.boot.library.path=/opt/intel/oneapi/advisor/2023.2.0/lib32/runtime:/opt/intel/oneapi/advisor/2023.2.0/lib64/runtime
85 [139632910927808] INFO perfrun.launcher <> - set environment variable: LD_LIBRARY_PATH = /opt/intel/oneapi/advisor/2023.2.0/lib32/runtime:/opt/intel/oneapi/advisor/2023.2.0/lib64/runtime:/opt/intel/oneapi/tbb/2021.10.0/env/../lib/intel64/gcc4.8:/opt/intel/oneapi/mpi/2021.10.0//libfabric/lib:/opt/intel/oneapi/mpi/2021.10.0//lib/release:/opt/intel/oneapi/mpi/2021.10.0//lib:/opt/intel/oneapi/mkl/2023.2.0/lib/intel64:/opt/intel/oneapi/itac/2021.10.0/slib:/opt/intel/oneapi/ipp/2021.9.0/lib/intel64:/opt/intel/oneapi/ippcp/2021.8.0/lib/intel64:/opt/intel/oneapi/ipp/2021.9.0/lib/intel64:/opt/intel/oneapi/dnnl/2023.2.0/cpu_dpcpp_gpu_dpcpp/lib:/opt/intel/oneapi/debugger/2023.2.0/gdb/intel64/lib:/opt/intel/oneapi/debugger/2023.2.0/libipt/intel64/lib:/opt/intel/oneapi/debugger/2023.2.0/dep/lib:/opt/intel/oneapi/dal/2023.2.0/lib/intel64:/opt/intel/oneapi/compiler/2023.2.1/linux/lib:/opt/intel/oneapi/compiler/2023.2.1/linux/lib/x64:/opt/intel/oneapi/compiler/2023.2.1/linux/lib/oclfpga/host/linux64/lib:/opt/intel/oneapi/compiler/2023.2.1/linux/compiler/lib/intel64_lin:/opt/intel/oneapi/ccl/2021.10.0/lib/cpu_gpu_dpcpp
85 [139632910927808] INFO perfrun.launcher <> - RpcServer: run RPC server to handle requests
90 [139632910927808] INFO perfrun.launcher <> - Launcher: command line to start before modification = /home/Zsf/HPC/mandelbrot/release/mandelbrot
90 [139632910927808] INFO perfrun.launcher <> - Launcher: command line to start after modification = /opt/intel/oneapi/advisor/2023.2.0/bin64/pin -error_file /tmp/advixe-tmp-S4951409/advixe-res-17228-8582825713441/data.0/pinerr.tpsslog -detach_reattach -follow_execv -tool_load_option deepbind -t64 /opt/intel/oneapi/advisor/2023.2.0/lib64/libtpsstool.so -t /opt/intel/oneapi/advisor/2023.2.0/lib32/libtpsstool.so -server_name tpss_ipc.17228 -prd_dir /opt/intel/oneapi/advisor/2023.2.0 -- /home/Zsf/HPC/mandelbrot/release/mandelbrot
90 [139632910927808] INFO perfrun.launcher <> - ProcessCreator object was created
90 [139632910927808] INFO perfrun.launcher <> - Launcher: the process was started in suspend mode
112 [139632763201280] WARN perfrun.system <> - Could not do anything with /sys/kernel/debug/kvm: boost::filesystem::status: Permission denied: "/sys/kernel/debug/kvm", at file: vcs/perfrun1/plugins/system/src/trace_writer.cpp:787
112 [139632763201280] WARN perfrun.system <> - Folder "/var/run/libvirt/qemu/"doesn't exist, at file: vcs/perfrun1/plugins/system/src/trace_writer.cpp:800
113 [139632763201280] WARN perfrun.sdk <> - Failed to find xl binary on any of the system paths: /bin, /sbin, /usr/bin, /usr/sbin., at file: vcs/perfrun1/sdk/src/utils.cpp:204
120 [139632763201280] INFO perfrun.vdso <> - Helper runtool '/opt/intel/oneapi/advisor/2023.2.0/bin32/advixe-runss -dump-vdso -r /tmp/advixe-tmp-S4951409/advixe-res-17228-8582825713441 --tmp-dir /tmp/advixe-tmp-S4951409' returned 1
177 [139632763201280] INFO perfrun.vdso <> - Helper runtool '/opt/intel/oneapi/advisor/2023.2.0/bin64/advixe-runss -dump-vdso -r /tmp/advixe-tmp-S4951409/advixe-res-17228-8582825713441 --tmp-dir /tmp/advixe-tmp-S4951409' returned 0
178 [139632763201280] INFO perfrun.itt <> - start itt controller for pid #17241
178 [139632763201280] INFO perfrun.tpss <> - start tpss controller for pid #17241
228 [139632910927808] INFO perfrun.launcher <> - Launcher: all plugins were started
228 [139632910927808] INFO perfrun.launcher <> - DirectoryMonitor object was created
228 [139632910927808] INFO perfrun.launcher <> - DirectoryMonitor: a callback was added
228 [139632910927808] INFO perfrun.launcher <> - DirectoryMonitor was started with pingTime = 1000
228 [139632910927808] INFO perfrun.launcher <> - DeadlineTimer is going to be constructed
229 [139632910927808] INFO perfrun.launcher <> - DeadlineTimer: a callback was added
239 [139632910927808] INFO perfrun.launcher <> - Launcher: resume the profiled application and  wait its termination or stop command
867601 [139632910927808] INFO perfrun.launcher <> - Launcher: the profiled application was terminated  with exit code = 255
867608 [139632763201280] INFO perfrun.itt <> - detach itt controller
867608 [139632763201280] INFO perfrun.itt <> - detach itt controller done
867608 [139632763201280] INFO perfrun.tpss <> - stop tpss controller
867608 [139632763201280] INFO perfrun.sdk <> - De-allocating TMU: /tmp/advixe-tmp-S4951409/advixe-res-17228-8582825713441/data.0/systemcollector-17228-sw206.sc
867608 [139632763201280] INFO perfrun.system <> - closed the system trace file: /tmp/advixe-tmp-S4951409/advixe-res-17228-8582825713441/data.0/systemcollector-17228-sw206.sc
867609 [139632910927808] INFO perfrun.launcher <> - Launcher: all plugins were stopped.
867609 [139632910927808] INFO perfrun.launcher <> - DeadlineTimer is going to be destroyed
867609 [139632910927808] INFO perfrun.launcher <> - DeadlineTimer was destroyed
867609 [139632910927808] INFO perfrun.launcher <> - DirectoryMonitor object was destroyed
867609 [139632910927808] WARN perfrun.launcher <> - Stop command is ignored because it is received when collection is already stopped, at file: vcs/perfrun1/launcher/src/command_handler.cpp:226
867681 [139632910927808] INFO perfrun.launcher <> - Application exit code: 255
867681 [139632910927808] INFO perfrun.launcher <> - Exit code: 255
