13 [140103354382272] INFO perfrun.launcher <> - Launcher main begin
13 [140103354382272] INFO perfrun.launcher <> - MessageCatalogInit finished
13 [140103354382272] INFO perfrun.launcher <> - Launcher instance created
13 [140103354382272] INFO perfrun.launcher <> - argc = 6; cmdline = /opt/intel/oneapi/advisor/2023.2.0/bin64/advixe-runss -dump-vdso -r /tmp/advixe-tmp-S4951409/advixe-res-17228-8582825713441 --tmp-dir /tmp/advixe-tmp-S4951409 
38 [140103354382272] INFO perfrun.launcher <> - create msngr2::ICliToolContext
38 [140103354382272] INFO perfrun.launcher <> - create file finder object
39 [140103206823680] INFO perfrun.launcher <> - plugin [remoteplug] was disabled because it doesn't support the given collection type.
39 [140103206823680] INFO perfrun.launcher <> - plugin [system] was disabled because it doesn't support the given collection type.
39 [140103206823680] INFO perfrun.vdso <> - dumping [vdso] pseudomodule
41 [140103206823680] INFO perfrun.launcher <> - plugin [itt] was disabled because it doesn't support the given collection type.
41 [140103206823680] INFO perfrun.launcher <> - plugin [] was disabled because it doesn't support the given collection type.
41 [140103206823680] INFO perfrun.launcher <> - plugin [gpu] was disabled because it doesn't support the given collection type.
41 [140103206823680] INFO perfrun.launcher <> - plugin [] was disabled because it doesn't support the given collection type.
41 [140103206823680] INFO perfrun.launcher <> - plugin [] was disabled because it doesn't support the given collection type.
41 [140103206823680] INFO perfrun.launcher <> - plugin [] was disabled because it doesn't support the given collection type.
41 [140103206823680] INFO perfrun.launcher <> - plugin [mrte] was disabled because it doesn't support the given collection type.
41 [140103206823680] INFO perfrun.launcher <> - plugin [] was disabled because it doesn't support the given collection type.
41 [140103206823680] INFO perfrun.launcher <> - plugin [] was disabled because it doesn't support the given collection type.
41 [140103206823680] INFO perfrun.launcher <> - plugin [] was disabled because it doesn't support the given collection type.
41 [140103206823680] INFO perfrun.launcher <> - plugin [] was disabled because it doesn't support the given collection type.
41 [140103206823680] INFO perfrun.launcher <> - plugin [] was disabled because it doesn't support the given collection type.
41 [140103206823680] INFO perfrun.launcher <> - plugin [] was disabled because it doesn't support the given collection type.
41 [140103206823680] INFO perfrun.launcher <> - plugin [] was disabled because it doesn't support the given collection type.
41 [140103206823680] INFO perfrun.launcher <> - plugin [tpss] was disabled because it doesn't support the given collection type.
41 [140103206823680] INFO perfrun.launcher <> - plugin [] was disabled because it doesn't support the given collection type.
41 [140103206823680] INFO perfrun.launcher <> - plugin [] was disabled because it doesn't support the given collection type.
41 [140103206823680] INFO perfrun.launcher <> - plugin [] was disabled because it doesn't support the given collection type.
41 [140103206823680] INFO perfrun.launcher <> - plugin [] was disabled because it doesn't support the given collection type.
41 [140103206823680] INFO perfrun.launcher <> - plugin [] was disabled because it doesn't support the given collection type.
41 [140103206823680] INFO perfrun.launcher <> - plugin [] was disabled because it doesn't support the given collection type.
41 [140103206823680] INFO perfrun.launcher <> - plugin [] was disabled because it doesn't support the given collection type.
41 [140103206823680] INFO perfrun.launcher <> - plugin [] was disabled because it doesn't support the given collection type.
41 [140103206823680] INFO perfrun.launcher <> - plugin [] was disabled because it doesn't support the given collection type.
41 [140103354382272] INFO perfrun.launcher <> - Application exit code: 0
41 [140103354382272] INFO perfrun.launcher <> - Exit code: 0
