<?xml version="1.0" encoding="utf-8"?>
<log version="1.0" tool="runtool">

<msg id="1" tool="runtool">
  <type>log-start</type>
  <arg>2024/12/12 21:08:09</arg>
</msg>
<msg id="2" tool="runtool">
  <type>collector-starts</type>
</msg>
<msg id="3" tool="runtool">
  <type>marker-file</type>
  <arg>/home/chris/high-performance-clowns/hw1/advisor/OMP_ass/e000/mp000/mp000.advixe</arg>
</msg>
<msg id="4" tool="tc">
  <type>START</type>
  <severity>INFO</severity>
  <timestamp>Thu Dec 12 21:08:09 2024</timestamp>
</msg>
<msg id="5" tool="tc">
  <type>EXEC_OF_INTEREST</type>
  <arg>/home/chris/high-performance-clowns/hw1/release/omp_homework</arg>
  <arg>39006</arg>
  <severity>INFO</severity>
  <timestamp>Thu Dec 12 21:08:09 2024</timestamp>
</msg>
<msg id="6" tool="tc">
  <type>LOAD_MODULE</type>
  <arg>/home/chris/high-performance-clowns/hw1/release/omp_homework</arg>
  <arg>0x400000</arg>
  <arg>0x43618f</arg>
  <arg>1</arg>
  <severity>INFO</severity>
  <timestamp>Thu Dec 12 21:08:09 2024</timestamp>
</msg>
<msg id="7" tool="tc">
  <type>LOAD_MODULE</type>
  <arg>/lib64/ld-linux-x86-64.so.2</arg>
  <arg>0x7f39cd812000</arg>
  <arg>0x7f39cd84b2d7</arg>
  <arg>2</arg>
  <severity>INFO</severity>
  <timestamp>Thu Dec 12 21:08:09 2024</timestamp>
</msg>
<msg id="8" tool="tc">
  <type>LOAD_MODULE</type>
  <arg>[vdso]</arg>
  <arg>0x7fff7f061000</arg>
  <arg>0x7fff7f061ce4</arg>
  <arg>3</arg>
  <severity>INFO</severity>
  <timestamp>Thu Dec 12 21:08:09 2024</timestamp>
</msg>
<msg id="9" tool="tc">
  <type>LOAD_MODULE</type>
  <arg>/lib/x86_64-linux-gnu/libm.so.6</arg>
  <arg>0x7f39b843d000</arg>
  <arg>0x7f39b8525017</arg>
  <arg>4</arg>
  <severity>INFO</severity>
  <timestamp>Thu Dec 12 21:08:09 2024</timestamp>
</msg>
<msg id="10" tool="tc">
  <type>LOAD_MODULE</type>
  <arg>/opt/intel/oneapi/compiler/2025.0/lib/libiomp5.so</arg>
  <arg>0x7f39b7e00000</arg>
  <arg>0x7f39b81f7e6f</arg>
  <arg>5</arg>
  <severity>INFO</severity>
  <timestamp>Thu Dec 12 21:08:09 2024</timestamp>
</msg>
<msg id="11" tool="tc">
  <type>LOAD_MODULE</type>
  <arg>/lib/x86_64-linux-gnu/libc.so.6</arg>
  <arg>0x7f39b7bee000</arg>
  <arg>0x7f39b7dffd8f</arg>
  <arg>6</arg>
  <severity>INFO</severity>
  <timestamp>Thu Dec 12 21:08:10 2024</timestamp>
</msg>
<msg id="12" tool="tc">
  <type>LOAD_MODULE</type>
  <arg>/lib/x86_64-linux-gnu/librt.so.1</arg>
  <arg>0x7f39b825f000</arg>
  <arg>0x7f39b826300f</arg>
  <arg>7</arg>
  <severity>INFO</severity>
  <timestamp>Thu Dec 12 21:08:10 2024</timestamp>
</msg>
<msg id="13" tool="tc">
  <type>LOAD_MODULE</type>
  <arg>/lib/x86_64-linux-gnu/libdl.so.2</arg>
  <arg>0x7f39b825a000</arg>
  <arg>0x7f39b825e00f</arg>
  <arg>8</arg>
  <severity>INFO</severity>
  <timestamp>Thu Dec 12 21:08:10 2024</timestamp>
</msg>
<msg id="14" tool="tc">
  <type>LOAD_MODULE</type>
  <arg>/lib/x86_64-linux-gnu/libpthread.so.0</arg>
  <arg>0x7f39b8255000</arg>
  <arg>0x7f39b825900f</arg>
  <arg>9</arg>
  <severity>INFO</severity>
  <timestamp>Thu Dec 12 21:08:10 2024</timestamp>
</msg>
<msg id="15" tool="tc">
  <type>LOAD_MODULE</type>
  <arg>/opt/intel/oneapi/advisor/2025.0/lib64/runtime/libittnotify.so</arg>
  <arg>0x7f39b5800000</arg>
  <arg>0x7f39b5a1924f</arg>
  <arg>10</arg>
  <severity>INFO</severity>
  <timestamp>Thu Dec 12 21:08:10 2024</timestamp>
</msg>
<msg id="16" tool="tc">
  <type>LOAD_MODULE</type>
  <arg>/opt/intel/oneapi/advisor/2025.0/lib64/libpinjitprofiling.so</arg>
  <arg>0x7f39b53f6000</arg>
  <arg>0x7f39b53fa017</arg>
  <arg>11</arg>
  <severity>INFO</severity>
  <timestamp>Thu Dec 12 21:08:11 2024</timestamp>
</msg>
<msg id="17" tool="tc">
  <type>LOAD_MODULE</type>
  <arg>/lib/x86_64-linux-gnu/libstdc++.so.6</arg>
  <arg>0x7f39b508e000</arg>
  <arg>0x7f39b530b13f</arg>
  <arg>12</arg>
  <severity>INFO</severity>
  <timestamp>Thu Dec 12 21:08:11 2024</timestamp>
</msg>
<msg id="18" tool="tc">
  <type>LOAD_MODULE</type>
  <arg>/lib/x86_64-linux-gnu/libgcc_s.so.1</arg>
  <arg>0x7f39b4f73000</arg>
  <arg>0x7f39b4fa03a7</arg>
  <arg>13</arg>
  <severity>INFO</severity>
  <timestamp>Thu Dec 12 21:08:11 2024</timestamp>
</msg>
<msg id="19" tool="tc">
  <type>UNLOAD_MODULE</type>
  <arg>/home/chris/high-performance-clowns/hw1/release/omp_homework</arg>
  <arg>1</arg>
  <severity>INFO</severity>
  <timestamp>Thu Dec 12 21:08:15 2024</timestamp>
</msg>
<msg id="20" tool="tc">
  <type>UNLOAD_MODULE</type>
  <arg>/lib64/ld-linux-x86-64.so.2</arg>
  <arg>2</arg>
  <severity>INFO</severity>
  <timestamp>Thu Dec 12 21:08:15 2024</timestamp>
</msg>
<msg id="21" tool="tc">
  <type>UNLOAD_MODULE</type>
  <arg>[vdso]</arg>
  <arg>3</arg>
  <severity>INFO</severity>
  <timestamp>Thu Dec 12 21:08:15 2024</timestamp>
</msg>
<msg id="22" tool="tc">
  <type>UNLOAD_MODULE</type>
  <arg>/lib/x86_64-linux-gnu/libm.so.6</arg>
  <arg>4</arg>
  <severity>INFO</severity>
  <timestamp>Thu Dec 12 21:08:15 2024</timestamp>
</msg>
<msg id="23" tool="tc">
  <type>UNLOAD_MODULE</type>
  <arg>/opt/intel/oneapi/compiler/2025.0/lib/libiomp5.so</arg>
  <arg>5</arg>
  <severity>INFO</severity>
  <timestamp>Thu Dec 12 21:08:15 2024</timestamp>
</msg>
<msg id="24" tool="tc">
  <type>UNLOAD_MODULE</type>
  <arg>/lib/x86_64-linux-gnu/libc.so.6</arg>
  <arg>6</arg>
  <severity>INFO</severity>
  <timestamp>Thu Dec 12 21:08:15 2024</timestamp>
</msg>
<msg id="25" tool="tc">
  <type>UNLOAD_MODULE</type>
  <arg>/lib/x86_64-linux-gnu/librt.so.1</arg>
  <arg>7</arg>
  <severity>INFO</severity>
  <timestamp>Thu Dec 12 21:08:15 2024</timestamp>
</msg>
<msg id="26" tool="tc">
  <type>UNLOAD_MODULE</type>
  <arg>/lib/x86_64-linux-gnu/libdl.so.2</arg>
  <arg>8</arg>
  <severity>INFO</severity>
  <timestamp>Thu Dec 12 21:08:15 2024</timestamp>
</msg>
<msg id="27" tool="tc">
  <type>UNLOAD_MODULE</type>
  <arg>/lib/x86_64-linux-gnu/libpthread.so.0</arg>
  <arg>9</arg>
  <severity>INFO</severity>
  <timestamp>Thu Dec 12 21:08:15 2024</timestamp>
</msg>
<msg id="28" tool="tc">
  <type>UNLOAD_MODULE</type>
  <arg>/opt/intel/oneapi/advisor/2025.0/lib64/runtime/libittnotify.so</arg>
  <arg>10</arg>
  <severity>INFO</severity>
  <timestamp>Thu Dec 12 21:08:15 2024</timestamp>
</msg>
<msg id="29" tool="tc">
  <type>UNLOAD_MODULE</type>
  <arg>/opt/intel/oneapi/advisor/2025.0/lib64/libpinjitprofiling.so</arg>
  <arg>11</arg>
  <severity>INFO</severity>
  <timestamp>Thu Dec 12 21:08:15 2024</timestamp>
</msg>
<msg id="30" tool="tc">
  <type>UNLOAD_MODULE</type>
  <arg>/lib/x86_64-linux-gnu/libstdc++.so.6</arg>
  <arg>12</arg>
  <severity>INFO</severity>
  <timestamp>Thu Dec 12 21:08:15 2024</timestamp>
</msg>
<msg id="31" tool="tc">
  <type>UNLOAD_MODULE</type>
  <arg>/lib/x86_64-linux-gnu/libgcc_s.so.1</arg>
  <arg>13</arg>
  <severity>INFO</severity>
  <timestamp>Thu Dec 12 21:08:15 2024</timestamp>
</msg>
<msg id="32" tool="tc">
  <type>PROCESS_TERMINATE</type>
  <arg>/home/chris/high-performance-clowns/hw1/release/omp_homework</arg>
  <arg>39006</arg>
  <severity>INFO</severity>
  <timestamp>Thu Dec 12 21:08:15 2024</timestamp>
</msg>
<msg id="33" tool="tc">
  <type>NO_ANNOTATIONS</type>
  <severity>WARNING</severity>
  <timestamp>Thu Dec 12 21:08:15 2024</timestamp>
</msg>
<msg id="34" tool="tc">
  <type>ANALYSIS_COMPLETE</type>
  <severity>INFO</severity>
  <timestamp>Thu Dec 12 21:08:15 2024</timestamp>
</msg>
<msg id="35" tool="tc">
  <type>STOP</type>
  <severity>INFO</severity>
  <timestamp>Thu Dec 12 21:08:15 2024</timestamp>
</msg>
<msg id="36" tool="runtool">
  <type>app-exit-code</type>
  <arg>1</arg>
</msg>
<msg id="37" tool="runtool">
  <type>marker-file</type>
  <arg>/home/chris/high-performance-clowns/hw1/advisor/OMP_ass/e000/mp000/mp000.advixe</arg>
</msg>
<msg id="38" tool="runtool">
  <type>collector-done</type>
</msg>
<msg id="39" tool="runtool">
  <type>log-end</type>
  <arg>2024/12/12 21:08:19</arg>
</msg>

</log>

