<?xml version="1.0" encoding="utf-8" ?>
<!-- DO NOT EDIT THIS FILE -->

<log version='2.0' source='tcet'>
	<!-- Opened annotation file /opt/intel/oneapi/advisor/2025.0/lib64/../config/tc/map.ant -->
	<!-- Opened annotation file /opt/intel/oneapi/advisor/2025.0/lib64/../config/tc/allocators.ant -->
	<msg id='1' display='false' source='map'>
		<type>START</type>
		<severity>INFO</severity>
		<timestamp>Thu Dec 12 21:08:09 2024</timestamp>
	</msg>
	<!-- Successfully loaded CCRT 13.15.8 at address 0x7f39cc01f000 - 0x7f39cc028000 -->
	<!-- Successfully loaded the TC Analysis Core 8.23.1 at address 0x7f39ca44f000 - 0x7f39ca498000 -->
	<!-- Successfully loaded the TC Instrumentation Engine 8.23.1 at address 0x7f39cc029000 - 0x7f39cc21a000 -->
	<!-- Environment: INTEL_LIBITTNOTIFY32=/opt/intel/oneapi/advisor/2025.0/lib32/runtime/libittnotify.so -->
	<!-- Environment: INTEL_LIBITTNOTIFY64=/opt/intel/oneapi/advisor/2025.0/lib64/runtime/libittnotify.so -->
	<!-- Environment: INTEL_JIT_PROFILER32=/opt/intel/oneapi/advisor/2025.0/lib32/libpinjitprofiling.so -->
	<!-- Environment: INTEL_JIT_PROFILER64=/opt/intel/oneapi/advisor/2025.0/lib64/libpinjitprofiling.so -->
	<!-- This is the instance of interest -->
	<msg id='2' source='tcet'>
		<type>EXEC_OF_INTEREST</type>
		<severity>INFO</severity>
		<timestamp>Thu Dec 12 21:08:09 2024</timestamp>
		<arg name='process'>/home/chris/high-performance-clowns/hw1/release/omp_homework</arg>
		<arg name='pid'>39006</arg>
	</msg>
	<msg id='3' source='tcet'>
		<type>LOAD_MODULE</type>
		<severity>INFO</severity>
		<timestamp>Thu Dec 12 21:08:09 2024</timestamp>
		<arg name='module'>/home/chris/high-performance-clowns/hw1/release/omp_homework</arg>
		<arg name='basement'>0x400000</arg>
		<arg name='ceiling'>0x43618f</arg>
		<arg name='id'>1</arg>
	</msg>
	<msg id='4' source='tcet'>
		<type>LOAD_MODULE</type>
		<severity>INFO</severity>
		<timestamp>Thu Dec 12 21:08:09 2024</timestamp>
		<arg name='module'>/lib64/ld-linux-x86-64.so.2</arg>
		<arg name='basement'>0x7f39cd812000</arg>
		<arg name='ceiling'>0x7f39cd84b2d7</arg>
		<arg name='id'>2</arg>
	</msg>
	<msg id='5' source='tcet'>
		<type>LOAD_MODULE</type>
		<severity>INFO</severity>
		<timestamp>Thu Dec 12 21:08:09 2024</timestamp>
		<arg name='module'>[vdso]</arg>
		<arg name='basement'>0x7fff7f061000</arg>
		<arg name='ceiling'>0x7fff7f061ce4</arg>
		<arg name='id'>3</arg>
	</msg>
	<msg id='6' source='tcet'>
		<type>LOAD_MODULE</type>
		<severity>INFO</severity>
		<timestamp>Thu Dec 12 21:08:09 2024</timestamp>
		<arg name='module'>/lib/x86_64-linux-gnu/libm.so.6</arg>
		<arg name='basement'>0x7f39b843d000</arg>
		<arg name='ceiling'>0x7f39b8525017</arg>
		<arg name='id'>4</arg>
	</msg>
	<msg id='7' source='tcet'>
		<type>LOAD_MODULE</type>
		<severity>INFO</severity>
		<timestamp>Thu Dec 12 21:08:09 2024</timestamp>
		<arg name='module'>/opt/intel/oneapi/compiler/2025.0/lib/libiomp5.so</arg>
		<arg name='basement'>0x7f39b7e00000</arg>
		<arg name='ceiling'>0x7f39b81f7e6f</arg>
		<arg name='id'>5</arg>
	</msg>
	<msg id='8' source='tcet'>
		<type>LOAD_MODULE</type>
		<severity>INFO</severity>
		<timestamp>Thu Dec 12 21:08:10 2024</timestamp>
		<arg name='module'>/lib/x86_64-linux-gnu/libc.so.6</arg>
		<arg name='basement'>0x7f39b7bee000</arg>
		<arg name='ceiling'>0x7f39b7dffd8f</arg>
		<arg name='id'>6</arg>
	</msg>
	<msg id='9' source='tcet'>
		<type>LOAD_MODULE</type>
		<severity>INFO</severity>
		<timestamp>Thu Dec 12 21:08:10 2024</timestamp>
		<arg name='module'>/lib/x86_64-linux-gnu/librt.so.1</arg>
		<arg name='basement'>0x7f39b825f000</arg>
		<arg name='ceiling'>0x7f39b826300f</arg>
		<arg name='id'>7</arg>
	</msg>
	<msg id='10' source='tcet'>
		<type>LOAD_MODULE</type>
		<severity>INFO</severity>
		<timestamp>Thu Dec 12 21:08:10 2024</timestamp>
		<arg name='module'>/lib/x86_64-linux-gnu/libdl.so.2</arg>
		<arg name='basement'>0x7f39b825a000</arg>
		<arg name='ceiling'>0x7f39b825e00f</arg>
		<arg name='id'>8</arg>
	</msg>
	<msg id='11' source='tcet'>
		<type>LOAD_MODULE</type>
		<severity>INFO</severity>
		<timestamp>Thu Dec 12 21:08:10 2024</timestamp>
		<arg name='module'>/lib/x86_64-linux-gnu/libpthread.so.0</arg>
		<arg name='basement'>0x7f39b8255000</arg>
		<arg name='ceiling'>0x7f39b825900f</arg>
		<arg name='id'>9</arg>
	</msg>
	<msg id='12' source='tcet'>
		<type>LOAD_MODULE</type>
		<severity>INFO</severity>
		<timestamp>Thu Dec 12 21:08:10 2024</timestamp>
		<arg name='module'>/opt/intel/oneapi/advisor/2025.0/lib64/runtime/libittnotify.so</arg>
		<arg name='basement'>0x7f39b5800000</arg>
		<arg name='ceiling'>0x7f39b5a1924f</arg>
		<arg name='id'>10</arg>
	</msg>
	<msg id='13' source='tcet'>
		<type>LOAD_MODULE</type>
		<severity>INFO</severity>
		<timestamp>Thu Dec 12 21:08:11 2024</timestamp>
		<arg name='module'>/opt/intel/oneapi/advisor/2025.0/lib64/libpinjitprofiling.so</arg>
		<arg name='basement'>0x7f39b53f6000</arg>
		<arg name='ceiling'>0x7f39b53fa017</arg>
		<arg name='id'>11</arg>
	</msg>
	<msg id='14' source='tcet'>
		<type>LOAD_MODULE</type>
		<severity>INFO</severity>
		<timestamp>Thu Dec 12 21:08:11 2024</timestamp>
		<arg name='module'>/lib/x86_64-linux-gnu/libstdc++.so.6</arg>
		<arg name='basement'>0x7f39b508e000</arg>
		<arg name='ceiling'>0x7f39b530b13f</arg>
		<arg name='id'>12</arg>
	</msg>
	<msg id='15' source='tcet'>
		<type>LOAD_MODULE</type>
		<severity>INFO</severity>
		<timestamp>Thu Dec 12 21:08:11 2024</timestamp>
		<arg name='module'>/lib/x86_64-linux-gnu/libgcc_s.so.1</arg>
		<arg name='basement'>0x7f39b4f73000</arg>
		<arg name='ceiling'>0x7f39b4fa03a7</arg>
		<arg name='id'>13</arg>
	</msg>
	<msg id='16' source='tcet'>
		<type>UNLOAD_MODULE</type>
		<severity>INFO</severity>
		<timestamp>Thu Dec 12 21:08:15 2024</timestamp>
		<arg name='module'>/home/chris/high-performance-clowns/hw1/release/omp_homework</arg>
		<arg name='id'>1</arg>
	</msg>
	<msg id='17' source='tcet'>
		<type>UNLOAD_MODULE</type>
		<severity>INFO</severity>
		<timestamp>Thu Dec 12 21:08:15 2024</timestamp>
		<arg name='module'>/lib64/ld-linux-x86-64.so.2</arg>
		<arg name='id'>2</arg>
	</msg>
	<msg id='18' source='tcet'>
		<type>UNLOAD_MODULE</type>
		<severity>INFO</severity>
		<timestamp>Thu Dec 12 21:08:15 2024</timestamp>
		<arg name='module'>[vdso]</arg>
		<arg name='id'>3</arg>
	</msg>
	<msg id='19' source='tcet'>
		<type>UNLOAD_MODULE</type>
		<severity>INFO</severity>
		<timestamp>Thu Dec 12 21:08:15 2024</timestamp>
		<arg name='module'>/lib/x86_64-linux-gnu/libm.so.6</arg>
		<arg name='id'>4</arg>
	</msg>
	<msg id='20' source='tcet'>
		<type>UNLOAD_MODULE</type>
		<severity>INFO</severity>
		<timestamp>Thu Dec 12 21:08:15 2024</timestamp>
		<arg name='module'>/opt/intel/oneapi/compiler/2025.0/lib/libiomp5.so</arg>
		<arg name='id'>5</arg>
	</msg>
	<msg id='21' source='tcet'>
		<type>UNLOAD_MODULE</type>
		<severity>INFO</severity>
		<timestamp>Thu Dec 12 21:08:15 2024</timestamp>
		<arg name='module'>/lib/x86_64-linux-gnu/libc.so.6</arg>
		<arg name='id'>6</arg>
	</msg>
	<msg id='22' source='tcet'>
		<type>UNLOAD_MODULE</type>
		<severity>INFO</severity>
		<timestamp>Thu Dec 12 21:08:15 2024</timestamp>
		<arg name='module'>/lib/x86_64-linux-gnu/librt.so.1</arg>
		<arg name='id'>7</arg>
	</msg>
	<msg id='23' source='tcet'>
		<type>UNLOAD_MODULE</type>
		<severity>INFO</severity>
		<timestamp>Thu Dec 12 21:08:15 2024</timestamp>
		<arg name='module'>/lib/x86_64-linux-gnu/libdl.so.2</arg>
		<arg name='id'>8</arg>
	</msg>
	<msg id='24' source='tcet'>
		<type>UNLOAD_MODULE</type>
		<severity>INFO</severity>
		<timestamp>Thu Dec 12 21:08:15 2024</timestamp>
		<arg name='module'>/lib/x86_64-linux-gnu/libpthread.so.0</arg>
		<arg name='id'>9</arg>
	</msg>
	<msg id='25' source='tcet'>
		<type>UNLOAD_MODULE</type>
		<severity>INFO</severity>
		<timestamp>Thu Dec 12 21:08:15 2024</timestamp>
		<arg name='module'>/opt/intel/oneapi/advisor/2025.0/lib64/runtime/libittnotify.so</arg>
		<arg name='id'>10</arg>
	</msg>
	<msg id='26' source='tcet'>
		<type>UNLOAD_MODULE</type>
		<severity>INFO</severity>
		<timestamp>Thu Dec 12 21:08:15 2024</timestamp>
		<arg name='module'>/opt/intel/oneapi/advisor/2025.0/lib64/libpinjitprofiling.so</arg>
		<arg name='id'>11</arg>
	</msg>
	<msg id='27' source='tcet'>
		<type>UNLOAD_MODULE</type>
		<severity>INFO</severity>
		<timestamp>Thu Dec 12 21:08:15 2024</timestamp>
		<arg name='module'>/lib/x86_64-linux-gnu/libstdc++.so.6</arg>
		<arg name='id'>12</arg>
	</msg>
	<msg id='28' source='tcet'>
		<type>UNLOAD_MODULE</type>
		<severity>INFO</severity>
		<timestamp>Thu Dec 12 21:08:15 2024</timestamp>
		<arg name='module'>/lib/x86_64-linux-gnu/libgcc_s.so.1</arg>
		<arg name='id'>13</arg>
	</msg>
	<msg id='29' source='tcet'>
		<type>PROCESS_TERMINATE</type>
		<severity>INFO</severity>
		<timestamp>Thu Dec 12 21:08:15 2024</timestamp>
		<arg name='process'>/home/chris/high-performance-clowns/hw1/release/omp_homework</arg>
		<arg name='pid'>39006</arg>
	</msg>
	<msg id='30' source='map'>
		<type>NO_ANNOTATIONS</type>
		<severity>WARNING</severity>
		<timestamp>Thu Dec 12 21:08:15 2024</timestamp>
	</msg>
	<msg id='31' display='false' source='map'>
		<type>ANALYSIS_COMPLETE</type>
		<severity>INFO</severity>
		<timestamp>Thu Dec 12 21:08:15 2024</timestamp>
	</msg>
	<msg id='32' display='false' source='map'>
		<type>STOP</type>
		<severity>INFO</severity>
		<timestamp>Thu Dec 12 21:08:15 2024</timestamp>
	</msg>
</log>