2 [140689269065664] INFO perfrun.launcher <> - Launcher main begin
10 [140689269065664] INFO perfrun.launcher <> - MessageCatalogInit finished
10 [140689269065664] INFO perfrun.launcher <> - Launcher instance created
10 [140689269065664] INFO perfrun.launcher <> - argc = 7; cmdline = /opt/intel/oneapi/advisor/2025.0/bin64/advixe-runss --ui-output-format xml --ui-output-fd 108 --option-file /home/chris/high-performance-clowns/hw1/advisor/OMP_ass/e000/hs010/config/runss.options 
62 [140689269065664] INFO perfrun.launcher <> - create msngr2::ICliToolContext
63 [140689269065664] INFO perfrun.launcher <> - create file finder object
63 [140689269065664] INFO perfrun.launcher <> - create a result directory: pattern = /home/chris/high-performance-clowns/hw1/advisor/OMP_ass/e000/hs010 pid = 4294967295
66 [140689269065664] INFO perfrun.sdk <> - checked that the directory /home/chris/high-performance-clowns/hw1/advisor/OMP_ass/e000/hs010 is a local directory
66 [140689269065664] INFO perfrun.sdk <> - the directory /home/chris/high-performance-clowns/hw1/advisor/OMP_ass/e000/hs010 is a local directory with FS type ID 61267
67 [140689269065664] INFO perfrun.launcher <> - create data directory = /home/chris/high-performance-clowns/hw1/advisor/OMP_ass/e000/hs010/data.0
67 [140689269065664] INFO perfrun.launcher <> - Creating the master collection flag
73 [140689269065664] INFO perfrun.launcher <> - Done creating the master collection flag
74 [140689115440832] INFO perfrun.launcher <> - plugin [remoteplug] was disabled because it doesn't support the given collection type.
74 [140689115440832] INFO perfrun.sdk <> - Allocating TMU :/home/chris/high-performance-clowns/hw1/advisor/OMP_ass/e000/hs010/data.0/systemcollector-38622-chris4219.sc
77 [140689115440832] INFO perfrun.launcher <> - plugin [] was disabled because it doesn't support the given collection type.
77 [140689115440832] INFO perfrun.launcher <> - plugin [gpu] was disabled because it doesn't support the given collection type.
77 [140689115440832] INFO perfrun.launcher <> - plugin [] was disabled because it doesn't support the given collection type.
77 [140689115440832] INFO perfrun.launcher <> - plugin [] was disabled because it doesn't support the given collection type.
77 [140689115440832] INFO perfrun.launcher <> - plugin [] was disabled because it doesn't support the given collection type.
77 [140689115440832] INFO perfrun.mrte <> - system-wide mode is 0
77 [140689115440832] INFO perfrun.mrte <> - Getting  mrte profiling environment ...
85 [140689115440832] INFO perfrun.mrte <> - INTEL_MRTE_DATA_DIR=/home/chris/high-performance-clowns/hw1/advisor/OMP_ass/e000/hs010/data.0
85 [140689115440832] INFO perfrun.mrte <> - INTEL_MRTE_HOST_NAME=chris4219
85 [140689115440832] INFO perfrun.mrte <> - JAVA_TOOL_OPTIONS=-agentlib:advixe_samplingmrte_javaprof_1.0 -Dsun.boot.library.path=/opt/intel/oneapi/advisor/2025.0/lib32/runtime:/opt/intel/oneapi/advisor/2025.0/lib64/runtime
85 [140689115440832] INFO perfrun.mrte <> - LD_LIBRARY_PATH=/opt/intel/oneapi/advisor/2025.0/lib32/runtime:/opt/intel/oneapi/advisor/2025.0/lib64/runtime:/opt/intel/oneapi/tcm/1.2/lib:/opt/intel/oneapi/umf/0.9/lib:/opt/intel/oneapi/tbb/2022.0/env/../lib/intel64/gcc4.8:/opt/intel/oneapi/pti/0.10/lib:/opt/intel/oneapi/mpi/2021.14/opt/mpi/libfabric/lib:/opt/intel/oneapi/mpi/2021.14/lib:/opt/intel/oneapi/mkl/2025.0/lib:/opt/intel/oneapi/ippcp/2025.0/lib/:/opt/intel/oneapi/ipp/2022.0/lib:/opt/intel/oneapi/dnnl/2025.0/lib:/opt/intel/oneapi/debugger/2025.0/opt/debugger/lib:/opt/intel/oneapi/dal/2025.0/lib:/opt/intel/oneapi/compiler/2025.0/opt/compiler/lib:/opt/intel/oneapi/compiler/2025.0/lib:/opt/intel/oneapi/ccl/2021.14/lib/
85 [140689115440832] INFO perfrun.mrte <> - Data directory: /home/chris/high-performance-clowns/hw1/advisor/OMP_ass/e000/hs010/data.0
85 [140689115440832] INFO perfrun.mrte <> - Mrte plugin is initialized
85 [140689115440832] INFO perfrun.launcher <> - plugin [] was disabled because it doesn't support the given collection type.
85 [140689115440832] INFO perfrun.launcher <> - plugin [] was disabled because it doesn't support the given collection type.
85 [140689115440832] INFO perfrun.launcher <> - plugin [] was disabled because it doesn't support the given collection type.
85 [140689115440832] INFO perfrun.launcher <> - plugin [] was disabled because it doesn't support the given collection type.
85 [140689115440832] INFO perfrun.launcher <> - plugin [] was disabled because it doesn't support the given collection type.
85 [140689115440832] INFO perfrun.launcher <> - plugin [] was disabled because it doesn't support the given collection type.
85 [140689115440832] INFO perfrun.launcher <> - plugin [] was disabled because it doesn't support the given collection type.
85 [140689115440832] INFO perfrun.tpss <> - initialize tpss controller
86 [140689115440832] INFO perfrun.tpss <> - configure collection mode: value = cpu:stack
86 [140689115440832] INFO perfrun.tpss <> - default obj-size-min=1024
86 [140689115440832] INFO perfrun.tpss <> - default hash-table-size=0
86 [140689115440832] INFO perfrun.launcher <> - plugin [] was disabled because it doesn't support the given collection type.
86 [140689115440832] INFO perfrun.launcher <> - plugin [] was disabled because it doesn't support the given collection type.
86 [140689115440832] INFO perfrun.launcher <> - plugin [] was disabled because it doesn't support the given collection type.
86 [140689115440832] INFO perfrun.launcher <> - plugin [] was disabled because it doesn't support the given collection type.
86 [140689115440832] INFO perfrun.launcher <> - plugin [] was disabled because it doesn't support the given collection type.
86 [140689115440832] INFO perfrun.launcher <> - plugin [] was disabled because it doesn't support the given collection type.
86 [140689115440832] INFO perfrun.launcher <> - plugin [] was disabled because it doesn't support the given collection type.
86 [140689115440832] INFO perfrun.launcher <> - plugin [] was disabled because it doesn't support the given collection type.
86 [140689115440832] INFO perfrun.launcher <> - plugin [] was disabled because it doesn't support the given collection type.
86 [140689269065664] INFO perfrun.launcher <> - set environment variable: LD_LIBRARY_PATH = /opt/intel/oneapi/advisor/2025.0/lib32/runtime:/opt/intel/oneapi/advisor/2025.0/lib64/runtime:/opt/intel/oneapi/tcm/1.2/lib:/opt/intel/oneapi/umf/0.9/lib:/opt/intel/oneapi/tbb/2022.0/env/../lib/intel64/gcc4.8:/opt/intel/oneapi/pti/0.10/lib:/opt/intel/oneapi/mpi/2021.14/opt/mpi/libfabric/lib:/opt/intel/oneapi/mpi/2021.14/lib:/opt/intel/oneapi/mkl/2025.0/lib:/opt/intel/oneapi/ippcp/2025.0/lib/:/opt/intel/oneapi/ipp/2022.0/lib:/opt/intel/oneapi/dnnl/2025.0/lib:/opt/intel/oneapi/debugger/2025.0/opt/debugger/lib:/opt/intel/oneapi/dal/2025.0/lib:/opt/intel/oneapi/compiler/2025.0/opt/compiler/lib:/opt/intel/oneapi/compiler/2025.0/lib:/opt/intel/oneapi/ccl/2021.14/lib/
87 [140689269065664] INFO perfrun.launcher <> - set environment variable: INTEL_LIBITTNOTIFY32 = /opt/intel/oneapi/advisor/2025.0/lib32/runtime/libittnotify_collector.so
87 [140689269065664] INFO perfrun.launcher <> - set environment variable: INTEL_LIBITTNOTIFY64 = /opt/intel/oneapi/advisor/2025.0/lib64/runtime/libittnotify_collector.so
87 [140689269065664] INFO perfrun.launcher <> - set environment variable: INTEL_ITTNOTIFY_GROUPS = 
87 [140689269065664] INFO perfrun.launcher <> - set environment variable: INTEL_JIT_PROFILER32 = /opt/intel/oneapi/advisor/2025.0/lib32/runtime/libittnotify_collector.so
88 [140689269065664] INFO perfrun.launcher <> - set environment variable: INTEL_JIT_PROFILER64 = /opt/intel/oneapi/advisor/2025.0/lib64/runtime/libittnotify_collector.so
88 [140689269065664] INFO perfrun.launcher <> - set environment variable: CCL_ITT_LEVEL = 1
88 [140689269065664] INFO perfrun.launcher <> - set environment variable: ENABLE_JITPROFILING = 1
88 [140689269065664] INFO perfrun.launcher <> - set environment variable: CL_CONFIG_USE_VTUNE = True
88 [140689269065664] INFO perfrun.launcher <> - set environment variable: KMP_FORKJOIN_FRAMES = 0
88 [140689269065664] INFO perfrun.launcher <> - set environment variable: KMP_FORKJOIN_FRAMES_MODE = 0
89 [140689269065664] INFO perfrun.launcher <> - set environment variable: INTEL_MRTE_DATA_DIR = /home/chris/high-performance-clowns/hw1/advisor/OMP_ass/e000/hs010/data.0
89 [140689269065664] INFO perfrun.launcher <> - set environment variable: INTEL_MRTE_HOST_NAME = chris4219
89 [140689269065664] INFO perfrun.launcher <> - set environment variable: JAVA_TOOL_OPTIONS = -agentlib:advixe_samplingmrte_javaprof_1.0 -Dsun.boot.library.path=/opt/intel/oneapi/advisor/2025.0/lib32/runtime:/opt/intel/oneapi/advisor/2025.0/lib64/runtime
89 [140689269065664] INFO perfrun.launcher <> - set environment variable: LD_LIBRARY_PATH = /opt/intel/oneapi/advisor/2025.0/lib32/runtime:/opt/intel/oneapi/advisor/2025.0/lib64/runtime:/opt/intel/oneapi/tcm/1.2/lib:/opt/intel/oneapi/umf/0.9/lib:/opt/intel/oneapi/tbb/2022.0/env/../lib/intel64/gcc4.8:/opt/intel/oneapi/pti/0.10/lib:/opt/intel/oneapi/mpi/2021.14/opt/mpi/libfabric/lib:/opt/intel/oneapi/mpi/2021.14/lib:/opt/intel/oneapi/mkl/2025.0/lib:/opt/intel/oneapi/ippcp/2025.0/lib/:/opt/intel/oneapi/ipp/2022.0/lib:/opt/intel/oneapi/dnnl/2025.0/lib:/opt/intel/oneapi/debugger/2025.0/opt/debugger/lib:/opt/intel/oneapi/dal/2025.0/lib:/opt/intel/oneapi/compiler/2025.0/opt/compiler/lib:/opt/intel/oneapi/compiler/2025.0/lib:/opt/intel/oneapi/ccl/2021.14/lib/
89 [140689269065664] INFO perfrun.launcher <> - RpcServer: run RPC server to handle requests
91 [140689269065664] INFO perfrun.launcher <> - Launcher: command line to start before modification = /home/chris/high-performance-clowns/hw1/release/omp_homework
91 [140689269065664] INFO perfrun.launcher <> - Launcher: command line to start after modification = /opt/intel/oneapi/advisor/2025.0/bin64/pin -error_file /home/chris/high-performance-clowns/hw1/advisor/OMP_ass/e000/hs010/data.0/pinerr.tpsslog -detach_reattach -follow_execv -tool_load_option deepbind -t64 /opt/intel/oneapi/advisor/2025.0/lib64/libtpsstool.so -t /opt/intel/oneapi/advisor/2025.0/lib32/libtpsstool.so -server_name tpss_ipc.38622 -prd_dir /opt/intel/oneapi/advisor/2025.0 -- /home/chris/high-performance-clowns/hw1/release/omp_homework
91 [140689269065664] INFO perfrun.launcher <> - ProcessCreator object was created
92 [140689269065664] INFO perfrun.launcher <> - Launcher: the process was started in suspend mode
92 [140689115440832] WARN perfrun.system <> - Could not do anything with /sys/kernel/debug/kvm: boost::filesystem::status: Permission denied [system:13]: "/sys/kernel/debug/kvm", at file: vcs/perfrun1/plugins/system/src/trace_writer.cpp:787
92 [140689115440832] WARN perfrun.system <> - Folder "/var/run/libvirt/qemu/"doesn't exist, at file: vcs/perfrun1/plugins/system/src/trace_writer.cpp:800
93 [140689115440832] WARN perfrun.sdk <> - Failed to find xl binary on any of the system paths: /bin, /sbin, /usr/bin, /usr/sbin., at file: vcs/perfrun1/sdk/src/utils.cpp:205
98 [140689115440832] INFO perfrun.vdso <> - Helper runtool '/opt/intel/oneapi/advisor/2025.0/bin32/advixe-runss -dump-vdso -r /home/chris/high-performance-clowns/hw1/advisor/OMP_ass/e000/hs010 --tmp-dir /tmp/advixe-tmp-chris' returned 1
173 [140689115440832] INFO perfrun.vdso <> - Helper runtool '/opt/intel/oneapi/advisor/2025.0/bin64/advixe-runss -dump-vdso -r /home/chris/high-performance-clowns/hw1/advisor/OMP_ass/e000/hs010 --tmp-dir /tmp/advixe-tmp-chris' returned 0
173 [140689115440832] INFO perfrun.itt <> - start itt controller for pid #38634
173 [140689115440832] INFO perfrun.tpss <> - start tpss controller for pid #38634
224 [140689269065664] INFO perfrun.launcher <> - Launcher: all plugins were started
224 [140689269065664] INFO perfrun.launcher <> - DirectoryMonitor object was created
224 [140689269065664] INFO perfrun.launcher <> - DirectoryMonitor: a callback was added
224 [140689269065664] INFO perfrun.launcher <> - DirectoryMonitor was started with pingTime = 1000
224 [140689269065664] INFO perfrun.launcher <> - DeadlineTimer is going to be constructed
224 [140689269065664] INFO perfrun.launcher <> - DeadlineTimer: a callback was added
231 [140689269065664] INFO perfrun.launcher <> - Launcher: resume the profiled application and  wait its termination or stop command
1344 [140689269065664] INFO perfrun.launcher <> - Launcher: the profiled application was terminated  with exit code = 1
1345 [140689115440832] WARN perfrun.system <> - Only 2 usec accuracy achieved for reference point, at file: vcs/perfrun1/plugins/system/src/trace_writer.cpp:320
1351 [140689115440832] INFO perfrun.itt <> - detach itt controller
1351 [140689115440832] INFO perfrun.itt <> - detach itt controller done
1351 [140689115440832] INFO perfrun.tpss <> - stop tpss controller
1352 [140689115440832] INFO perfrun.sdk <> - De-allocating TMU: /home/chris/high-performance-clowns/hw1/advisor/OMP_ass/e000/hs010/data.0/systemcollector-38622-chris4219.sc
1352 [140689115440832] INFO perfrun.system <> - closed the system trace file: /home/chris/high-performance-clowns/hw1/advisor/OMP_ass/e000/hs010/data.0/systemcollector-38622-chris4219.sc
1352 [140689269065664] INFO perfrun.launcher <> - Launcher: all plugins were stopped.
1352 [140689269065664] INFO perfrun.launcher <> - DeadlineTimer is going to be destroyed
1352 [140689269065664] INFO perfrun.launcher <> - DeadlineTimer was destroyed
1352 [140689269065664] INFO perfrun.launcher <> - DirectoryMonitor object was destroyed
1353 [140689269065664] WARN perfrun.launcher <> - Stop command is ignored because it is received when collection is already stopped, at file: vcs/perfrun1/launcher/src/command_handler.cpp:226
1353 [140689269065664] INFO perfrun.launcher <> - Application exit code: 1
1353 [140689269065664] INFO perfrun.launcher <> - Exit code: 1
