1 [139808612026304] INFO perfrun.launcher <> - Launcher main begin
2 [139808612026304] INFO perfrun.launcher <> - MessageCatalogInit finished
2 [139808612026304] INFO perfrun.launcher <> - Launcher instance created
2 [139808612026304] INFO perfrun.launcher <> - argc = 6; cmdline = /opt/intel/oneapi/advisor/2025.0/bin64/advixe-runss -dump-vdso -r /home/chris/high-performance-clowns/hw1/advisor/OMP_ass/e000/hs010 --tmp-dir /tmp/advixe-tmp-chris 
46 [139808612026304] INFO perfrun.launcher <> - create msngr2::ICliToolContext
47 [139808612026304] INFO perfrun.launcher <> - create file finder object
48 [139808458401472] INFO perfrun.launcher <> - plugin [remoteplug] was disabled because it doesn't support the given collection type.
48 [139808458401472] INFO perfrun.launcher <> - plugin [system] was disabled because it doesn't support the given collection type.
48 [139808458401472] INFO perfrun.vdso <> - dumping [vdso] pseudomodule
50 [139808458401472] INFO perfrun.launcher <> - plugin [itt] was disabled because it doesn't support the given collection type.
50 [139808458401472] INFO perfrun.launcher <> - plugin [] was disabled because it doesn't support the given collection type.
50 [139808458401472] INFO perfrun.launcher <> - plugin [gpu] was disabled because it doesn't support the given collection type.
50 [139808458401472] INFO perfrun.launcher <> - plugin [] was disabled because it doesn't support the given collection type.
50 [139808458401472] INFO perfrun.launcher <> - plugin [] was disabled because it doesn't support the given collection type.
50 [139808458401472] INFO perfrun.launcher <> - plugin [] was disabled because it doesn't support the given collection type.
50 [139808458401472] INFO perfrun.launcher <> - plugin [mrte] was disabled because it doesn't support the given collection type.
50 [139808458401472] INFO perfrun.launcher <> - plugin [] was disabled because it doesn't support the given collection type.
50 [139808458401472] INFO perfrun.launcher <> - plugin [] was disabled because it doesn't support the given collection type.
50 [139808458401472] INFO perfrun.launcher <> - plugin [] was disabled because it doesn't support the given collection type.
50 [139808458401472] INFO perfrun.launcher <> - plugin [] was disabled because it doesn't support the given collection type.
50 [139808458401472] INFO perfrun.launcher <> - plugin [] was disabled because it doesn't support the given collection type.
50 [139808458401472] INFO perfrun.launcher <> - plugin [] was disabled because it doesn't support the given collection type.
50 [139808458401472] INFO perfrun.launcher <> - plugin [] was disabled because it doesn't support the given collection type.
50 [139808458401472] INFO perfrun.launcher <> - plugin [tpss] was disabled because it doesn't support the given collection type.
50 [139808458401472] INFO perfrun.launcher <> - plugin [] was disabled because it doesn't support the given collection type.
50 [139808458401472] INFO perfrun.launcher <> - plugin [] was disabled because it doesn't support the given collection type.
50 [139808458401472] INFO perfrun.launcher <> - plugin [] was disabled because it doesn't support the given collection type.
50 [139808458401472] INFO perfrun.launcher <> - plugin [] was disabled because it doesn't support the given collection type.
50 [139808458401472] INFO perfrun.launcher <> - plugin [] was disabled because it doesn't support the given collection type.
50 [139808458401472] INFO perfrun.launcher <> - plugin [] was disabled because it doesn't support the given collection type.
50 [139808458401472] INFO perfrun.launcher <> - plugin [] was disabled because it doesn't support the given collection type.
50 [139808458401472] INFO perfrun.launcher <> - plugin [] was disabled because it doesn't support the given collection type.
50 [139808458401472] INFO perfrun.launcher <> - plugin [] was disabled because it doesn't support the given collection type.
50 [139808612026304] INFO perfrun.launcher <> - Application exit code: 0
50 [139808612026304] INFO perfrun.launcher <> - Exit code: 0
