<?xml version="1.0" encoding="utf-8"?>
<log version="1.0" tool="runtool">

<msg id="1" tool="runtool">
  <type>log-start</type>
  <arg>2025/01/10 18:07:29</arg>
</msg>
<msg id="2" tool="runtool">
  <type>bandwidth-measurement-starts</type>
</msg>
<msg id="3" tool="runtool">
  <type>bandwidth-measurement-done</type>
</msg>
<msg id="4" tool="runtool">
  <type>collector-starts</type>
</msg>
<msg id="5" tool="runtool">
  <type>marker-file</type>
  <arg>/home/chris/high-performance-clowns/mandelbrot/advisor/mandelbrot/e000/trc000/trc000.advixe</arg>
</msg>
<msg id="6" tool="trc">
  <type>PROCESS_START</type>
  <arg>/home/chris/high-performance-clowns/mandelbrot/release/mandelbrot</arg>
  <arg>32295</arg>
  <severity>INFO</severity>
  <timestamp>Fri Jan 10 18:07:39 2025</timestamp>
</msg>
<msg id="7" tool="trc">
  <type>PROCESS_ANALYSIS_MODE</type>
  <arg>full</arg>
  <severity>INFO</severity>
  <timestamp>Fri Jan 10 18:07:39 2025</timestamp>
</msg>
<msg id="8" tool="trc">
  <type>LOAD_MODULE</type>
  <arg>/home/chris/high-performance-clowns/mandelbrot/release/mandelbrot</arg>
  <arg>0x400000</arg>
  <arg>0x40cfdf</arg>
  <arg>yes</arg>
  <severity>INFO</severity>
  <timestamp>Fri Jan 10 18:07:39 2025</timestamp>
</msg>
<msg id="9" tool="trc">
  <type>LOAD_MODULE</type>
  <arg>/lib64/ld-linux-x86-64.so.2</arg>
  <arg>0x7fe34ffb1000</arg>
  <arg>0x7fe34ffea2d7</arg>
  <arg>no</arg>
  <severity>INFO</severity>
  <timestamp>Fri Jan 10 18:07:39 2025</timestamp>
</msg>
<msg id="10" tool="trc">
  <type>LOAD_MODULE</type>
  <arg>[vdso]</arg>
  <arg>0x7ffdb11f1000</arg>
  <arg>0x7ffdb11f1ce4</arg>
  <arg>no</arg>
  <severity>INFO</severity>
  <timestamp>Fri Jan 10 18:07:39 2025</timestamp>
</msg>
<msg id="11" tool="trc">
  <type>LOAD_MODULE</type>
  <arg>/lib/x86_64-linux-gnu/libstdc++.so.6</arg>
  <arg>0x7fe33b085000</arg>
  <arg>0x7fe33b30213f</arg>
  <arg>no</arg>
  <severity>INFO</severity>
  <timestamp>Fri Jan 10 18:07:39 2025</timestamp>
</msg>
<msg id="12" tool="trc">
  <type>LOAD_MODULE</type>
  <arg>/lib/x86_64-linux-gnu/libm.so.6</arg>
  <arg>0x7fe33aef0000</arg>
  <arg>0x7fe33afd8017</arg>
  <arg>no</arg>
  <severity>INFO</severity>
  <timestamp>Fri Jan 10 18:07:39 2025</timestamp>
</msg>
<msg id="13" tool="trc">
  <type>LOAD_MODULE</type>
  <arg>/lib/x86_64-linux-gnu/libgcc_s.so.1</arg>
  <arg>0x7fe33aea1000</arg>
  <arg>0x7fe33aece3a7</arg>
  <arg>no</arg>
  <severity>INFO</severity>
  <timestamp>Fri Jan 10 18:07:39 2025</timestamp>
</msg>
<msg id="14" tool="trc">
  <type>LOAD_MODULE</type>
  <arg>/opt/intel/oneapi/compiler/2025.0/lib/libiomp5.so</arg>
  <arg>0x7fe33aa00000</arg>
  <arg>0x7fe33adf7e6f</arg>
  <arg>yes</arg>
  <severity>INFO</severity>
  <timestamp>Fri Jan 10 18:07:39 2025</timestamp>
</msg>
<msg id="15" tool="trc">
  <type>LOAD_MODULE</type>
  <arg>/lib/x86_64-linux-gnu/libc.so.6</arg>
  <arg>0x7fe33a7ee000</arg>
  <arg>0x7fe33a9ffd8f</arg>
  <arg>no</arg>
  <severity>INFO</severity>
  <timestamp>Fri Jan 10 18:07:39 2025</timestamp>
</msg>
<msg id="16" tool="trc">
  <type>LOAD_MODULE</type>
  <arg>/lib/x86_64-linux-gnu/librt.so.1</arg>
  <arg>0x7fe33ae08000</arg>
  <arg>0x7fe33ae0c00f</arg>
  <arg>no</arg>
  <severity>INFO</severity>
  <timestamp>Fri Jan 10 18:07:39 2025</timestamp>
</msg>
<msg id="17" tool="trc">
  <type>LOAD_MODULE</type>
  <arg>/lib/x86_64-linux-gnu/libdl.so.2</arg>
  <arg>0x7fe33ae01000</arg>
  <arg>0x7fe33ae0500f</arg>
  <arg>no</arg>
  <severity>INFO</severity>
  <timestamp>Fri Jan 10 18:07:39 2025</timestamp>
</msg>
<msg id="18" tool="trc">
  <type>LOAD_MODULE</type>
  <arg>/lib/x86_64-linux-gnu/libpthread.so.0</arg>
  <arg>0x7fe33adfb000</arg>
  <arg>0x7fe33adff00f</arg>
  <arg>no</arg>
  <severity>INFO</severity>
  <timestamp>Fri Jan 10 18:07:40 2025</timestamp>
</msg>
<msg id="19" tool="trc">
  <type>UNLOAD_MODULE</type>
  <arg>/home/chris/high-performance-clowns/mandelbrot/release/mandelbrot</arg>
  <severity>INFO</severity>
  <timestamp>Fri Jan 10 18:08:01 2025</timestamp>
</msg>
<msg id="20" tool="trc">
  <type>UNLOAD_MODULE</type>
  <arg>/lib64/ld-linux-x86-64.so.2</arg>
  <severity>INFO</severity>
  <timestamp>Fri Jan 10 18:08:01 2025</timestamp>
</msg>
<msg id="21" tool="trc">
  <type>UNLOAD_MODULE</type>
  <arg>[vdso]</arg>
  <severity>INFO</severity>
  <timestamp>Fri Jan 10 18:08:01 2025</timestamp>
</msg>
<msg id="22" tool="trc">
  <type>UNLOAD_MODULE</type>
  <arg>/lib/x86_64-linux-gnu/libstdc++.so.6</arg>
  <severity>INFO</severity>
  <timestamp>Fri Jan 10 18:08:01 2025</timestamp>
</msg>
<msg id="23" tool="trc">
  <type>UNLOAD_MODULE</type>
  <arg>/lib/x86_64-linux-gnu/libm.so.6</arg>
  <severity>INFO</severity>
  <timestamp>Fri Jan 10 18:08:01 2025</timestamp>
</msg>
<msg id="24" tool="trc">
  <type>UNLOAD_MODULE</type>
  <arg>/lib/x86_64-linux-gnu/libgcc_s.so.1</arg>
  <severity>INFO</severity>
  <timestamp>Fri Jan 10 18:08:01 2025</timestamp>
</msg>
<msg id="25" tool="trc">
  <type>UNLOAD_MODULE</type>
  <arg>/opt/intel/oneapi/compiler/2025.0/lib/libiomp5.so</arg>
  <severity>INFO</severity>
  <timestamp>Fri Jan 10 18:08:01 2025</timestamp>
</msg>
<msg id="26" tool="trc">
  <type>UNLOAD_MODULE</type>
  <arg>/lib/x86_64-linux-gnu/libc.so.6</arg>
  <severity>INFO</severity>
  <timestamp>Fri Jan 10 18:08:01 2025</timestamp>
</msg>
<msg id="27" tool="trc">
  <type>UNLOAD_MODULE</type>
  <arg>/lib/x86_64-linux-gnu/librt.so.1</arg>
  <severity>INFO</severity>
  <timestamp>Fri Jan 10 18:08:01 2025</timestamp>
</msg>
<msg id="28" tool="trc">
  <type>UNLOAD_MODULE</type>
  <arg>/lib/x86_64-linux-gnu/libdl.so.2</arg>
  <severity>INFO</severity>
  <timestamp>Fri Jan 10 18:08:01 2025</timestamp>
</msg>
<msg id="29" tool="trc">
  <type>UNLOAD_MODULE</type>
  <arg>/lib/x86_64-linux-gnu/libpthread.so.0</arg>
  <severity>INFO</severity>
  <timestamp>Fri Jan 10 18:08:01 2025</timestamp>
</msg>
<msg id="30" tool="trc">
  <type>PROCESS_FINISH</type>
  <arg>/home/chris/high-performance-clowns/mandelbrot/release/mandelbrot</arg>
  <arg>32295</arg>
  <arg>0xffffffff</arg>
  <severity>INFO</severity>
  <timestamp>Fri Jan 10 18:08:01 2025</timestamp>
</msg>
<msg id="31" tool="runtool">
  <type>app-exit-code</type>
  <arg>255</arg>
</msg>
<msg id="32" tool="runtool">
  <type>marker-file</type>
  <arg>/home/chris/high-performance-clowns/mandelbrot/advisor/mandelbrot/e000/trc000/trc000.advixe</arg>
</msg>
<msg id="33" tool="runtool">
  <type>collector-done</type>
</msg>
<msg id="34" tool="runtool">
  <type>log-end</type>
  <arg>2025/01/10 18:08:05</arg>
</msg>

</log>

