<?xml version="1.0" encoding="utf-8"?>
<log version="1.0" tool="runtool">

<msg id="1" tool="runtool">
  <type>log-start</type>
  <arg>2024/12/12 21:07:38</arg>
</msg>
<msg id="2" tool="runtool">
  <type>bandwidth-measurement-starts</type>
</msg>
<msg id="3" tool="runtool">
  <type>bandwidth-measurement-done</type>
</msg>
<msg id="4" tool="runtool">
  <type>collector-starts</type>
</msg>
<msg id="5" tool="runtool">
  <type>marker-file</type>
  <arg>/home/chris/high-performance-clowns/hw1/advisor/OMP_ass/e000/trc001/trc001.advixe</arg>
</msg>
<msg id="6" tool="trc">
  <type>PROCESS_START</type>
  <arg>/home/chris/high-performance-clowns/hw1/release/omp_homework</arg>
  <arg>38827</arg>
  <severity>INFO</severity>
  <timestamp>Thu Dec 12 21:07:48 2024</timestamp>
</msg>
<msg id="7" tool="trc">
  <type>PROCESS_ANALYSIS_MODE</type>
  <arg>full</arg>
  <severity>INFO</severity>
  <timestamp>Thu Dec 12 21:07:48 2024</timestamp>
</msg>
<msg id="8" tool="trc">
  <type>LOAD_MODULE</type>
  <arg>/home/chris/high-performance-clowns/hw1/release/omp_homework</arg>
  <arg>0x400000</arg>
  <arg>0x43618f</arg>
  <arg>yes</arg>
  <severity>INFO</severity>
  <timestamp>Thu Dec 12 21:07:48 2024</timestamp>
</msg>
<msg id="9" tool="trc">
  <type>LOAD_MODULE</type>
  <arg>/lib64/ld-linux-x86-64.so.2</arg>
  <arg>0x7ff794cc8000</arg>
  <arg>0x7ff794d012d7</arg>
  <arg>no</arg>
  <severity>INFO</severity>
  <timestamp>Thu Dec 12 21:07:48 2024</timestamp>
</msg>
<msg id="10" tool="trc">
  <type>LOAD_MODULE</type>
  <arg>[vdso]</arg>
  <arg>0x7fff67b46000</arg>
  <arg>0x7fff67b46ce4</arg>
  <arg>no</arg>
  <severity>INFO</severity>
  <timestamp>Thu Dec 12 21:07:48 2024</timestamp>
</msg>
<msg id="11" tool="trc">
  <type>LOAD_MODULE</type>
  <arg>/lib/x86_64-linux-gnu/libm.so.6</arg>
  <arg>0x7ff77fe8b000</arg>
  <arg>0x7ff77ff73017</arg>
  <arg>no</arg>
  <severity>INFO</severity>
  <timestamp>Thu Dec 12 21:07:49 2024</timestamp>
</msg>
<msg id="12" tool="trc">
  <type>LOAD_MODULE</type>
  <arg>/opt/intel/oneapi/compiler/2025.0/lib/libiomp5.so</arg>
  <arg>0x7ff77f800000</arg>
  <arg>0x7ff77fbf7e6f</arg>
  <arg>yes</arg>
  <severity>INFO</severity>
  <timestamp>Thu Dec 12 21:07:49 2024</timestamp>
</msg>
<msg id="13" tool="trc">
  <type>LOAD_MODULE</type>
  <arg>/lib/x86_64-linux-gnu/libc.so.6</arg>
  <arg>0x7ff77f5ee000</arg>
  <arg>0x7ff77f7ffd8f</arg>
  <arg>no</arg>
  <severity>INFO</severity>
  <timestamp>Thu Dec 12 21:07:49 2024</timestamp>
</msg>
<msg id="14" tool="trc">
  <type>LOAD_MODULE</type>
  <arg>/lib/x86_64-linux-gnu/librt.so.1</arg>
  <arg>0x7ff77fcf8000</arg>
  <arg>0x7ff77fcfc00f</arg>
  <arg>no</arg>
  <severity>INFO</severity>
  <timestamp>Thu Dec 12 21:07:49 2024</timestamp>
</msg>
<msg id="15" tool="trc">
  <type>LOAD_MODULE</type>
  <arg>/lib/x86_64-linux-gnu/libdl.so.2</arg>
  <arg>0x7ff77fcee000</arg>
  <arg>0x7ff77fcf200f</arg>
  <arg>no</arg>
  <severity>INFO</severity>
  <timestamp>Thu Dec 12 21:07:49 2024</timestamp>
</msg>
<msg id="16" tool="trc">
  <type>LOAD_MODULE</type>
  <arg>/lib/x86_64-linux-gnu/libpthread.so.0</arg>
  <arg>0x7ff77fce9000</arg>
  <arg>0x7ff77fced00f</arg>
  <arg>no</arg>
  <severity>INFO</severity>
  <timestamp>Thu Dec 12 21:07:49 2024</timestamp>
</msg>
<msg id="17" tool="trc">
  <type>LOAD_MODULE</type>
  <arg>/opt/intel/oneapi/advisor/2025.0/lib64/runtime/libittnotify.so</arg>
  <arg>0x7ff77d800000</arg>
  <arg>0x7ff77da1924f</arg>
  <arg>no</arg>
  <severity>INFO</severity>
  <timestamp>Thu Dec 12 21:07:49 2024</timestamp>
</msg>
<msg id="18" tool="trc">
  <type>LOAD_MODULE</type>
  <arg>/opt/intel/oneapi/advisor/2025.0/lib64/libpinjitprofiling.so</arg>
  <arg>0x7ff77d574000</arg>
  <arg>0x7ff77d578017</arg>
  <arg>yes</arg>
  <severity>INFO</severity>
  <timestamp>Thu Dec 12 21:07:49 2024</timestamp>
</msg>
<msg id="19" tool="trc">
  <type>LOAD_MODULE</type>
  <arg>/lib/x86_64-linux-gnu/libstdc++.so.6</arg>
  <arg>0x7ff77d279000</arg>
  <arg>0x7ff77d4f613f</arg>
  <arg>no</arg>
  <severity>INFO</severity>
  <timestamp>Thu Dec 12 21:07:49 2024</timestamp>
</msg>
<msg id="20" tool="trc">
  <type>LOAD_MODULE</type>
  <arg>/lib/x86_64-linux-gnu/libgcc_s.so.1</arg>
  <arg>0x7ff77d165000</arg>
  <arg>0x7ff77d1923a7</arg>
  <arg>no</arg>
  <severity>INFO</severity>
  <timestamp>Thu Dec 12 21:07:49 2024</timestamp>
</msg>
<msg id="21" tool="trc">
  <type>LOAD_MODULE</type>
  <arg>/opt/intel/oneapi/compiler/2025.0/lib/libarcher.so</arg>
  <arg>0x7ff77b722000</arg>
  <arg>0x7ff77b7ef12f</arg>
  <arg>yes</arg>
  <severity>INFO</severity>
  <timestamp>Thu Dec 12 21:07:49 2024</timestamp>
</msg>
<msg id="22" tool="trc">
  <type>LOAD_MODULE</type>
  <arg>/opt/intel/oneapi/compiler/2025.0/lib/libsvml.so</arg>
  <arg>0x7ff77a09f000</arg>
  <arg>0x7ff77b6df103</arg>
  <arg>yes</arg>
  <severity>INFO</severity>
  <timestamp>Thu Dec 12 21:07:50 2024</timestamp>
</msg>
<msg id="23" tool="trc">
  <type>LOAD_MODULE</type>
  <arg>/opt/intel/oneapi/compiler/2025.0/lib/libirng.so</arg>
  <arg>0x7ff779fa6000</arg>
  <arg>0x7ff77a09e85d</arg>
  <arg>yes</arg>
  <severity>INFO</severity>
  <timestamp>Thu Dec 12 21:07:50 2024</timestamp>
</msg>
<msg id="24" tool="trc">
  <type>LOAD_MODULE</type>
  <arg>/opt/intel/oneapi/compiler/2025.0/lib/libimf.so</arg>
  <arg>0x7ff779b9a000</arg>
  <arg>0x7ff779fa559f</arg>
  <arg>yes</arg>
  <severity>INFO</severity>
  <timestamp>Thu Dec 12 21:07:50 2024</timestamp>
</msg>
<msg id="25" tool="trc">
  <type>LOAD_MODULE</type>
  <arg>/opt/intel/oneapi/compiler/2025.0/lib/libintlc.so.5</arg>
  <arg>0x7ff779b38000</arg>
  <arg>0x7ff779b99237</arg>
  <arg>yes</arg>
  <severity>INFO</severity>
  <timestamp>Thu Dec 12 21:07:50 2024</timestamp>
</msg>
<msg id="26" tool="trc">
  <type>UNLOAD_MODULE</type>
  <arg>/home/chris/high-performance-clowns/hw1/release/omp_homework</arg>
  <severity>INFO</severity>
  <timestamp>Thu Dec 12 21:07:52 2024</timestamp>
</msg>
<msg id="27" tool="trc">
  <type>UNLOAD_MODULE</type>
  <arg>/lib64/ld-linux-x86-64.so.2</arg>
  <severity>INFO</severity>
  <timestamp>Thu Dec 12 21:07:52 2024</timestamp>
</msg>
<msg id="28" tool="trc">
  <type>UNLOAD_MODULE</type>
  <arg>[vdso]</arg>
  <severity>INFO</severity>
  <timestamp>Thu Dec 12 21:07:52 2024</timestamp>
</msg>
<msg id="29" tool="trc">
  <type>UNLOAD_MODULE</type>
  <arg>/lib/x86_64-linux-gnu/libm.so.6</arg>
  <severity>INFO</severity>
  <timestamp>Thu Dec 12 21:07:52 2024</timestamp>
</msg>
<msg id="30" tool="trc">
  <type>UNLOAD_MODULE</type>
  <arg>/opt/intel/oneapi/compiler/2025.0/lib/libiomp5.so</arg>
  <severity>INFO</severity>
  <timestamp>Thu Dec 12 21:07:52 2024</timestamp>
</msg>
<msg id="31" tool="trc">
  <type>UNLOAD_MODULE</type>
  <arg>/lib/x86_64-linux-gnu/libc.so.6</arg>
  <severity>INFO</severity>
  <timestamp>Thu Dec 12 21:07:52 2024</timestamp>
</msg>
<msg id="32" tool="trc">
  <type>UNLOAD_MODULE</type>
  <arg>/lib/x86_64-linux-gnu/librt.so.1</arg>
  <severity>INFO</severity>
  <timestamp>Thu Dec 12 21:07:52 2024</timestamp>
</msg>
<msg id="33" tool="trc">
  <type>UNLOAD_MODULE</type>
  <arg>/lib/x86_64-linux-gnu/libdl.so.2</arg>
  <severity>INFO</severity>
  <timestamp>Thu Dec 12 21:07:52 2024</timestamp>
</msg>
<msg id="34" tool="trc">
  <type>UNLOAD_MODULE</type>
  <arg>/lib/x86_64-linux-gnu/libpthread.so.0</arg>
  <severity>INFO</severity>
  <timestamp>Thu Dec 12 21:07:52 2024</timestamp>
</msg>
<msg id="35" tool="trc">
  <type>UNLOAD_MODULE</type>
  <arg>/opt/intel/oneapi/advisor/2025.0/lib64/runtime/libittnotify.so</arg>
  <severity>INFO</severity>
  <timestamp>Thu Dec 12 21:07:52 2024</timestamp>
</msg>
<msg id="36" tool="trc">
  <type>UNLOAD_MODULE</type>
  <arg>/opt/intel/oneapi/advisor/2025.0/lib64/libpinjitprofiling.so</arg>
  <severity>INFO</severity>
  <timestamp>Thu Dec 12 21:07:52 2024</timestamp>
</msg>
<msg id="37" tool="trc">
  <type>UNLOAD_MODULE</type>
  <arg>DynamicCodeBin</arg>
  <severity>INFO</severity>
  <timestamp>Thu Dec 12 21:07:52 2024</timestamp>
</msg>
<msg id="38" tool="trc">
  <type>UNLOAD_MODULE</type>
  <arg>/lib/x86_64-linux-gnu/libstdc++.so.6</arg>
  <severity>INFO</severity>
  <timestamp>Thu Dec 12 21:07:52 2024</timestamp>
</msg>
<msg id="39" tool="trc">
  <type>UNLOAD_MODULE</type>
  <arg>/lib/x86_64-linux-gnu/libgcc_s.so.1</arg>
  <severity>INFO</severity>
  <timestamp>Thu Dec 12 21:07:52 2024</timestamp>
</msg>
<msg id="40" tool="trc">
  <type>UNLOAD_MODULE</type>
  <arg>/opt/intel/oneapi/compiler/2025.0/lib/libarcher.so</arg>
  <severity>INFO</severity>
  <timestamp>Thu Dec 12 21:07:52 2024</timestamp>
</msg>
<msg id="41" tool="trc">
  <type>UNLOAD_MODULE</type>
  <arg>/opt/intel/oneapi/compiler/2025.0/lib/libsvml.so</arg>
  <severity>INFO</severity>
  <timestamp>Thu Dec 12 21:07:52 2024</timestamp>
</msg>
<msg id="42" tool="trc">
  <type>UNLOAD_MODULE</type>
  <arg>/opt/intel/oneapi/compiler/2025.0/lib/libirng.so</arg>
  <severity>INFO</severity>
  <timestamp>Thu Dec 12 21:07:52 2024</timestamp>
</msg>
<msg id="43" tool="trc">
  <type>UNLOAD_MODULE</type>
  <arg>/opt/intel/oneapi/compiler/2025.0/lib/libimf.so</arg>
  <severity>INFO</severity>
  <timestamp>Thu Dec 12 21:07:52 2024</timestamp>
</msg>
<msg id="44" tool="trc">
  <type>UNLOAD_MODULE</type>
  <arg>/opt/intel/oneapi/compiler/2025.0/lib/libintlc.so.5</arg>
  <severity>INFO</severity>
  <timestamp>Thu Dec 12 21:07:52 2024</timestamp>
</msg>
<msg id="45" tool="trc">
  <type>PROCESS_FINISH</type>
  <arg>/home/chris/high-performance-clowns/hw1/release/omp_homework</arg>
  <arg>38827</arg>
  <arg>0x1</arg>
  <severity>INFO</severity>
  <timestamp>Thu Dec 12 21:07:52 2024</timestamp>
</msg>
<msg id="46" tool="runtool">
  <type>app-exit-code</type>
  <arg>1</arg>
</msg>
<msg id="47" tool="runtool">
  <type>marker-file</type>
  <arg>/home/chris/high-performance-clowns/hw1/advisor/OMP_ass/e000/trc001/trc001.advixe</arg>
</msg>
<msg id="48" tool="runtool">
  <type>collector-done</type>
</msg>
<msg id="49" tool="runtool">
  <type>log-end</type>
  <arg>2024/12/12 21:07:56</arg>
</msg>

</log>

