<?xml version="1.0" encoding="utf-8" ?>
<!-- DO NOT EDIT THIS FILE -->

<log version='2.0' source='trc'>
	<msg id='1' display='false' source='trc'>
		<type>PROCESS_START</type>
		<severity>INFO</severity>
		<timestamp>Thu Dec 12 21:07:48 2024</timestamp>
		<arg name='process'>/home/chris/high-performance-clowns/hw1/release/omp_homework</arg>
		<arg name='pid'>38827</arg>
	</msg>
	<!-- Instrumentation filter's state:
    Patterns applicability:
        Generic loop pattern.....................: enabled
        Generic loop pattern (with dynamic jumps): enabled
        Known trip value loop pattern............: enabled
        Runtime final value loop pattern.........: enabled
        No initial IV loop pattern...............: enabled
        IV step only loop pattern................: enabled
        No entry loop pattern....................: enabled
    Clustered memory model (CMM) applicability:
        Generic loop pattern.....................: enabled
        Generic loop pattern (with dynamic jumps): enabled
        Known trip value loop pattern............: enabled
        Runtime final value loop pattern.........: enabled
        No initial IV loop pattern...............: enabled
        IV step only loop pattern................: enabled
        No entry loop pattern....................: disabled
 -->
	<!-- Callstack mode:
    filter modules.........: true
    filter routines........: true
    count loops............: false
    count flops............: false
    trace..................: false
    extended trace.........: false
    omp trace..............: false
    jit trace..............: false
    failures trace.........: false
    dump raw...............: false
    dump final.............: false
    dump all...............: false
    stack stitching........: true
    stl profiling..........: true
    aggressive frame switch: true
    unwind frame exit......: true
    analyze child loops....: true
 -->
	<!-- Managed application profiling: -->
	<!-- 	State...................: enabled -->
	<!-- Gpu Profiling: -->
	<!-- 	State    : disabled -->
	<!-- 	Filter   : * -->
	<!-- 	GPUs     : none -->
	<!-- 	Options  :  -->
	<!-- 	Instances:  -->
	<!-- 	Matching : strict -->
	<msg id='2' display='false' source='trc'>
		<type>PROCESS_ANALYSIS_MODE</type>
		<severity>INFO</severity>
		<timestamp>Thu Dec 12 21:07:48 2024</timestamp>
		<arg name='mode'>full</arg>
	</msg>
	<!-- Update image info for [1:0x400000:YN] /home/chris/high-performance-clowns/hw1/release/omp_homework -->
	<msg id='3' display='false' source='trc'>
		<type>LOAD_MODULE</type>
		<severity>INFO</severity>
		<timestamp>Thu Dec 12 21:07:48 2024</timestamp>
		<arg name='module'>/home/chris/high-performance-clowns/hw1/release/omp_homework</arg>
		<arg name='basement'>0x400000</arg>
		<arg name='ceiling'>0x43618f</arg>
		<arg name='symtab'>yes</arg>
	</msg>
	<!-- Instrumenting image: id = 1, name = /home/chris/high-performance-clowns/hw1/release/omp_homework -->
	<!-- Instrumenting loops in routine "main" -->
	<!-- Instrumenting loops in routine "DFT.extracted" -->
	<!-- Update image info for [2:0x7FF794CC8000:NN] /lib64/ld-linux-x86-64.so.2 -->
	<msg id='4' display='false' source='trc'>
		<type>LOAD_MODULE</type>
		<severity>INFO</severity>
		<timestamp>Thu Dec 12 21:07:48 2024</timestamp>
		<arg name='module'>/lib64/ld-linux-x86-64.so.2</arg>
		<arg name='basement'>0x7ff794cc8000</arg>
		<arg name='ceiling'>0x7ff794d012d7</arg>
		<arg name='symtab'>no</arg>
	</msg>
	<!-- Instrumentation of /lib64/ld-linux-x86-64.so.2 image skipped because of filter conditions. -->
	<!-- Update image info for [3:0x7FFF67B46000:NN] [vdso] -->
	<msg id='5' display='false' source='trc'>
		<type>LOAD_MODULE</type>
		<severity>INFO</severity>
		<timestamp>Thu Dec 12 21:07:48 2024</timestamp>
		<arg name='module'>[vdso]</arg>
		<arg name='basement'>0x7fff67b46000</arg>
		<arg name='ceiling'>0x7fff67b46ce4</arg>
		<arg name='symtab'>no</arg>
	</msg>
	<!-- Instrumentation of [vdso] image skipped because of filter conditions [cs-mode]. -->
	<!-- Update image info for [4:0x7FF77FE8B000:NN] /lib/x86_64-linux-gnu/libm.so.6 -->
	<msg id='6' display='false' source='trc'>
		<type>LOAD_MODULE</type>
		<severity>INFO</severity>
		<timestamp>Thu Dec 12 21:07:49 2024</timestamp>
		<arg name='module'>/lib/x86_64-linux-gnu/libm.so.6</arg>
		<arg name='basement'>0x7ff77fe8b000</arg>
		<arg name='ceiling'>0x7ff77ff73017</arg>
		<arg name='symtab'>no</arg>
	</msg>
	<!-- Instrumentation of /lib/x86_64-linux-gnu/libm.so.6 image skipped because of filter conditions [cs-mode]. -->
	<!-- Update image info for [5:0x7FF77F800000:YN] /opt/intel/oneapi/compiler/2025.0/lib/libiomp5.so -->
	<msg id='7' display='false' source='trc'>
		<type>LOAD_MODULE</type>
		<severity>INFO</severity>
		<timestamp>Thu Dec 12 21:07:49 2024</timestamp>
		<arg name='module'>/opt/intel/oneapi/compiler/2025.0/lib/libiomp5.so</arg>
		<arg name='basement'>0x7ff77f800000</arg>
		<arg name='ceiling'>0x7ff77fbf7e6f</arg>
		<arg name='symtab'>yes</arg>
	</msg>
	<!-- Instrumenting image: id = 5, name = /opt/intel/oneapi/compiler/2025.0/lib/libiomp5.so -->
	<!-- Instrumenting loops in routine "__kmp_itt_init_ittlib" -->
	<!-- Instrumenting loops in routine "__kmp_hyper_barrier_release" -->
	<!-- Instrumenting loops in routine "__kmp_join_barrier" with dynamic jumps -->
	<!-- Instrumenting loops in routine "__kmp_hyper_barrier_gather" -->
	<!-- Instrumenting loops in routine "__kmp_fork_barrier" with dynamic jumps -->
	<!-- Instrumenting loops in routine "kmp_flag_64<false, true>::wait" -->
	<!-- Instrumenting loops in routine "__kmp_allocate_team" -->
	<!-- Instrumenting loops in routine "__kmp_fork_call" with dynamic jumps -->
	<!-- Instrumenting loops in routine "__kmp_join_call" -->
	<!-- Instrumenting loops in routine "__kmp_allocate_thread" -->
	<!-- Instrumenting loops in routine "__kmp_launch_thread" -->
	<!-- Instrumenting loops in routine "ompt_pre_init" with dynamic jumps -->
	<!-- Instrumenting loops in routine "__kmp_invoke_microtask" -->
	<!-- Update image info for [6:0x7FF77F5EE000:NN] /lib/x86_64-linux-gnu/libc.so.6 -->
	<msg id='8' display='false' source='trc'>
		<type>LOAD_MODULE</type>
		<severity>INFO</severity>
		<timestamp>Thu Dec 12 21:07:49 2024</timestamp>
		<arg name='module'>/lib/x86_64-linux-gnu/libc.so.6</arg>
		<arg name='basement'>0x7ff77f5ee000</arg>
		<arg name='ceiling'>0x7ff77f7ffd8f</arg>
		<arg name='symtab'>no</arg>
	</msg>
	<!-- Instrumentation of /lib/x86_64-linux-gnu/libc.so.6 image skipped because of filter conditions. -->
	<!-- Update image info for [7:0x7FF77FCF8000:NN] /lib/x86_64-linux-gnu/librt.so.1 -->
	<msg id='9' display='false' source='trc'>
		<type>LOAD_MODULE</type>
		<severity>INFO</severity>
		<timestamp>Thu Dec 12 21:07:49 2024</timestamp>
		<arg name='module'>/lib/x86_64-linux-gnu/librt.so.1</arg>
		<arg name='basement'>0x7ff77fcf8000</arg>
		<arg name='ceiling'>0x7ff77fcfc00f</arg>
		<arg name='symtab'>no</arg>
	</msg>
	<!-- Instrumentation of /lib/x86_64-linux-gnu/librt.so.1 image skipped because of filter conditions [cs-mode]. -->
	<!-- Update image info for [8:0x7FF77FCEE000:NN] /lib/x86_64-linux-gnu/libdl.so.2 -->
	<msg id='10' display='false' source='trc'>
		<type>LOAD_MODULE</type>
		<severity>INFO</severity>
		<timestamp>Thu Dec 12 21:07:49 2024</timestamp>
		<arg name='module'>/lib/x86_64-linux-gnu/libdl.so.2</arg>
		<arg name='basement'>0x7ff77fcee000</arg>
		<arg name='ceiling'>0x7ff77fcf200f</arg>
		<arg name='symtab'>no</arg>
	</msg>
	<!-- Instrumentation of /lib/x86_64-linux-gnu/libdl.so.2 image skipped because of filter conditions [cs-mode]. -->
	<!-- Update image info for [9:0x7FF77FCE9000:NN] /lib/x86_64-linux-gnu/libpthread.so.0 -->
	<msg id='11' display='false' source='trc'>
		<type>LOAD_MODULE</type>
		<severity>INFO</severity>
		<timestamp>Thu Dec 12 21:07:49 2024</timestamp>
		<arg name='module'>/lib/x86_64-linux-gnu/libpthread.so.0</arg>
		<arg name='basement'>0x7ff77fce9000</arg>
		<arg name='ceiling'>0x7ff77fced00f</arg>
		<arg name='symtab'>no</arg>
	</msg>
	<!-- Instrumentation of /lib/x86_64-linux-gnu/libpthread.so.0 image skipped because of filter conditions [cs-mode]. -->
	<!-- Update image info for [10:0x7FF77D800000:NN] /opt/intel/oneapi/advisor/2025.0/lib64/runtime/libittnotify.so -->
	<msg id='12' display='false' source='trc'>
		<type>LOAD_MODULE</type>
		<severity>INFO</severity>
		<timestamp>Thu Dec 12 21:07:49 2024</timestamp>
		<arg name='module'>/opt/intel/oneapi/advisor/2025.0/lib64/runtime/libittnotify.so</arg>
		<arg name='basement'>0x7ff77d800000</arg>
		<arg name='ceiling'>0x7ff77da1924f</arg>
		<arg name='symtab'>no</arg>
	</msg>
	<!-- __itt_pause was instrumented -->
	<!-- __itt_resume was instrumented -->
	<!-- __itt_metadata_add was instrumented -->
	<!-- Instrumentation of /opt/intel/oneapi/advisor/2025.0/lib64/runtime/libittnotify.so image skipped because of filter conditions [cs-mode]. -->
	<!-- Update image info for [11:0x7FF77D574000:YN] /opt/intel/oneapi/advisor/2025.0/lib64/libpinjitprofiling.so -->
	<msg id='13' display='false' source='trc'>
		<type>LOAD_MODULE</type>
		<severity>INFO</severity>
		<timestamp>Thu Dec 12 21:07:49 2024</timestamp>
		<arg name='module'>/opt/intel/oneapi/advisor/2025.0/lib64/libpinjitprofiling.so</arg>
		<arg name='basement'>0x7ff77d574000</arg>
		<arg name='ceiling'>0x7ff77d578017</arg>
		<arg name='symtab'>yes</arg>
	</msg>
	<!-- Instrumentation of /opt/intel/oneapi/advisor/2025.0/lib64/libpinjitprofiling.so image skipped because of filter conditions [cs-mode]. -->
	<!-- Update image info for [13:0x7FF77D279000:NN] /lib/x86_64-linux-gnu/libstdc++.so.6 -->
	<msg id='14' display='false' source='trc'>
		<type>LOAD_MODULE</type>
		<severity>INFO</severity>
		<timestamp>Thu Dec 12 21:07:49 2024</timestamp>
		<arg name='module'>/lib/x86_64-linux-gnu/libstdc++.so.6</arg>
		<arg name='basement'>0x7ff77d279000</arg>
		<arg name='ceiling'>0x7ff77d4f613f</arg>
		<arg name='symtab'>no</arg>
	</msg>
	<!-- Instrumentation of /lib/x86_64-linux-gnu/libstdc++.so.6 image skipped because of filter conditions [cs-mode]. -->
	<!-- Update image info for [14:0x7FF77D165000:NN] /lib/x86_64-linux-gnu/libgcc_s.so.1 -->
	<msg id='15' display='false' source='trc'>
		<type>LOAD_MODULE</type>
		<severity>INFO</severity>
		<timestamp>Thu Dec 12 21:07:49 2024</timestamp>
		<arg name='module'>/lib/x86_64-linux-gnu/libgcc_s.so.1</arg>
		<arg name='basement'>0x7ff77d165000</arg>
		<arg name='ceiling'>0x7ff77d1923a7</arg>
		<arg name='symtab'>no</arg>
	</msg>
	<!-- Instrumentation of /lib/x86_64-linux-gnu/libgcc_s.so.1 image skipped because of filter conditions [cs-mode]. -->
	<!-- Update image info for [15:0x7FF77B722000:YN] /opt/intel/oneapi/compiler/2025.0/lib/libarcher.so -->
	<msg id='16' display='false' source='trc'>
		<type>LOAD_MODULE</type>
		<severity>INFO</severity>
		<timestamp>Thu Dec 12 21:07:49 2024</timestamp>
		<arg name='module'>/opt/intel/oneapi/compiler/2025.0/lib/libarcher.so</arg>
		<arg name='basement'>0x7ff77b722000</arg>
		<arg name='ceiling'>0x7ff77b7ef12f</arg>
		<arg name='symtab'>yes</arg>
	</msg>
	<!-- Instrumentation of /opt/intel/oneapi/compiler/2025.0/lib/libarcher.so image skipped because of filter conditions [cs-mode]. -->
	<!-- Update image info for [16:0x7FF77A09F000:YN] /opt/intel/oneapi/compiler/2025.0/lib/libsvml.so -->
	<msg id='17' display='false' source='trc'>
		<type>LOAD_MODULE</type>
		<severity>INFO</severity>
		<timestamp>Thu Dec 12 21:07:50 2024</timestamp>
		<arg name='module'>/opt/intel/oneapi/compiler/2025.0/lib/libsvml.so</arg>
		<arg name='basement'>0x7ff77a09f000</arg>
		<arg name='ceiling'>0x7ff77b6df103</arg>
		<arg name='symtab'>yes</arg>
	</msg>
	<!-- Instrumentation of /opt/intel/oneapi/compiler/2025.0/lib/libsvml.so image skipped because of filter conditions [cs-mode]. -->
	<!-- Update image info for [17:0x7FF779FA6000:YN] /opt/intel/oneapi/compiler/2025.0/lib/libirng.so -->
	<msg id='18' display='false' source='trc'>
		<type>LOAD_MODULE</type>
		<severity>INFO</severity>
		<timestamp>Thu Dec 12 21:07:50 2024</timestamp>
		<arg name='module'>/opt/intel/oneapi/compiler/2025.0/lib/libirng.so</arg>
		<arg name='basement'>0x7ff779fa6000</arg>
		<arg name='ceiling'>0x7ff77a09e85d</arg>
		<arg name='symtab'>yes</arg>
	</msg>
	<!-- Instrumentation of /opt/intel/oneapi/compiler/2025.0/lib/libirng.so image skipped because of filter conditions [cs-mode]. -->
	<!-- Update image info for [18:0x7FF779B9A000:YN] /opt/intel/oneapi/compiler/2025.0/lib/libimf.so -->
	<msg id='19' display='false' source='trc'>
		<type>LOAD_MODULE</type>
		<severity>INFO</severity>
		<timestamp>Thu Dec 12 21:07:50 2024</timestamp>
		<arg name='module'>/opt/intel/oneapi/compiler/2025.0/lib/libimf.so</arg>
		<arg name='basement'>0x7ff779b9a000</arg>
		<arg name='ceiling'>0x7ff779fa559f</arg>
		<arg name='symtab'>yes</arg>
	</msg>
	<!-- Instrumentation of /opt/intel/oneapi/compiler/2025.0/lib/libimf.so image skipped because of filter conditions [cs-mode]. -->
	<!-- Update image info for [19:0x7FF779B38000:YN] /opt/intel/oneapi/compiler/2025.0/lib/libintlc.so.5 -->
	<msg id='20' display='false' source='trc'>
		<type>LOAD_MODULE</type>
		<severity>INFO</severity>
		<timestamp>Thu Dec 12 21:07:50 2024</timestamp>
		<arg name='module'>/opt/intel/oneapi/compiler/2025.0/lib/libintlc.so.5</arg>
		<arg name='basement'>0x7ff779b38000</arg>
		<arg name='ceiling'>0x7ff779b99237</arg>
		<arg name='symtab'>yes</arg>
	</msg>
	<!-- Instrumentation of /opt/intel/oneapi/compiler/2025.0/lib/libintlc.so.5 image skipped because of filter conditions [cs-mode]. -->
	<msg id='21' display='false' source='trc'>
		<type>UNLOAD_MODULE</type>
		<severity>INFO</severity>
		<timestamp>Thu Dec 12 21:07:52 2024</timestamp>
		<arg name='module'>/home/chris/high-performance-clowns/hw1/release/omp_homework</arg>
	</msg>
	<msg id='22' display='false' source='trc'>
		<type>UNLOAD_MODULE</type>
		<severity>INFO</severity>
		<timestamp>Thu Dec 12 21:07:52 2024</timestamp>
		<arg name='module'>/lib64/ld-linux-x86-64.so.2</arg>
	</msg>
	<msg id='23' display='false' source='trc'>
		<type>UNLOAD_MODULE</type>
		<severity>INFO</severity>
		<timestamp>Thu Dec 12 21:07:52 2024</timestamp>
		<arg name='module'>[vdso]</arg>
	</msg>
	<msg id='24' display='false' source='trc'>
		<type>UNLOAD_MODULE</type>
		<severity>INFO</severity>
		<timestamp>Thu Dec 12 21:07:52 2024</timestamp>
		<arg name='module'>/lib/x86_64-linux-gnu/libm.so.6</arg>
	</msg>
	<msg id='25' display='false' source='trc'>
		<type>UNLOAD_MODULE</type>
		<severity>INFO</severity>
		<timestamp>Thu Dec 12 21:07:52 2024</timestamp>
		<arg name='module'>/opt/intel/oneapi/compiler/2025.0/lib/libiomp5.so</arg>
	</msg>
	<msg id='26' display='false' source='trc'>
		<type>UNLOAD_MODULE</type>
		<severity>INFO</severity>
		<timestamp>Thu Dec 12 21:07:52 2024</timestamp>
		<arg name='module'>/lib/x86_64-linux-gnu/libc.so.6</arg>
	</msg>
	<msg id='27' display='false' source='trc'>
		<type>UNLOAD_MODULE</type>
		<severity>INFO</severity>
		<timestamp>Thu Dec 12 21:07:52 2024</timestamp>
		<arg name='module'>/lib/x86_64-linux-gnu/librt.so.1</arg>
	</msg>
	<msg id='28' display='false' source='trc'>
		<type>UNLOAD_MODULE</type>
		<severity>INFO</severity>
		<timestamp>Thu Dec 12 21:07:52 2024</timestamp>
		<arg name='module'>/lib/x86_64-linux-gnu/libdl.so.2</arg>
	</msg>
	<msg id='29' display='false' source='trc'>
		<type>UNLOAD_MODULE</type>
		<severity>INFO</severity>
		<timestamp>Thu Dec 12 21:07:52 2024</timestamp>
		<arg name='module'>/lib/x86_64-linux-gnu/libpthread.so.0</arg>
	</msg>
	<msg id='30' display='false' source='trc'>
		<type>UNLOAD_MODULE</type>
		<severity>INFO</severity>
		<timestamp>Thu Dec 12 21:07:52 2024</timestamp>
		<arg name='module'>/opt/intel/oneapi/advisor/2025.0/lib64/runtime/libittnotify.so</arg>
	</msg>
	<msg id='31' display='false' source='trc'>
		<type>UNLOAD_MODULE</type>
		<severity>INFO</severity>
		<timestamp>Thu Dec 12 21:07:52 2024</timestamp>
		<arg name='module'>/opt/intel/oneapi/advisor/2025.0/lib64/libpinjitprofiling.so</arg>
	</msg>
	<msg id='32' display='false' source='trc'>
		<type>UNLOAD_MODULE</type>
		<severity>INFO</severity>
		<timestamp>Thu Dec 12 21:07:52 2024</timestamp>
		<arg name='module'>DynamicCodeBin</arg>
	</msg>
	<msg id='33' display='false' source='trc'>
		<type>UNLOAD_MODULE</type>
		<severity>INFO</severity>
		<timestamp>Thu Dec 12 21:07:52 2024</timestamp>
		<arg name='module'>/lib/x86_64-linux-gnu/libstdc++.so.6</arg>
	</msg>
	<msg id='34' display='false' source='trc'>
		<type>UNLOAD_MODULE</type>
		<severity>INFO</severity>
		<timestamp>Thu Dec 12 21:07:52 2024</timestamp>
		<arg name='module'>/lib/x86_64-linux-gnu/libgcc_s.so.1</arg>
	</msg>
	<msg id='35' display='false' source='trc'>
		<type>UNLOAD_MODULE</type>
		<severity>INFO</severity>
		<timestamp>Thu Dec 12 21:07:52 2024</timestamp>
		<arg name='module'>/opt/intel/oneapi/compiler/2025.0/lib/libarcher.so</arg>
	</msg>
	<msg id='36' display='false' source='trc'>
		<type>UNLOAD_MODULE</type>
		<severity>INFO</severity>
		<timestamp>Thu Dec 12 21:07:52 2024</timestamp>
		<arg name='module'>/opt/intel/oneapi/compiler/2025.0/lib/libsvml.so</arg>
	</msg>
	<msg id='37' display='false' source='trc'>
		<type>UNLOAD_MODULE</type>
		<severity>INFO</severity>
		<timestamp>Thu Dec 12 21:07:52 2024</timestamp>
		<arg name='module'>/opt/intel/oneapi/compiler/2025.0/lib/libirng.so</arg>
	</msg>
	<msg id='38' display='false' source='trc'>
		<type>UNLOAD_MODULE</type>
		<severity>INFO</severity>
		<timestamp>Thu Dec 12 21:07:52 2024</timestamp>
		<arg name='module'>/opt/intel/oneapi/compiler/2025.0/lib/libimf.so</arg>
	</msg>
	<msg id='39' display='false' source='trc'>
		<type>UNLOAD_MODULE</type>
		<severity>INFO</severity>
		<timestamp>Thu Dec 12 21:07:52 2024</timestamp>
		<arg name='module'>/opt/intel/oneapi/compiler/2025.0/lib/libintlc.so.5</arg>
	</msg>
	<msg id='40' display='false' source='trc'>
		<type>PROCESS_FINISH</type>
		<severity>INFO</severity>
		<timestamp>Thu Dec 12 21:07:52 2024</timestamp>
		<arg name='process'>/home/chris/high-performance-clowns/hw1/release/omp_homework</arg>
		<arg name='pid'>38827</arg>
		<arg name='exitcode'>0x1</arg>
	</msg>
	<!-- Application exited with code 1 -->
</log>