<?xml version="1.0" encoding="utf-8" ?>
<!-- DO NOT EDIT THIS FILE -->

<log version='2.0' source='tcet'>
	<!-- Opened annotation file /opt/intel/oneapi/advisor/2023.2.0/lib64/../config/tc/map.ant -->
	<!-- Opened annotation file /opt/intel/oneapi/advisor/2023.2.0/lib64/../config/tc/allocators.ant -->
	<msg id='1' display='false' source='map'>
		<type>START</type>
		<severity>INFO</severity>
		<timestamp>Mon Dec 16 15:52:46 2024</timestamp>
	</msg>
	<!-- Successfully loaded CCRT 13.15.2 at address 0x7f42e86d0000 - 0x7f42e86d3000 -->
	<!-- Successfully loaded the TC Analysis Core 8.22.3 at address 0x7f42e6456000 - 0x7f42e64b4000 -->
	<!-- Successfully loaded the TC Instrumentation Engine 8.22.3 at address 0x7f42e86dd000 - 0x7f42e88ca000 -->
	<!-- Environment: INTEL_LIBITTNOTIFY32=/opt/intel/oneapi/advisor/2023.2.0/lib32/runtime/libittnotify.so -->
	<!-- Environment: INTEL_LIBITTNOTIFY64=/opt/intel/oneapi/advisor/2023.2.0/lib64/runtime/libittnotify.so -->
	<!-- Environment: INTEL_JIT_PROFILER32=/opt/intel/oneapi/advisor/2023.2.0/lib32/libpinjitprofiling.so -->
	<!-- Environment: INTEL_JIT_PROFILER64=/opt/intel/oneapi/advisor/2023.2.0/lib64/libpinjitprofiling.so -->
	<!-- This is the instance of interest -->
	<msg id='2' source='tcet'>
		<type>EXEC_OF_INTEREST</type>
		<severity>INFO</severity>
		<timestamp>Mon Dec 16 15:52:46 2024</timestamp>
		<arg name='process'>/VM/stud/esame/Desktop/OMP_ass/release/omp_homework</arg>
		<arg name='pid'>50819</arg>
	</msg>
	<msg id='3' source='tcet'>
		<type>LOAD_MODULE</type>
		<severity>INFO</severity>
		<timestamp>Mon Dec 16 15:52:46 2024</timestamp>
		<arg name='module'>/VM/stud/esame/Desktop/OMP_ass/release/omp_homework</arg>
		<arg name='basement'>0x400000</arg>
		<arg name='ceiling'>0x40e8a7</arg>
		<arg name='id'>1</arg>
	</msg>
	<msg id='4' source='tcet'>
		<type>LOAD_MODULE</type>
		<severity>INFO</severity>
		<timestamp>Mon Dec 16 15:52:46 2024</timestamp>
		<arg name='module'>/lib64/ld-linux-x86-64.so.2</arg>
		<arg name='basement'>0x7f42e9dfa000</arg>
		<arg name='ceiling'>0x7f42e9e26177</arg>
		<arg name='id'>2</arg>
	</msg>
	<msg id='5' source='tcet'>
		<type>LOAD_MODULE</type>
		<severity>INFO</severity>
		<timestamp>Mon Dec 16 15:52:46 2024</timestamp>
		<arg name='module'>[vdso]</arg>
		<arg name='basement'>0x7ffd462d1000</arg>
		<arg name='ceiling'>0x7ffd462d1d7b</arg>
		<arg name='id'>3</arg>
	</msg>
	<msg id='6' source='tcet'>
		<type>LOAD_MODULE</type>
		<severity>INFO</severity>
		<timestamp>Mon Dec 16 15:52:46 2024</timestamp>
		<arg name='module'>/lib/x86_64-linux-gnu/libm.so.6</arg>
		<arg name='basement'>0x7f42d4543000</arg>
		<arg name='ceiling'>0x7f42d468610f</arg>
		<arg name='id'>4</arg>
	</msg>
	<msg id='7' source='tcet'>
		<type>LOAD_MODULE</type>
		<severity>INFO</severity>
		<timestamp>Mon Dec 16 15:52:46 2024</timestamp>
		<arg name='module'>/lib/x86_64-linux-gnu/libdl.so.2</arg>
		<arg name='basement'>0x7f42d44d3000</arg>
		<arg name='ceiling'>0x7f42d44d810f</arg>
		<arg name='id'>5</arg>
	</msg>
	<msg id='8' source='tcet'>
		<type>LOAD_MODULE</type>
		<severity>INFO</severity>
		<timestamp>Mon Dec 16 15:52:46 2024</timestamp>
		<arg name='module'>/opt/intel/oneapi/compiler/2023.2.1/linux/compiler/lib/intel64_lin/libiomp5.so</arg>
		<arg name='basement'>0x7f42d3e00000</arg>
		<arg name='ceiling'>0x7f42d424114f</arg>
		<arg name='id'>6</arg>
	</msg>
	<msg id='9' source='tcet'>
		<type>LOAD_MODULE</type>
		<severity>INFO</severity>
		<timestamp>Mon Dec 16 15:52:46 2024</timestamp>
		<arg name='module'>/lib/x86_64-linux-gnu/libpthread.so.0</arg>
		<arg name='basement'>0x7f42d43ac000</arg>
		<arg name='ceiling'>0x7f42d43cd46f</arg>
		<arg name='id'>7</arg>
	</msg>
	<msg id='10' source='tcet'>
		<type>LOAD_MODULE</type>
		<severity>INFO</severity>
		<timestamp>Mon Dec 16 15:52:46 2024</timestamp>
		<arg name='module'>/lib/x86_64-linux-gnu/libc.so.6</arg>
		<arg name='basement'>0x7f42d3c2c000</arg>
		<arg name='ceiling'>0x7f42d3dff67f</arg>
		<arg name='id'>8</arg>
	</msg>
	<msg id='11' source='tcet'>
		<type>LOAD_MODULE</type>
		<severity>INFO</severity>
		<timestamp>Mon Dec 16 15:52:46 2024</timestamp>
		<arg name='module'>/lib/x86_64-linux-gnu/librt.so.1</arg>
		<arg name='basement'>0x7f42d437a000</arg>
		<arg name='ceiling'>0x7f42d4383bdf</arg>
		<arg name='id'>9</arg>
	</msg>
	<msg id='12' source='tcet'>
		<type>LOAD_MODULE</type>
		<severity>INFO</severity>
		<timestamp>Mon Dec 16 15:52:46 2024</timestamp>
		<arg name='module'>/lib/x86_64-linux-gnu/libgcc_s.so.1</arg>
		<arg name='basement'>0x7f42d4360000</arg>
		<arg name='ceiling'>0x7f42d4379447</arg>
		<arg name='id'>10</arg>
	</msg>
	<msg id='13' display='false' source='tcet'>
		<type>STOP_PROCESSED</type>
		<severity>INFO</severity>
		<timestamp>Mon Dec 16 15:52:55 2024</timestamp>
	</msg>
	<msg id='14' source='tcet'>
		<type>UNLOAD_MODULE</type>
		<severity>INFO</severity>
		<timestamp>Mon Dec 16 15:52:55 2024</timestamp>
		<arg name='module'>/VM/stud/esame/Desktop/OMP_ass/release/omp_homework</arg>
		<arg name='id'>1</arg>
	</msg>
	<msg id='15' source='tcet'>
		<type>UNLOAD_MODULE</type>
		<severity>INFO</severity>
		<timestamp>Mon Dec 16 15:52:55 2024</timestamp>
		<arg name='module'>/lib64/ld-linux-x86-64.so.2</arg>
		<arg name='id'>2</arg>
	</msg>
	<msg id='16' source='tcet'>
		<type>UNLOAD_MODULE</type>
		<severity>INFO</severity>
		<timestamp>Mon Dec 16 15:52:55 2024</timestamp>
		<arg name='module'>[vdso]</arg>
		<arg name='id'>3</arg>
	</msg>
	<msg id='17' source='tcet'>
		<type>UNLOAD_MODULE</type>
		<severity>INFO</severity>
		<timestamp>Mon Dec 16 15:52:55 2024</timestamp>
		<arg name='module'>/lib/x86_64-linux-gnu/libm.so.6</arg>
		<arg name='id'>4</arg>
	</msg>
	<msg id='18' source='tcet'>
		<type>UNLOAD_MODULE</type>
		<severity>INFO</severity>
		<timestamp>Mon Dec 16 15:52:55 2024</timestamp>
		<arg name='module'>/lib/x86_64-linux-gnu/libdl.so.2</arg>
		<arg name='id'>5</arg>
	</msg>
	<msg id='19' source='tcet'>
		<type>UNLOAD_MODULE</type>
		<severity>INFO</severity>
		<timestamp>Mon Dec 16 15:52:55 2024</timestamp>
		<arg name='module'>/opt/intel/oneapi/compiler/2023.2.1/linux/compiler/lib/intel64_lin/libiomp5.so</arg>
		<arg name='id'>6</arg>
	</msg>
	<msg id='20' source='tcet'>
		<type>UNLOAD_MODULE</type>
		<severity>INFO</severity>
		<timestamp>Mon Dec 16 15:52:55 2024</timestamp>
		<arg name='module'>/lib/x86_64-linux-gnu/libpthread.so.0</arg>
		<arg name='id'>7</arg>
	</msg>
	<msg id='21' source='tcet'>
		<type>UNLOAD_MODULE</type>
		<severity>INFO</severity>
		<timestamp>Mon Dec 16 15:52:55 2024</timestamp>
		<arg name='module'>/lib/x86_64-linux-gnu/libc.so.6</arg>
		<arg name='id'>8</arg>
	</msg>
	<msg id='22' source='tcet'>
		<type>UNLOAD_MODULE</type>
		<severity>INFO</severity>
		<timestamp>Mon Dec 16 15:52:55 2024</timestamp>
		<arg name='module'>/lib/x86_64-linux-gnu/librt.so.1</arg>
		<arg name='id'>9</arg>
	</msg>
	<msg id='23' source='tcet'>
		<type>UNLOAD_MODULE</type>
		<severity>INFO</severity>
		<timestamp>Mon Dec 16 15:52:55 2024</timestamp>
		<arg name='module'>/lib/x86_64-linux-gnu/libgcc_s.so.1</arg>
		<arg name='id'>10</arg>
	</msg>
	<msg id='24' source='tcet'>
		<type>PROCESS_TERMINATE</type>
		<severity>INFO</severity>
		<timestamp>Mon Dec 16 15:52:55 2024</timestamp>
		<arg name='process'>/VM/stud/esame/Desktop/OMP_ass/release/omp_homework</arg>
		<arg name='pid'>50819</arg>
	</msg>
	<msg id='25' source='map'>
		<type>NO_ANNOTATIONS</type>
		<severity>WARNING</severity>
		<timestamp>Mon Dec 16 15:52:55 2024</timestamp>
	</msg>
	<msg id='26' display='false' source='map'>
		<type>ANALYSIS_COMPLETE</type>
		<severity>INFO</severity>
		<timestamp>Mon Dec 16 15:52:55 2024</timestamp>
	</msg>
	<msg id='27' display='false' source='map'>
		<type>STOP</type>
		<severity>INFO</severity>
		<timestamp>Mon Dec 16 15:52:55 2024</timestamp>
	</msg>
</log>