8 [140717202577344] INFO perfrun.launcher <> - Launcher main begin
9 [140717202577344] INFO perfrun.launcher <> - MessageCatalogInit finished
9 [140717202577344] INFO perfrun.launcher <> - Launcher instance created
9 [140717202577344] INFO perfrun.launcher <> - argc = 7; cmdline = /opt/intel/oneapi/advisor/2023.2.0/bin64/advixe-runss --ui-output-format xml --ui-output-fd 110 --option-file /home/stud/esame/Desktop/MPI_ass/advisor/mpi_ass/e000/hs036/config/runss.options 
54 [140717202577344] INFO perfrun.launcher <> - create msngr2::ICliToolContext
55 [140717202577344] INFO perfrun.launcher <> - create file finder object
55 [140717202577344] INFO perfrun.launcher <> - create a result directory: pattern = /home/stud/esame/Desktop/MPI_ass/advisor/mpi_ass/e000/hs036 pid = 4294967295
57 [140717202577344] INFO perfrun.sdk <> - checked that the directory /home/stud/esame/Desktop/MPI_ass/advisor/mpi_ass/e000/hs036 is a local directory
57 [140717202577344] INFO perfrun.sdk <> - the directory /home/stud/esame/Desktop/MPI_ass/advisor/mpi_ass/e000/hs036 is a local directory with FS type ID 61267
57 [140717202577344] INFO perfrun.launcher <> - create data directory = /home/stud/esame/Desktop/MPI_ass/advisor/mpi_ass/e000/hs036/data.0
57 [140717202577344] INFO perfrun.launcher <> - Creating the master collection flag
60 [140717202577344] INFO perfrun.launcher <> - Done creating the master collection flag
80 [140717057894144] INFO perfrun.launcher <> - plugin [remoteplug] was disabled because it doesn't support the given collection type.
80 [140717057894144] INFO perfrun.sdk <> - Allocating TMU :/home/stud/esame/Desktop/MPI_ass/advisor/mpi_ass/e000/hs036/data.0/systemcollector-98678-sw208.sc
80 [140717057894144] INFO perfrun.launcher <> - plugin [] was disabled because it doesn't support the given collection type.
80 [140717057894144] INFO perfrun.launcher <> - plugin [gpu] was disabled because it doesn't support the given collection type.
80 [140717057894144] INFO perfrun.launcher <> - plugin [] was disabled because it doesn't support the given collection type.
80 [140717057894144] INFO perfrun.launcher <> - plugin [] was disabled because it doesn't support the given collection type.
80 [140717057894144] INFO perfrun.launcher <> - plugin [] was disabled because it doesn't support the given collection type.
80 [140717057894144] INFO perfrun.mrte <> - system-wide mode is 0
80 [140717057894144] INFO perfrun.mrte <> - Getting  mrte profiling environment ...
84 [140717057894144] INFO perfrun.mrte <> - INTEL_MRTE_DATA_DIR=/home/stud/esame/Desktop/MPI_ass/advisor/mpi_ass/e000/hs036/data.0
84 [140717057894144] INFO perfrun.mrte <> - INTEL_MRTE_HOST_NAME=sw208
84 [140717057894144] INFO perfrun.mrte <> - JAVA_TOOL_OPTIONS=-agentlib:advixe_tpssmrte_javaprof_1.0 -Dsun.boot.library.path=/opt/intel/oneapi/advisor/2023.2.0/lib32/runtime:/opt/intel/oneapi/advisor/2023.2.0/lib64/runtime
84 [140717057894144] INFO perfrun.mrte <> - LD_LIBRARY_PATH=/opt/intel/oneapi/advisor/2023.2.0/lib32/runtime:/opt/intel/oneapi/advisor/2023.2.0/lib64/runtime:/opt/intel/oneapi/tbb/2021.10.0/env/../lib/intel64/gcc4.8:/opt/intel/oneapi/mpi/2021.10.0//libfabric/lib:/opt/intel/oneapi/mpi/2021.10.0//lib/release:/opt/intel/oneapi/mpi/2021.10.0//lib:/opt/intel/oneapi/mkl/2023.2.0/lib/intel64:/opt/intel/oneapi/itac/2021.10.0/slib:/opt/intel/oneapi/ipp/2021.9.0/lib/intel64:/opt/intel/oneapi/ippcp/2021.8.0/lib/intel64:/opt/intel/oneapi/ipp/2021.9.0/lib/intel64:/opt/intel/oneapi/dnnl/2023.2.0/cpu_dpcpp_gpu_dpcpp/lib:/opt/intel/oneapi/debugger/2023.2.0/gdb/intel64/lib:/opt/intel/oneapi/debugger/2023.2.0/libipt/intel64/lib:/opt/intel/oneapi/debugger/2023.2.0/dep/lib:/opt/intel/oneapi/dal/2023.2.0/lib/intel64:/opt/intel/oneapi/compiler/2023.2.1/linux/lib:/opt/intel/oneapi/compiler/2023.2.1/linux/lib/x64:/opt/intel/oneapi/compiler/2023.2.1/linux/lib/oclfpga/host/linux64/lib:/opt/intel/oneapi/compiler/2023.2.1/linux/compiler/lib/intel64_lin:/opt/intel/oneapi/ccl/2021.10.0/lib/cpu_gpu_dpcpp
84 [140717057894144] INFO perfrun.mrte <> - Data directory: /home/stud/esame/Desktop/MPI_ass/advisor/mpi_ass/e000/hs036/data.0
84 [140717057894144] INFO perfrun.mrte <> - Mrte plugin is initialized
84 [140717057894144] INFO perfrun.launcher <> - plugin [] was disabled because it doesn't support the given collection type.
84 [140717057894144] INFO perfrun.launcher <> - plugin [] was disabled because it doesn't support the given collection type.
84 [140717057894144] INFO perfrun.launcher <> - plugin [] was disabled because it doesn't support the given collection type.
84 [140717057894144] INFO perfrun.launcher <> - plugin [] was disabled because it doesn't support the given collection type.
84 [140717057894144] INFO perfrun.launcher <> - plugin [] was disabled because it doesn't support the given collection type.
84 [140717057894144] INFO perfrun.launcher <> - plugin [] was disabled because it doesn't support the given collection type.
84 [140717057894144] INFO perfrun.launcher <> - plugin [] was disabled because it doesn't support the given collection type.
84 [140717057894144] INFO perfrun.tpss <> - initialize tpss controller
84 [140717057894144] INFO perfrun.tpss <> - configure collection mode: value = cpu:stack
84 [140717057894144] INFO perfrun.tpss <> - default obj-size-min=1024
84 [140717057894144] INFO perfrun.tpss <> - default hash-table-size=0
84 [140717057894144] INFO perfrun.launcher <> - plugin [] was disabled because it doesn't support the given collection type.
84 [140717057894144] INFO perfrun.launcher <> - plugin [] was disabled because it doesn't support the given collection type.
84 [140717057894144] INFO perfrun.launcher <> - plugin [] was disabled because it doesn't support the given collection type.
84 [140717057894144] INFO perfrun.launcher <> - plugin [] was disabled because it doesn't support the given collection type.
84 [140717057894144] INFO perfrun.launcher <> - plugin [] was disabled because it doesn't support the given collection type.
84 [140717057894144] INFO perfrun.launcher <> - plugin [] was disabled because it doesn't support the given collection type.
84 [140717057894144] INFO perfrun.launcher <> - plugin [] was disabled because it doesn't support the given collection type.
84 [140717057894144] INFO perfrun.launcher <> - plugin [] was disabled because it doesn't support the given collection type.
84 [140717057894144] INFO perfrun.launcher <> - plugin [] was disabled because it doesn't support the given collection type.
84 [140717202577344] INFO perfrun.launcher <> - set environment variable: LD_LIBRARY_PATH = /opt/intel/oneapi/advisor/2023.2.0/lib32/runtime:/opt/intel/oneapi/advisor/2023.2.0/lib64/runtime:/opt/intel/oneapi/tbb/2021.10.0/env/../lib/intel64/gcc4.8:/opt/intel/oneapi/mpi/2021.10.0//libfabric/lib:/opt/intel/oneapi/mpi/2021.10.0//lib/release:/opt/intel/oneapi/mpi/2021.10.0//lib:/opt/intel/oneapi/mkl/2023.2.0/lib/intel64:/opt/intel/oneapi/itac/2021.10.0/slib:/opt/intel/oneapi/ipp/2021.9.0/lib/intel64:/opt/intel/oneapi/ippcp/2021.8.0/lib/intel64:/opt/intel/oneapi/ipp/2021.9.0/lib/intel64:/opt/intel/oneapi/dnnl/2023.2.0/cpu_dpcpp_gpu_dpcpp/lib:/opt/intel/oneapi/debugger/2023.2.0/gdb/intel64/lib:/opt/intel/oneapi/debugger/2023.2.0/libipt/intel64/lib:/opt/intel/oneapi/debugger/2023.2.0/dep/lib:/opt/intel/oneapi/dal/2023.2.0/lib/intel64:/opt/intel/oneapi/compiler/2023.2.1/linux/lib:/opt/intel/oneapi/compiler/2023.2.1/linux/lib/x64:/opt/intel/oneapi/compiler/2023.2.1/linux/lib/oclfpga/host/linux64/lib:/opt/intel/oneapi/compiler/2023.2.1/linux/compiler/lib/intel64_lin:/opt/intel/oneapi/ccl/2021.10.0/lib/cpu_gpu_dpcpp
84 [140717202577344] INFO perfrun.launcher <> - set environment variable: INTEL_LIBITTNOTIFY32 = /opt/intel/oneapi/advisor/2023.2.0/lib32/runtime/libittnotify_collector.so
84 [140717202577344] INFO perfrun.launcher <> - set environment variable: INTEL_LIBITTNOTIFY64 = /opt/intel/oneapi/advisor/2023.2.0/lib64/runtime/libittnotify_collector.so
84 [140717202577344] INFO perfrun.launcher <> - set environment variable: INTEL_ITTNOTIFY_GROUPS = 
84 [140717202577344] INFO perfrun.launcher <> - set environment variable: INTEL_JIT_PROFILER32 = /opt/intel/oneapi/advisor/2023.2.0/lib32/runtime/libittnotify_collector.so
85 [140717202577344] INFO perfrun.launcher <> - set environment variable: INTEL_JIT_PROFILER64 = /opt/intel/oneapi/advisor/2023.2.0/lib64/runtime/libittnotify_collector.so
85 [140717202577344] INFO perfrun.launcher <> - set environment variable: ENABLE_JITPROFILING = 1
85 [140717202577344] INFO perfrun.launcher <> - set environment variable: CL_CONFIG_USE_VTUNE = True
85 [140717202577344] INFO perfrun.launcher <> - set environment variable: KMP_FORKJOIN_FRAMES = 0
85 [140717202577344] INFO perfrun.launcher <> - set environment variable: KMP_FORKJOIN_FRAMES_MODE = 0
85 [140717202577344] INFO perfrun.launcher <> - set environment variable: INTEL_MRTE_DATA_DIR = /home/stud/esame/Desktop/MPI_ass/advisor/mpi_ass/e000/hs036/data.0
85 [140717202577344] INFO perfrun.launcher <> - set environment variable: INTEL_MRTE_HOST_NAME = sw208
85 [140717202577344] INFO perfrun.launcher <> - set environment variable: JAVA_TOOL_OPTIONS = -agentlib:advixe_tpssmrte_javaprof_1.0 -Dsun.boot.library.path=/opt/intel/oneapi/advisor/2023.2.0/lib32/runtime:/opt/intel/oneapi/advisor/2023.2.0/lib64/runtime
85 [140717202577344] INFO perfrun.launcher <> - set environment variable: LD_LIBRARY_PATH = /opt/intel/oneapi/advisor/2023.2.0/lib32/runtime:/opt/intel/oneapi/advisor/2023.2.0/lib64/runtime:/opt/intel/oneapi/tbb/2021.10.0/env/../lib/intel64/gcc4.8:/opt/intel/oneapi/mpi/2021.10.0//libfabric/lib:/opt/intel/oneapi/mpi/2021.10.0//lib/release:/opt/intel/oneapi/mpi/2021.10.0//lib:/opt/intel/oneapi/mkl/2023.2.0/lib/intel64:/opt/intel/oneapi/itac/2021.10.0/slib:/opt/intel/oneapi/ipp/2021.9.0/lib/intel64:/opt/intel/oneapi/ippcp/2021.8.0/lib/intel64:/opt/intel/oneapi/ipp/2021.9.0/lib/intel64:/opt/intel/oneapi/dnnl/2023.2.0/cpu_dpcpp_gpu_dpcpp/lib:/opt/intel/oneapi/debugger/2023.2.0/gdb/intel64/lib:/opt/intel/oneapi/debugger/2023.2.0/libipt/intel64/lib:/opt/intel/oneapi/debugger/2023.2.0/dep/lib:/opt/intel/oneapi/dal/2023.2.0/lib/intel64:/opt/intel/oneapi/compiler/2023.2.1/linux/lib:/opt/intel/oneapi/compiler/2023.2.1/linux/lib/x64:/opt/intel/oneapi/compiler/2023.2.1/linux/lib/oclfpga/host/linux64/lib:/opt/intel/oneapi/compiler/2023.2.1/linux/compiler/lib/intel64_lin:/opt/intel/oneapi/ccl/2021.10.0/lib/cpu_gpu_dpcpp
85 [140717202577344] INFO perfrun.launcher <> - RpcServer: run RPC server to handle requests
85 [140717202577344] INFO perfrun.launcher <> - Launcher: command line to start before modification = /home/stud/esame/Desktop/MPI_ass/release/pi_homework
85 [140717202577344] INFO perfrun.launcher <> - Launcher: command line to start after modification = /opt/intel/oneapi/advisor/2023.2.0/bin64/pin -error_file /home/stud/esame/Desktop/MPI_ass/advisor/mpi_ass/e000/hs036/data.0/pinerr.tpsslog -detach_reattach -follow_execv -tool_load_option deepbind -t64 /opt/intel/oneapi/advisor/2023.2.0/lib64/libtpsstool.so -t /opt/intel/oneapi/advisor/2023.2.0/lib32/libtpsstool.so -server_name tpss_ipc.98678 -prd_dir /opt/intel/oneapi/advisor/2023.2.0 -- /home/stud/esame/Desktop/MPI_ass/release/pi_homework
85 [140717202577344] INFO perfrun.launcher <> - ProcessCreator object was created
85 [140717202577344] INFO perfrun.launcher <> - Launcher: the process was started in suspend mode
86 [140717057894144] WARN perfrun.system <> - Could not do anything with /sys/kernel/debug/kvm: boost::filesystem::status: Permission denied: "/sys/kernel/debug/kvm", at file: vcs/perfrun1/plugins/system/src/trace_writer.cpp:787
86 [140717057894144] WARN perfrun.system <> - Folder "/var/run/libvirt/qemu/"doesn't exist, at file: vcs/perfrun1/plugins/system/src/trace_writer.cpp:800
87 [140717057894144] WARN perfrun.sdk <> - Failed to find xl binary on any of the system paths: /bin, /sbin, /usr/bin, /usr/sbin., at file: vcs/perfrun1/sdk/src/utils.cpp:204
89 [140717057894144] INFO perfrun.vdso <> - Helper runtool '/opt/intel/oneapi/advisor/2023.2.0/bin32/advixe-runss -dump-vdso -r /home/stud/esame/Desktop/MPI_ass/advisor/mpi_ass/e000/hs036 --tmp-dir /tmp/advixe-tmp-esame' returned 1
137 [140717057894144] INFO perfrun.vdso <> - Helper runtool '/opt/intel/oneapi/advisor/2023.2.0/bin64/advixe-runss -dump-vdso -r /home/stud/esame/Desktop/MPI_ass/advisor/mpi_ass/e000/hs036 --tmp-dir /tmp/advixe-tmp-esame' returned 0
137 [140717057894144] INFO perfrun.itt <> - start itt controller for pid #98701
137 [140717057894144] INFO perfrun.tpss <> - start tpss controller for pid #98701
187 [140717202577344] INFO perfrun.launcher <> - Launcher: all plugins were started
187 [140717202577344] INFO perfrun.launcher <> - DirectoryMonitor object was created
187 [140717202577344] INFO perfrun.launcher <> - DirectoryMonitor: a callback was added
187 [140717202577344] INFO perfrun.launcher <> - DirectoryMonitor was started with pingTime = 1000
187 [140717202577344] INFO perfrun.launcher <> - DeadlineTimer is going to be constructed
188 [140717202577344] INFO perfrun.launcher <> - DeadlineTimer: a callback was added
190 [140717202577344] INFO perfrun.launcher <> - Launcher: resume the profiled application and  wait its termination or stop command
8113 [140717202577344] INFO perfrun.launcher <> - Launcher: the profiled application was terminated  with exit code = 0
8120 [140717057894144] INFO perfrun.itt <> - detach itt controller
8120 [140717057894144] INFO perfrun.itt <> - detach itt controller done
8120 [140717057894144] INFO perfrun.tpss <> - stop tpss controller
8121 [140717057894144] INFO perfrun.sdk <> - De-allocating TMU: /home/stud/esame/Desktop/MPI_ass/advisor/mpi_ass/e000/hs036/data.0/systemcollector-98678-sw208.sc
8121 [140717057894144] INFO perfrun.system <> - closed the system trace file: /home/stud/esame/Desktop/MPI_ass/advisor/mpi_ass/e000/hs036/data.0/systemcollector-98678-sw208.sc
8121 [140717202577344] INFO perfrun.launcher <> - Launcher: all plugins were stopped.
8121 [140717202577344] INFO perfrun.launcher <> - DeadlineTimer is going to be destroyed
8121 [140717202577344] INFO perfrun.launcher <> - DeadlineTimer was destroyed
8121 [140717202577344] INFO perfrun.launcher <> - DirectoryMonitor object was destroyed
8121 [140717202577344] WARN perfrun.launcher <> - Stop command is ignored because it is received when collection is already stopped, at file: vcs/perfrun1/launcher/src/command_handler.cpp:226
8121 [140717202577344] INFO perfrun.launcher <> - Application exit code: 0
8121 [140717202577344] INFO perfrun.launcher <> - Exit code: 0
