<?xml version="1.0" encoding="utf-8"?>
<log version="1.0" tool="runtool">

<msg id="1" tool="runtool">
  <type>log-start</type>
  <arg>2024/12/19 12:22:46</arg>
</msg>
<msg id="2" tool="runtool">
  <type>bandwidth-measurement-starts</type>
</msg>
<msg id="3" tool="runtool">
  <type>bandwidth-measurement-done</type>
</msg>
<msg id="4" tool="runtool">
  <type>collector-starts</type>
</msg>
<msg id="5" tool="runtool">
  <type>marker-file</type>
  <arg>/home/stud/docente/Desktop/MPI_ass/advisor/mpi_ass/e000/trc000/trc000.advixe</arg>
</msg>
<msg id="6" tool="trc">
  <type>PROCESS_START</type>
  <arg>/VM/stud/docente/Desktop/MPI_ass/release/pi_homework</arg>
  <arg>207406</arg>
  <severity>INFO</severity>
  <timestamp>Thu Dec 19 12:22:56 2024</timestamp>
</msg>
<msg id="7" tool="trc">
  <type>PROCESS_ANALYSIS_MODE</type>
  <arg>full</arg>
  <severity>INFO</severity>
  <timestamp>Thu Dec 19 12:22:56 2024</timestamp>
</msg>
<msg id="8" tool="trc">
  <type>LOAD_MODULE</type>
  <arg>/VM/stud/docente/Desktop/MPI_ass/release/pi_homework</arg>
  <arg>0x400000</arg>
  <arg>0x407d2f</arg>
  <arg>yes</arg>
  <severity>INFO</severity>
  <timestamp>Thu Dec 19 12:22:56 2024</timestamp>
</msg>
<msg id="9" tool="trc">
  <type>LOAD_MODULE</type>
  <arg>/lib64/ld-linux-x86-64.so.2</arg>
  <arg>0x7fadbc5d9000</arg>
  <arg>0x7fadbc605177</arg>
  <arg>no</arg>
  <severity>INFO</severity>
  <timestamp>Thu Dec 19 12:22:56 2024</timestamp>
</msg>
<msg id="10" tool="trc">
  <type>LOAD_MODULE</type>
  <arg>[vdso]</arg>
  <arg>0x7ffe8e8c2000</arg>
  <arg>0x7ffe8e8c2d7b</arg>
  <arg>no</arg>
  <severity>INFO</severity>
  <timestamp>Thu Dec 19 12:22:56 2024</timestamp>
</msg>
<msg id="11" tool="trc">
  <type>LOAD_MODULE</type>
  <arg>/opt/intel/oneapi/mpi/2021.10.0//lib/libmpifort.so.12</arg>
  <arg>0x7fada7000000</arg>
  <arg>0x7fada73b1257</arg>
  <arg>yes</arg>
  <severity>INFO</severity>
  <timestamp>Thu Dec 19 12:22:57 2024</timestamp>
</msg>
<msg id="12" tool="trc">
  <type>LOAD_MODULE</type>
  <arg>/opt/intel/oneapi/mpi/2021.10.0//lib/release/libmpi.so.12</arg>
  <arg>0x7fada5400000</arg>
  <arg>0x7fada6ed0957</arg>
  <arg>yes</arg>
  <severity>INFO</severity>
  <timestamp>Thu Dec 19 12:22:57 2024</timestamp>
</msg>
<msg id="13" tool="trc">
  <type>LOAD_MODULE</type>
  <arg>/lib/x86_64-linux-gnu/libdl.so.2</arg>
  <arg>0x7fada73cd000</arg>
  <arg>0x7fada73d210f</arg>
  <arg>no</arg>
  <severity>INFO</severity>
  <timestamp>Thu Dec 19 12:22:57 2024</timestamp>
</msg>
<msg id="14" tool="trc">
  <type>LOAD_MODULE</type>
  <arg>/lib/x86_64-linux-gnu/librt.so.1</arg>
  <arg>0x7fada73b6000</arg>
  <arg>0x7fada73bfbdf</arg>
  <arg>no</arg>
  <severity>INFO</severity>
  <timestamp>Thu Dec 19 12:22:57 2024</timestamp>
</msg>
<msg id="15" tool="trc">
  <type>LOAD_MODULE</type>
  <arg>/lib/x86_64-linux-gnu/libpthread.so.0</arg>
  <arg>0x7fada6f95000</arg>
  <arg>0x7fada6fb646f</arg>
  <arg>yes</arg>
  <severity>INFO</severity>
  <timestamp>Thu Dec 19 12:22:57 2024</timestamp>
</msg>
<msg id="16" tool="trc">
  <type>LOAD_MODULE</type>
  <arg>/lib/x86_64-linux-gnu/libm.so.6</arg>
  <arg>0x7fada52bc000</arg>
  <arg>0x7fada53ff10f</arg>
  <arg>no</arg>
  <severity>INFO</severity>
  <timestamp>Thu Dec 19 12:22:57 2024</timestamp>
</msg>
<msg id="17" tool="trc">
  <type>LOAD_MODULE</type>
  <arg>/opt/intel/oneapi/compiler/2023.2.1/linux/compiler/lib/intel64_lin/libiomp5.so</arg>
  <arg>0x7fada4e00000</arg>
  <arg>0x7fada524114f</arg>
  <arg>yes</arg>
  <severity>INFO</severity>
  <timestamp>Thu Dec 19 12:22:57 2024</timestamp>
</msg>
<msg id="18" tool="trc">
  <type>LOAD_MODULE</type>
  <arg>/lib/x86_64-linux-gnu/libc.so.6</arg>
  <arg>0x7fada4c2c000</arg>
  <arg>0x7fada4dff67f</arg>
  <arg>no</arg>
  <severity>INFO</severity>
  <timestamp>Thu Dec 19 12:22:57 2024</timestamp>
</msg>
<msg id="19" tool="trc">
  <type>LOAD_MODULE</type>
  <arg>/lib/x86_64-linux-gnu/libgcc_s.so.1</arg>
  <arg>0x7fada6f2d000</arg>
  <arg>0x7fada6f46447</arg>
  <arg>no</arg>
  <severity>INFO</severity>
  <timestamp>Thu Dec 19 12:22:57 2024</timestamp>
</msg>
<msg id="20" tool="trc">
  <type>LOAD_MODULE</type>
  <arg>/opt/intel/oneapi/advisor/2023.2.0/lib64/runtime/libittnotify.so</arg>
  <arg>0x7fada2a00000</arg>
  <arg>0x7fada2c0c65f</arg>
  <arg>no</arg>
  <severity>INFO</severity>
  <timestamp>Thu Dec 19 12:22:57 2024</timestamp>
</msg>
<msg id="21" tool="trc">
  <type>LOAD_MODULE</type>
  <arg>/opt/intel/oneapi/advisor/2023.2.0/lib64/libpinjitprofiling.so</arg>
  <arg>0x7fada3a22000</arg>
  <arg>0x7fada3a26017</arg>
  <arg>yes</arg>
  <severity>INFO</severity>
  <timestamp>Thu Dec 19 12:22:57 2024</timestamp>
</msg>
<msg id="22" tool="trc">
  <type>LOAD_MODULE</type>
  <arg>/usr/lib/x86_64-linux-gnu/libstdc++.so.6</arg>
  <arg>0x7fada2649000</arg>
  <arg>0x7fada28157ff</arg>
  <arg>no</arg>
  <severity>INFO</severity>
  <timestamp>Thu Dec 19 12:22:57 2024</timestamp>
</msg>
<msg id="23" tool="trc">
  <type>UNLOAD_MODULE</type>
  <arg>/VM/stud/docente/Desktop/MPI_ass/release/pi_homework</arg>
  <severity>INFO</severity>
  <timestamp>Thu Dec 19 12:24:05 2024</timestamp>
</msg>
<msg id="24" tool="trc">
  <type>UNLOAD_MODULE</type>
  <arg>/lib64/ld-linux-x86-64.so.2</arg>
  <severity>INFO</severity>
  <timestamp>Thu Dec 19 12:24:05 2024</timestamp>
</msg>
<msg id="25" tool="trc">
  <type>UNLOAD_MODULE</type>
  <arg>[vdso]</arg>
  <severity>INFO</severity>
  <timestamp>Thu Dec 19 12:24:05 2024</timestamp>
</msg>
<msg id="26" tool="trc">
  <type>UNLOAD_MODULE</type>
  <arg>/opt/intel/oneapi/mpi/2021.10.0//lib/libmpifort.so.12</arg>
  <severity>INFO</severity>
  <timestamp>Thu Dec 19 12:24:05 2024</timestamp>
</msg>
<msg id="27" tool="trc">
  <type>UNLOAD_MODULE</type>
  <arg>/opt/intel/oneapi/mpi/2021.10.0//lib/release/libmpi.so.12</arg>
  <severity>INFO</severity>
  <timestamp>Thu Dec 19 12:24:05 2024</timestamp>
</msg>
<msg id="28" tool="trc">
  <type>UNLOAD_MODULE</type>
  <arg>/lib/x86_64-linux-gnu/libdl.so.2</arg>
  <severity>INFO</severity>
  <timestamp>Thu Dec 19 12:24:05 2024</timestamp>
</msg>
<msg id="29" tool="trc">
  <type>UNLOAD_MODULE</type>
  <arg>/lib/x86_64-linux-gnu/librt.so.1</arg>
  <severity>INFO</severity>
  <timestamp>Thu Dec 19 12:24:05 2024</timestamp>
</msg>
<msg id="30" tool="trc">
  <type>UNLOAD_MODULE</type>
  <arg>/lib/x86_64-linux-gnu/libpthread.so.0</arg>
  <severity>INFO</severity>
  <timestamp>Thu Dec 19 12:24:05 2024</timestamp>
</msg>
<msg id="31" tool="trc">
  <type>UNLOAD_MODULE</type>
  <arg>/lib/x86_64-linux-gnu/libm.so.6</arg>
  <severity>INFO</severity>
  <timestamp>Thu Dec 19 12:24:05 2024</timestamp>
</msg>
<msg id="32" tool="trc">
  <type>UNLOAD_MODULE</type>
  <arg>/opt/intel/oneapi/compiler/2023.2.1/linux/compiler/lib/intel64_lin/libiomp5.so</arg>
  <severity>INFO</severity>
  <timestamp>Thu Dec 19 12:24:05 2024</timestamp>
</msg>
<msg id="33" tool="trc">
  <type>UNLOAD_MODULE</type>
  <arg>/lib/x86_64-linux-gnu/libc.so.6</arg>
  <severity>INFO</severity>
  <timestamp>Thu Dec 19 12:24:05 2024</timestamp>
</msg>
<msg id="34" tool="trc">
  <type>UNLOAD_MODULE</type>
  <arg>/lib/x86_64-linux-gnu/libgcc_s.so.1</arg>
  <severity>INFO</severity>
  <timestamp>Thu Dec 19 12:24:05 2024</timestamp>
</msg>
<msg id="35" tool="trc">
  <type>UNLOAD_MODULE</type>
  <arg>/opt/intel/oneapi/advisor/2023.2.0/lib64/runtime/libittnotify.so</arg>
  <severity>INFO</severity>
  <timestamp>Thu Dec 19 12:24:05 2024</timestamp>
</msg>
<msg id="36" tool="trc">
  <type>UNLOAD_MODULE</type>
  <arg>/opt/intel/oneapi/advisor/2023.2.0/lib64/libpinjitprofiling.so</arg>
  <severity>INFO</severity>
  <timestamp>Thu Dec 19 12:24:05 2024</timestamp>
</msg>
<msg id="37" tool="trc">
  <type>UNLOAD_MODULE</type>
  <arg>DynamicCodeBin</arg>
  <severity>INFO</severity>
  <timestamp>Thu Dec 19 12:24:05 2024</timestamp>
</msg>
<msg id="38" tool="trc">
  <type>UNLOAD_MODULE</type>
  <arg>/usr/lib/x86_64-linux-gnu/libstdc++.so.6</arg>
  <severity>INFO</severity>
  <timestamp>Thu Dec 19 12:24:05 2024</timestamp>
</msg>
<msg id="39" tool="trc">
  <type>PROCESS_FINISH</type>
  <arg>/VM/stud/docente/Desktop/MPI_ass/release/pi_homework</arg>
  <arg>207406</arg>
  <arg>0x0</arg>
  <severity>INFO</severity>
  <timestamp>Thu Dec 19 12:24:05 2024</timestamp>
</msg>
<msg id="40" tool="runtool">
  <type>app-exit-code</type>
  <arg>0</arg>
</msg>
<msg id="41" tool="runtool">
  <type>marker-file</type>
  <arg>/home/stud/docente/Desktop/MPI_ass/advisor/mpi_ass/e000/trc000/trc000.advixe</arg>
</msg>
<msg id="42" tool="runtool">
  <type>collector-done</type>
</msg>
<msg id="43" tool="runtool">
  <type>log-end</type>
  <arg>2024/12/19 12:24:09</arg>
</msg>

</log>

