<?xml version="1.0" encoding="utf-8" ?>
<!-- DO NOT EDIT THIS FILE -->

<log version='2.0' source='trc'>
	<msg id='1' display='false' source='trc'>
		<type>PROCESS_START</type>
		<severity>INFO</severity>
		<timestamp>Mon Jan 13 14:29:26 2025</timestamp>
		<arg name='process'>/VM/stud/S4951409/Desktop/MPI_ass/release/pi_homework</arg>
		<arg name='pid'>72834</arg>
	</msg>
	<!-- Instrumentation filter's state:
    Patterns applicability:
        Generic loop pattern.....................: enabled
        Generic loop pattern (with dynamic jumps): enabled
        Known trip value loop pattern............: enabled
        Runtime final value loop pattern.........: enabled
        No initial IV loop pattern...............: enabled
        IV step only loop pattern................: enabled
        No entry loop pattern....................: enabled
    Clustered memory model (CMM) applicability:
        Generic loop pattern.....................: enabled
        Generic loop pattern (with dynamic jumps): enabled
        Known trip value loop pattern............: enabled
        Runtime final value loop pattern.........: enabled
        No initial IV loop pattern...............: enabled
        IV step only loop pattern................: enabled
        No entry loop pattern....................: disabled
 -->
	<!-- Callstack mode:
    filter modules.........: true
    filter routines........: true
    count loops............: false
    count flops............: false
    trace..................: false
    extended trace.........: false
    omp trace..............: false
    jit trace..............: false
    failures trace.........: false
    dump raw...............: false
    dump final.............: false
    dump all...............: false
    stack stitching........: true
    stl profiling..........: true
    aggressive frame switch: true
    unwind frame exit......: true
    analyze child loops....: true
 -->
	<!-- Managed application profiling: -->
	<!-- 	State...................: enabled -->
	<!-- Gpu Profiling: -->
	<!-- 	State: disabled -->
	<msg id='2' display='false' source='trc'>
		<type>PROCESS_ANALYSIS_MODE</type>
		<severity>INFO</severity>
		<timestamp>Mon Jan 13 14:29:26 2025</timestamp>
		<arg name='mode'>full</arg>
	</msg>
	<!-- Update image info for [1:0x400000:YN] /VM/stud/S4951409/Desktop/MPI_ass/release/pi_homework -->
	<msg id='3' display='false' source='trc'>
		<type>LOAD_MODULE</type>
		<severity>INFO</severity>
		<timestamp>Mon Jan 13 14:29:26 2025</timestamp>
		<arg name='module'>/VM/stud/S4951409/Desktop/MPI_ass/release/pi_homework</arg>
		<arg name='basement'>0x400000</arg>
		<arg name='ceiling'>0x407d2f</arg>
		<arg name='symtab'>yes</arg>
	</msg>
	<!-- Instrumenting image: id = 1, name = /VM/stud/S4951409/Desktop/MPI_ass/release/pi_homework -->
	<!-- Instrumenting loops in routine "main.extracted" -->
	<!-- Update image info for [2:0x7EFE4DEF4000:NN] /lib64/ld-linux-x86-64.so.2 -->
	<msg id='4' display='false' source='trc'>
		<type>LOAD_MODULE</type>
		<severity>INFO</severity>
		<timestamp>Mon Jan 13 14:29:26 2025</timestamp>
		<arg name='module'>/lib64/ld-linux-x86-64.so.2</arg>
		<arg name='basement'>0x7efe4def4000</arg>
		<arg name='ceiling'>0x7efe4df20177</arg>
		<arg name='symtab'>no</arg>
	</msg>
	<!-- Instrumentation of /lib64/ld-linux-x86-64.so.2 image skipped because of filter conditions [cs-mode]. -->
	<!-- Update image info for [3:0x7FFEA27F1000:NN] [vdso] -->
	<msg id='5' display='false' source='trc'>
		<type>LOAD_MODULE</type>
		<severity>INFO</severity>
		<timestamp>Mon Jan 13 14:29:26 2025</timestamp>
		<arg name='module'>[vdso]</arg>
		<arg name='basement'>0x7ffea27f1000</arg>
		<arg name='ceiling'>0x7ffea27f1d7b</arg>
		<arg name='symtab'>no</arg>
	</msg>
	<!-- Instrumentation of [vdso] image skipped because of filter conditions [cs-mode]. -->
	<!-- Update image info for [4:0x7EFE38A00000:YN] /opt/intel/oneapi/mpi/2021.10.0//lib/libmpifort.so.12 -->
	<msg id='6' display='false' source='trc'>
		<type>LOAD_MODULE</type>
		<severity>INFO</severity>
		<timestamp>Mon Jan 13 14:29:26 2025</timestamp>
		<arg name='module'>/opt/intel/oneapi/mpi/2021.10.0//lib/libmpifort.so.12</arg>
		<arg name='basement'>0x7efe38a00000</arg>
		<arg name='ceiling'>0x7efe38db1257</arg>
		<arg name='symtab'>yes</arg>
	</msg>
	<!-- Instrumentation of /opt/intel/oneapi/mpi/2021.10.0//lib/libmpifort.so.12 image skipped because of filter conditions [cs-mode]. -->
	<!-- Update image info for [5:0x7EFE36E00000:YN] /opt/intel/oneapi/mpi/2021.10.0//lib/release/libmpi.so.12 -->
	<msg id='7' display='false' source='trc'>
		<type>LOAD_MODULE</type>
		<severity>INFO</severity>
		<timestamp>Mon Jan 13 14:29:26 2025</timestamp>
		<arg name='module'>/opt/intel/oneapi/mpi/2021.10.0//lib/release/libmpi.so.12</arg>
		<arg name='basement'>0x7efe36e00000</arg>
		<arg name='ceiling'>0x7efe388d0957</arg>
		<arg name='symtab'>yes</arg>
	</msg>
	<!-- Instrumentation of /opt/intel/oneapi/mpi/2021.10.0//lib/release/libmpi.so.12 image skipped because of filter conditions [cs-mode]. -->
	<!-- Update image info for [6:0x7EFE38923000:NN] /lib/x86_64-linux-gnu/libdl.so.2 -->
	<msg id='8' display='false' source='trc'>
		<type>LOAD_MODULE</type>
		<severity>INFO</severity>
		<timestamp>Mon Jan 13 14:29:26 2025</timestamp>
		<arg name='module'>/lib/x86_64-linux-gnu/libdl.so.2</arg>
		<arg name='basement'>0x7efe38923000</arg>
		<arg name='ceiling'>0x7efe3892810f</arg>
		<arg name='symtab'>no</arg>
	</msg>
	<!-- Instrumentation of /lib/x86_64-linux-gnu/libdl.so.2 image skipped because of filter conditions [cs-mode]. -->
	<!-- Update image info for [7:0x7EFE388DB000:NN] /lib/x86_64-linux-gnu/librt.so.1 -->
	<msg id='9' display='false' source='trc'>
		<type>LOAD_MODULE</type>
		<severity>INFO</severity>
		<timestamp>Mon Jan 13 14:29:26 2025</timestamp>
		<arg name='module'>/lib/x86_64-linux-gnu/librt.so.1</arg>
		<arg name='basement'>0x7efe388db000</arg>
		<arg name='ceiling'>0x7efe388e4bdf</arg>
		<arg name='symtab'>no</arg>
	</msg>
	<!-- Instrumentation of /lib/x86_64-linux-gnu/librt.so.1 image skipped because of filter conditions [cs-mode]. -->
	<!-- Update image info for [8:0x7EFE36DDE000:YN] /lib/x86_64-linux-gnu/libpthread.so.0 -->
	<msg id='10' display='false' source='trc'>
		<type>LOAD_MODULE</type>
		<severity>INFO</severity>
		<timestamp>Mon Jan 13 14:29:26 2025</timestamp>
		<arg name='module'>/lib/x86_64-linux-gnu/libpthread.so.0</arg>
		<arg name='basement'>0x7efe36dde000</arg>
		<arg name='ceiling'>0x7efe36dff46f</arg>
		<arg name='symtab'>yes</arg>
	</msg>
	<!-- Instrumentation of /lib/x86_64-linux-gnu/libpthread.so.0 image skipped because of filter conditions [cs-mode]. -->
	<!-- Update image info for [9:0x7EFE36C9A000:NN] /lib/x86_64-linux-gnu/libm.so.6 -->
	<msg id='11' display='false' source='trc'>
		<type>LOAD_MODULE</type>
		<severity>INFO</severity>
		<timestamp>Mon Jan 13 14:29:26 2025</timestamp>
		<arg name='module'>/lib/x86_64-linux-gnu/libm.so.6</arg>
		<arg name='basement'>0x7efe36c9a000</arg>
		<arg name='ceiling'>0x7efe36ddd10f</arg>
		<arg name='symtab'>no</arg>
	</msg>
	<!-- Instrumentation of /lib/x86_64-linux-gnu/libm.so.6 image skipped because of filter conditions [cs-mode]. -->
	<!-- Update image info for [10:0x7EFE36800000:YN] /opt/intel/oneapi/compiler/2023.2.1/linux/compiler/lib/intel64_lin/libiomp5.so -->
	<msg id='12' display='false' source='trc'>
		<type>LOAD_MODULE</type>
		<severity>INFO</severity>
		<timestamp>Mon Jan 13 14:29:26 2025</timestamp>
		<arg name='module'>/opt/intel/oneapi/compiler/2023.2.1/linux/compiler/lib/intel64_lin/libiomp5.so</arg>
		<arg name='basement'>0x7efe36800000</arg>
		<arg name='ceiling'>0x7efe36c4114f</arg>
		<arg name='symtab'>yes</arg>
	</msg>
	<!-- Instrumenting image: id = 10, name = /opt/intel/oneapi/compiler/2023.2.1/linux/compiler/lib/intel64_lin/libiomp5.so -->
	<!-- Instrumenting loops in routine "__kmp_itt_init_ittlib" -->
	<!-- Instrumenting loops in routine "__kmp_acquire_ticket_lock" -->
	<!-- Instrumenting loops in routine "__kmp_allocate_thread" -->
	<!-- Instrumenting loops in routine "__kmp_fork_call" -->
	<!-- Instrumenting loops in routine "__kmp_allocate_team" -->
	<!-- Instrumenting loops in routine "__kmp_invoke_microtask" -->
	<!-- Instrumenting loops in routine "_INTERNAL1ebb3278::__kmp_launch_worker" -->
	<!-- Instrumenting loops in routine "__kmp_create_worker" -->
	<!-- Update image info for [11:0x7EFE3662C000:NN] /lib/x86_64-linux-gnu/libc.so.6 -->
	<msg id='13' display='false' source='trc'>
		<type>LOAD_MODULE</type>
		<severity>INFO</severity>
		<timestamp>Mon Jan 13 14:29:26 2025</timestamp>
		<arg name='module'>/lib/x86_64-linux-gnu/libc.so.6</arg>
		<arg name='basement'>0x7efe3662c000</arg>
		<arg name='ceiling'>0x7efe367ff67f</arg>
		<arg name='symtab'>no</arg>
	</msg>
	<!-- Instrumentation of /lib/x86_64-linux-gnu/libc.so.6 image skipped because of filter conditions. -->
	<!-- Update image info for [12:0x7EFE36C5F000:NN] /lib/x86_64-linux-gnu/libgcc_s.so.1 -->
	<msg id='14' display='false' source='trc'>
		<type>LOAD_MODULE</type>
		<severity>INFO</severity>
		<timestamp>Mon Jan 13 14:29:26 2025</timestamp>
		<arg name='module'>/lib/x86_64-linux-gnu/libgcc_s.so.1</arg>
		<arg name='basement'>0x7efe36c5f000</arg>
		<arg name='ceiling'>0x7efe36c78447</arg>
		<arg name='symtab'>no</arg>
	</msg>
	<!-- Instrumentation of /lib/x86_64-linux-gnu/libgcc_s.so.1 image skipped because of filter conditions [cs-mode]. -->
	<!-- Update image info for [13:0x7EFE34200000:NN] /opt/intel/oneapi/advisor/2023.2.0/lib64/runtime/libittnotify.so -->
	<msg id='15' display='false' source='trc'>
		<type>LOAD_MODULE</type>
		<severity>INFO</severity>
		<timestamp>Mon Jan 13 14:29:26 2025</timestamp>
		<arg name='module'>/opt/intel/oneapi/advisor/2023.2.0/lib64/runtime/libittnotify.so</arg>
		<arg name='basement'>0x7efe34200000</arg>
		<arg name='ceiling'>0x7efe3440c65f</arg>
		<arg name='symtab'>no</arg>
	</msg>
	<!-- __itt_pause was instrumented -->
	<!-- __itt_resume was instrumented -->
	<!-- __itt_metadata_add was instrumented -->
	<!-- Instrumentation of /opt/intel/oneapi/advisor/2023.2.0/lib64/runtime/libittnotify.so image skipped because of filter conditions [cs-mode]. -->
	<!-- Update image info for [14:0x7EFE353A6000:YN] /opt/intel/oneapi/advisor/2023.2.0/lib64/libpinjitprofiling.so -->
	<msg id='16' display='false' source='trc'>
		<type>LOAD_MODULE</type>
		<severity>INFO</severity>
		<timestamp>Mon Jan 13 14:29:26 2025</timestamp>
		<arg name='module'>/opt/intel/oneapi/advisor/2023.2.0/lib64/libpinjitprofiling.so</arg>
		<arg name='basement'>0x7efe353a6000</arg>
		<arg name='ceiling'>0x7efe353aa017</arg>
		<arg name='symtab'>yes</arg>
	</msg>
	<!-- Instrumentation of /opt/intel/oneapi/advisor/2023.2.0/lib64/libpinjitprofiling.so image skipped because of filter conditions [cs-mode]. -->
	<!-- Update image info for [16:0x7EFE33F6D000:NN] /usr/lib/x86_64-linux-gnu/libstdc++.so.6 -->
	<msg id='17' display='false' source='trc'>
		<type>LOAD_MODULE</type>
		<severity>INFO</severity>
		<timestamp>Mon Jan 13 14:29:26 2025</timestamp>
		<arg name='module'>/usr/lib/x86_64-linux-gnu/libstdc++.so.6</arg>
		<arg name='basement'>0x7efe33f6d000</arg>
		<arg name='ceiling'>0x7efe341397ff</arg>
		<arg name='symtab'>no</arg>
	</msg>
	<!-- Instrumentation of /usr/lib/x86_64-linux-gnu/libstdc++.so.6 image skipped because of filter conditions [cs-mode]. -->
	<msg id='18' display='false' source='trc'>
		<type>UNLOAD_MODULE</type>
		<severity>INFO</severity>
		<timestamp>Mon Jan 13 14:30:52 2025</timestamp>
		<arg name='module'>/VM/stud/S4951409/Desktop/MPI_ass/release/pi_homework</arg>
	</msg>
	<msg id='19' display='false' source='trc'>
		<type>UNLOAD_MODULE</type>
		<severity>INFO</severity>
		<timestamp>Mon Jan 13 14:30:52 2025</timestamp>
		<arg name='module'>/lib64/ld-linux-x86-64.so.2</arg>
	</msg>
	<msg id='20' display='false' source='trc'>
		<type>UNLOAD_MODULE</type>
		<severity>INFO</severity>
		<timestamp>Mon Jan 13 14:30:52 2025</timestamp>
		<arg name='module'>[vdso]</arg>
	</msg>
	<msg id='21' display='false' source='trc'>
		<type>UNLOAD_MODULE</type>
		<severity>INFO</severity>
		<timestamp>Mon Jan 13 14:30:52 2025</timestamp>
		<arg name='module'>/opt/intel/oneapi/mpi/2021.10.0//lib/libmpifort.so.12</arg>
	</msg>
	<msg id='22' display='false' source='trc'>
		<type>UNLOAD_MODULE</type>
		<severity>INFO</severity>
		<timestamp>Mon Jan 13 14:30:52 2025</timestamp>
		<arg name='module'>/opt/intel/oneapi/mpi/2021.10.0//lib/release/libmpi.so.12</arg>
	</msg>
	<msg id='23' display='false' source='trc'>
		<type>UNLOAD_MODULE</type>
		<severity>INFO</severity>
		<timestamp>Mon Jan 13 14:30:52 2025</timestamp>
		<arg name='module'>/lib/x86_64-linux-gnu/libdl.so.2</arg>
	</msg>
	<msg id='24' display='false' source='trc'>
		<type>UNLOAD_MODULE</type>
		<severity>INFO</severity>
		<timestamp>Mon Jan 13 14:30:52 2025</timestamp>
		<arg name='module'>/lib/x86_64-linux-gnu/librt.so.1</arg>
	</msg>
	<msg id='25' display='false' source='trc'>
		<type>UNLOAD_MODULE</type>
		<severity>INFO</severity>
		<timestamp>Mon Jan 13 14:30:52 2025</timestamp>
		<arg name='module'>/lib/x86_64-linux-gnu/libpthread.so.0</arg>
	</msg>
	<msg id='26' display='false' source='trc'>
		<type>UNLOAD_MODULE</type>
		<severity>INFO</severity>
		<timestamp>Mon Jan 13 14:30:52 2025</timestamp>
		<arg name='module'>/lib/x86_64-linux-gnu/libm.so.6</arg>
	</msg>
	<msg id='27' display='false' source='trc'>
		<type>UNLOAD_MODULE</type>
		<severity>INFO</severity>
		<timestamp>Mon Jan 13 14:30:52 2025</timestamp>
		<arg name='module'>/opt/intel/oneapi/compiler/2023.2.1/linux/compiler/lib/intel64_lin/libiomp5.so</arg>
	</msg>
	<msg id='28' display='false' source='trc'>
		<type>UNLOAD_MODULE</type>
		<severity>INFO</severity>
		<timestamp>Mon Jan 13 14:30:52 2025</timestamp>
		<arg name='module'>/lib/x86_64-linux-gnu/libc.so.6</arg>
	</msg>
	<msg id='29' display='false' source='trc'>
		<type>UNLOAD_MODULE</type>
		<severity>INFO</severity>
		<timestamp>Mon Jan 13 14:30:52 2025</timestamp>
		<arg name='module'>/lib/x86_64-linux-gnu/libgcc_s.so.1</arg>
	</msg>
	<msg id='30' display='false' source='trc'>
		<type>UNLOAD_MODULE</type>
		<severity>INFO</severity>
		<timestamp>Mon Jan 13 14:30:52 2025</timestamp>
		<arg name='module'>/opt/intel/oneapi/advisor/2023.2.0/lib64/runtime/libittnotify.so</arg>
	</msg>
	<msg id='31' display='false' source='trc'>
		<type>UNLOAD_MODULE</type>
		<severity>INFO</severity>
		<timestamp>Mon Jan 13 14:30:52 2025</timestamp>
		<arg name='module'>/opt/intel/oneapi/advisor/2023.2.0/lib64/libpinjitprofiling.so</arg>
	</msg>
	<msg id='32' display='false' source='trc'>
		<type>UNLOAD_MODULE</type>
		<severity>INFO</severity>
		<timestamp>Mon Jan 13 14:30:52 2025</timestamp>
		<arg name='module'>DynamicCodeBin</arg>
	</msg>
	<msg id='33' display='false' source='trc'>
		<type>UNLOAD_MODULE</type>
		<severity>INFO</severity>
		<timestamp>Mon Jan 13 14:30:52 2025</timestamp>
		<arg name='module'>/usr/lib/x86_64-linux-gnu/libstdc++.so.6</arg>
	</msg>
	<msg id='34' display='false' source='trc'>
		<type>PROCESS_FINISH</type>
		<severity>INFO</severity>
		<timestamp>Mon Jan 13 14:30:52 2025</timestamp>
		<arg name='process'>/VM/stud/S4951409/Desktop/MPI_ass/release/pi_homework</arg>
		<arg name='pid'>72834</arg>
		<arg name='exitcode'>0x0</arg>
	</msg>
	<!-- Application exited with code 0 -->
</log>