<?xml version="1.0" encoding="utf-8"?>
<log version="1.0" tool="runtool">

<msg id="1" tool="runtool">
  <type>log-start</type>
  <arg>2024/12/16 17:30:34</arg>
</msg>
<msg id="2" tool="runtool">
  <type>bandwidth-measurement-starts</type>
</msg>
<msg id="3" tool="runtool">
  <type>bandwidth-measurement-done</type>
</msg>
<msg id="4" tool="runtool">
  <type>collector-starts</type>
</msg>
<msg id="5" tool="runtool">
  <type>marker-file</type>
  <arg>/home/chris/high-performance-clowns/hw1/e000/trc000/trc000.advixe</arg>
</msg>
<msg id="6" tool="trc">
  <type>PROCESS_START</type>
  <arg>/home/chris/high-performance-clowns/hw1/release/omp_homework</arg>
  <arg>9508</arg>
  <severity>INFO</severity>
  <timestamp>Mon Dec 16 17:30:44 2024</timestamp>
</msg>
<msg id="7" tool="trc">
  <type>PROCESS_ANALYSIS_MODE</type>
  <arg>full</arg>
  <severity>INFO</severity>
  <timestamp>Mon Dec 16 17:30:44 2024</timestamp>
</msg>
<msg id="8" tool="trc">
  <type>LOAD_MODULE</type>
  <arg>/home/chris/high-performance-clowns/hw1/release/omp_homework</arg>
  <arg>0x400000</arg>
  <arg>0x40ea9f</arg>
  <arg>yes</arg>
  <severity>INFO</severity>
  <timestamp>Mon Dec 16 17:30:44 2024</timestamp>
</msg>
<msg id="9" tool="trc">
  <type>LOAD_MODULE</type>
  <arg>/lib64/ld-linux-x86-64.so.2</arg>
  <arg>0x7f32859bd000</arg>
  <arg>0x7f32859f62d7</arg>
  <arg>no</arg>
  <severity>INFO</severity>
  <timestamp>Mon Dec 16 17:30:44 2024</timestamp>
</msg>
<msg id="10" tool="trc">
  <type>LOAD_MODULE</type>
  <arg>[vdso]</arg>
  <arg>0x7fff0f8cb000</arg>
  <arg>0x7fff0f8cbce4</arg>
  <arg>no</arg>
  <severity>INFO</severity>
  <timestamp>Mon Dec 16 17:30:44 2024</timestamp>
</msg>
<msg id="11" tool="trc">
  <type>LOAD_MODULE</type>
  <arg>/lib/x86_64-linux-gnu/libm.so.6</arg>
  <arg>0x7f3270c80000</arg>
  <arg>0x7f3270d68017</arg>
  <arg>no</arg>
  <severity>INFO</severity>
  <timestamp>Mon Dec 16 17:30:45 2024</timestamp>
</msg>
<msg id="12" tool="trc">
  <type>LOAD_MODULE</type>
  <arg>/opt/intel/oneapi/compiler/2025.0/lib/libiomp5.so</arg>
  <arg>0x7f3270600000</arg>
  <arg>0x7f32709f7e6f</arg>
  <arg>yes</arg>
  <severity>INFO</severity>
  <timestamp>Mon Dec 16 17:30:45 2024</timestamp>
</msg>
<msg id="13" tool="trc">
  <type>LOAD_MODULE</type>
  <arg>/lib/x86_64-linux-gnu/libc.so.6</arg>
  <arg>0x7f32703ee000</arg>
  <arg>0x7f32705ffd8f</arg>
  <arg>no</arg>
  <severity>INFO</severity>
  <timestamp>Mon Dec 16 17:30:45 2024</timestamp>
</msg>
<msg id="14" tool="trc">
  <type>LOAD_MODULE</type>
  <arg>/lib/x86_64-linux-gnu/librt.so.1</arg>
  <arg>0x7f3270af0000</arg>
  <arg>0x7f3270af400f</arg>
  <arg>no</arg>
  <severity>INFO</severity>
  <timestamp>Mon Dec 16 17:30:45 2024</timestamp>
</msg>
<msg id="15" tool="trc">
  <type>LOAD_MODULE</type>
  <arg>/lib/x86_64-linux-gnu/libdl.so.2</arg>
  <arg>0x7f3270ae7000</arg>
  <arg>0x7f3270aeb00f</arg>
  <arg>no</arg>
  <severity>INFO</severity>
  <timestamp>Mon Dec 16 17:30:45 2024</timestamp>
</msg>
<msg id="16" tool="trc">
  <type>LOAD_MODULE</type>
  <arg>/lib/x86_64-linux-gnu/libpthread.so.0</arg>
  <arg>0x7f3270ae2000</arg>
  <arg>0x7f3270ae600f</arg>
  <arg>no</arg>
  <severity>INFO</severity>
  <timestamp>Mon Dec 16 17:30:45 2024</timestamp>
</msg>
<msg id="17" tool="trc">
  <type>UNLOAD_MODULE</type>
  <arg>/home/chris/high-performance-clowns/hw1/release/omp_homework</arg>
  <severity>INFO</severity>
  <timestamp>Mon Dec 16 17:31:22 2024</timestamp>
</msg>
<msg id="18" tool="trc">
  <type>UNLOAD_MODULE</type>
  <arg>/lib64/ld-linux-x86-64.so.2</arg>
  <severity>INFO</severity>
  <timestamp>Mon Dec 16 17:31:22 2024</timestamp>
</msg>
<msg id="19" tool="trc">
  <type>UNLOAD_MODULE</type>
  <arg>[vdso]</arg>
  <severity>INFO</severity>
  <timestamp>Mon Dec 16 17:31:22 2024</timestamp>
</msg>
<msg id="20" tool="trc">
  <type>UNLOAD_MODULE</type>
  <arg>/lib/x86_64-linux-gnu/libm.so.6</arg>
  <severity>INFO</severity>
  <timestamp>Mon Dec 16 17:31:22 2024</timestamp>
</msg>
<msg id="21" tool="trc">
  <type>UNLOAD_MODULE</type>
  <arg>/opt/intel/oneapi/compiler/2025.0/lib/libiomp5.so</arg>
  <severity>INFO</severity>
  <timestamp>Mon Dec 16 17:31:22 2024</timestamp>
</msg>
<msg id="22" tool="trc">
  <type>UNLOAD_MODULE</type>
  <arg>/lib/x86_64-linux-gnu/libc.so.6</arg>
  <severity>INFO</severity>
  <timestamp>Mon Dec 16 17:31:22 2024</timestamp>
</msg>
<msg id="23" tool="trc">
  <type>UNLOAD_MODULE</type>
  <arg>/lib/x86_64-linux-gnu/librt.so.1</arg>
  <severity>INFO</severity>
  <timestamp>Mon Dec 16 17:31:22 2024</timestamp>
</msg>
<msg id="24" tool="trc">
  <type>UNLOAD_MODULE</type>
  <arg>/lib/x86_64-linux-gnu/libdl.so.2</arg>
  <severity>INFO</severity>
  <timestamp>Mon Dec 16 17:31:22 2024</timestamp>
</msg>
<msg id="25" tool="trc">
  <type>UNLOAD_MODULE</type>
  <arg>/lib/x86_64-linux-gnu/libpthread.so.0</arg>
  <severity>INFO</severity>
  <timestamp>Mon Dec 16 17:31:22 2024</timestamp>
</msg>
<msg id="26" tool="trc">
  <type>PROCESS_FINISH</type>
  <arg>/home/chris/high-performance-clowns/hw1/release/omp_homework</arg>
  <arg>9508</arg>
  <arg>0x1</arg>
  <severity>INFO</severity>
  <timestamp>Mon Dec 16 17:31:22 2024</timestamp>
</msg>
<msg id="27" tool="runtool">
  <type>app-exit-code</type>
  <arg>1</arg>
</msg>
<msg id="28" tool="runtool">
  <type>marker-file</type>
  <arg>/home/chris/high-performance-clowns/hw1/e000/trc000/trc000.advixe</arg>
</msg>
<msg id="29" tool="runtool">
  <type>collector-done</type>
</msg>
<msg id="30" tool="runtool">
  <type>log-end</type>
  <arg>2024/12/16 17:31:26</arg>
</msg>

</log>

