1 [140508150376384] INFO perfrun.launcher <> - Launcher main begin
1 [140508150376384] INFO perfrun.launcher <> - MessageCatalogInit finished
2 [140508150376384] INFO perfrun.launcher <> - Launcher instance created
2 [140508150376384] INFO perfrun.launcher <> - argc = 6; cmdline = /opt/intel/oneapi/advisor/2025.0/bin64/advixe-runss -dump-vdso -r /home/chris/high-performance-clowns/mandelbrot/advisor/mandelbrot/e000/hs016 --tmp-dir /tmp/advixe-tmp-chris 
35 [140508150376384] INFO perfrun.launcher <> - create msngr2::ICliToolContext
35 [140508150376384] INFO perfrun.launcher <> - create file finder object
36 [140507997005504] INFO perfrun.launcher <> - plugin [remoteplug] was disabled because it doesn't support the given collection type.
36 [140507997005504] INFO perfrun.launcher <> - plugin [system] was disabled because it doesn't support the given collection type.
36 [140507997005504] INFO perfrun.vdso <> - dumping [vdso] pseudomodule
37 [140507997005504] INFO perfrun.launcher <> - plugin [itt] was disabled because it doesn't support the given collection type.
37 [140507997005504] INFO perfrun.launcher <> - plugin [] was disabled because it doesn't support the given collection type.
37 [140507997005504] INFO perfrun.launcher <> - plugin [gpu] was disabled because it doesn't support the given collection type.
37 [140507997005504] INFO perfrun.launcher <> - plugin [] was disabled because it doesn't support the given collection type.
37 [140507997005504] INFO perfrun.launcher <> - plugin [] was disabled because it doesn't support the given collection type.
37 [140507997005504] INFO perfrun.launcher <> - plugin [] was disabled because it doesn't support the given collection type.
37 [140507997005504] INFO perfrun.launcher <> - plugin [mrte] was disabled because it doesn't support the given collection type.
37 [140507997005504] INFO perfrun.launcher <> - plugin [] was disabled because it doesn't support the given collection type.
37 [140507997005504] INFO perfrun.launcher <> - plugin [] was disabled because it doesn't support the given collection type.
37 [140507997005504] INFO perfrun.launcher <> - plugin [] was disabled because it doesn't support the given collection type.
37 [140507997005504] INFO perfrun.launcher <> - plugin [] was disabled because it doesn't support the given collection type.
37 [140507997005504] INFO perfrun.launcher <> - plugin [] was disabled because it doesn't support the given collection type.
37 [140507997005504] INFO perfrun.launcher <> - plugin [] was disabled because it doesn't support the given collection type.
37 [140507997005504] INFO perfrun.launcher <> - plugin [] was disabled because it doesn't support the given collection type.
37 [140507997005504] INFO perfrun.launcher <> - plugin [tpss] was disabled because it doesn't support the given collection type.
37 [140507997005504] INFO perfrun.launcher <> - plugin [] was disabled because it doesn't support the given collection type.
37 [140507997005504] INFO perfrun.launcher <> - plugin [] was disabled because it doesn't support the given collection type.
37 [140507997005504] INFO perfrun.launcher <> - plugin [] was disabled because it doesn't support the given collection type.
37 [140507997005504] INFO perfrun.launcher <> - plugin [] was disabled because it doesn't support the given collection type.
37 [140507997005504] INFO perfrun.launcher <> - plugin [] was disabled because it doesn't support the given collection type.
37 [140507997005504] INFO perfrun.launcher <> - plugin [] was disabled because it doesn't support the given collection type.
37 [140507997005504] INFO perfrun.launcher <> - plugin [] was disabled because it doesn't support the given collection type.
37 [140507997005504] INFO perfrun.launcher <> - plugin [] was disabled because it doesn't support the given collection type.
37 [140507997005504] INFO perfrun.launcher <> - plugin [] was disabled because it doesn't support the given collection type.
37 [140508150376384] INFO perfrun.launcher <> - Application exit code: 0
37 [140508150376384] INFO perfrun.launcher <> - Exit code: 0
