Collection status has changed. 1
Collection has been started.
Collection has stopped. Application exit code:  255
Finalizing results
Finalizing the result
Clearing the database
The database has been cleared, elapsed time is 0.281 seconds.
Loading raw data to the database
Loading 'systemcollector-17228-sw206.sc' file
Loading '17228-17241.0.trace' file
Updating precomputed scalar metrics
Raw data has been loaded to the database, elapsed time is 0.471 seconds.
Processing profile metrics and debug information
Data transformations have been finished, elapsed time is 0.044 seconds.
Setting data model parameters
Resolving module symbols
Resolving information for `libc.so.6'
Resolving information for `mandelbrot'
Resolving bottom user stack information
Resolving thread name information
Resolving call target names for dynamic code
Symbol resolution has been finished, elapsed time is 0.382 seconds.
Processing profile metrics and debug information
Deferred data transformations have been finished, elapsed time is 0.015 seconds.
Setting data model parameters
Data model parameters have been set, elapsed time is 0.023 seconds.
Precomputing frequently used data
Precomputing frequently used data
Updating precomputed scalar metrics
Precomputing frequently used data has been finished, elapsed time is 0.281 seconds.
Discarding redundant overtime data
Saving the result
Redundant overtime data has been discarded, elapsed time is 0.012 seconds.
Raw collector data has been discarded, elapsed time is 0.000 seconds.
Finalizing the result took 1.576 seconds.
Preparing data for display of survey call tree
Resolving module symbols
Resolving information for dangling locations
Resolving bottom user stack information
Resolving thread name information
Resolving call target names for dynamic code
Precomputing frequently used data
